[1] "1"
 # of (max) trials per subject =  144 

[1] 0.375 0.125 0.500 0.250 0.750 0.675

SAMPLING FOR MODEL 'NonCentered_GenBeta_Linear_Social_RewSens_multi' NOW (CHAIN 3).

SAMPLING FOR MODEL '
NonCentered_GenBeta_Linear_Social_RewSens_multiSAMPLING' NOW (CHAIN  FOR MODEL '1NonCentered_GenBeta_Linear_Social_RewSens_multi).
' NOW (CHAIN 2).
Chain 3: 
Chain 3: Gradient evaluation took 0.129464 seconds
Chain 3: 1000 transitions using 10 leapfrog steps per transition would take 1294.64 seconds.
Chain 3: Adjust your expectations accordingly!
Chain 3: 
Chain 3: 
Chain Chain 12: : 

Chain Chain 12: : Gradient evaluation took 0.216602 secondsGradient evaluation took 0.21697 seconds

Chain Chain 12: : 1000 transitions using 10 leapfrog steps per transition would take 2166.02 seconds.1000 transitions using 10 leapfrog steps per transition would take 2169.7 seconds.

Chain Chain 12: : Adjust your expectations accordingly!Adjust your expectations accordingly!

Chain Chain 12: : 

Chain Chain 12: : 

Chain 3: Iteration:    1 / 2000 [  0%]  (Warmup)
Chain 1: Iteration:    1 / 2000 [  0%]  (Warmup)
Chain 2: Iteration:    1 / 2000 [  0%]  (Warmup)
Chain 3: Iteration:  200 / 2000 [ 10%]  (Warmup)
