[1] "4"
 # of (max) trials per subject =  144 

[1] 0.375 0.125 0.675 0.250 0.750 0.500

SAMPLING FOR MODEL 'NonCentered_GenBeta_Linear_Social_RiskSafe' NOW (CHAIN 3).

SAMPLING FOR MODEL 'NonCentered_GenBeta_Linear_Social_RiskSafe' NOW (CHAIN 1).

SAMPLING FOR MODEL 'NonCentered_GenBeta_Linear_Social_RiskSafe' NOW (CHAIN 2).
Chain 3: 
Chain 3: Gradient evaluation took 0.082848 seconds
Chain 3: 1000 transitions using 10 leapfrog steps per transition would take 828.48 seconds.
Chain 3: Adjust your expectations accordingly!
Chain 3: 
Chain 3: 
Chain 1: 
Chain Chain 21: : 
Gradient evaluation took 0.077767 secondsChain 
2Chain : 1Gradient evaluation took 0.077122 seconds: 
1000 transitions using 10 leapfrog steps per transition would take 777.67 seconds.Chain 
2Chain : 11000 transitions using 10 leapfrog steps per transition would take 771.22 seconds.: 
Adjust your expectations accordingly!Chain 
2Chain : 1Adjust your expectations accordingly!: 

Chain Chain 21: : 

Chain 2: 
Chain 3: Iteration:    1 / 2000 [  0%]  (Warmup)
Chain Chain 21: : Iteration:    1 / 2000 [  0%]  (Warmup)Iteration:    1 / 2000 [  0%]  (Warmup)

Chain 3: Iteration:  200 / 2000 [ 10%]  (Warmup)
Chain 3: Iteration:  400 / 2000 [ 20%]  (Warmup)
Chain 3: Iteration:  501 / 2000 [ 25%]  (Sampling)
Chain 1: Iteration:  200 / 2000 [ 10%]  (Warmup)
Chain 3: Iteration:  700 / 2000 [ 35%]  (Sampling)
Chain 1: Iteration:  400 / 2000 [ 20%]  (Warmup)
Chain 3: Iteration:  900 / 2000 [ 45%]  (Sampling)
Chain 3: Iteration: 1100 / 2000 [ 55%]  (Sampling)
Chain 1: Iteration:  501 / 2000 [ 25%]  (Sampling)
Chain 3: Iteration: 1300 / 2000 [ 65%]  (Sampling)
Chain 3: Iteration: 1500 / 2000 [ 75%]  (Sampling)
Chain 1: Iteration:  700 / 2000 [ 35%]  (Sampling)
Chain 3: Iteration: 1700 / 2000 [ 85%]  (Sampling)
