[1] "2"
 # of (max) trials per subject =  144 

[1] 0.125 0.250 0.675 0.750 0.375 0.500

SAMPLING
SAMPLING FOR MODEL ' FOR MODEL 'NonCentered_GenBeta_Linear_Social_RewSens_multi' NOW (CHAIN NonCentered_GenBeta_Linear_Social_RewSens_multi
3).
' NOW (CHAIN SAMPLING1 FOR MODEL ').
NonCentered_GenBeta_Linear_Social_RewSens_multi' NOW (CHAIN 2).
Chain 3: 
Chain 3: Gradient evaluation took 0.196301 seconds
Chain 3: 1000 transitions using 10 leapfrog steps per transition would take 1963.01 seconds.
Chain 3: Adjust your expectations accordingly!
Chain 3: 
Chain 3: 
Chain 1: 
Chain 1: Gradient evaluation took 0.191757 seconds
Chain 1: 1000 transitions using 10 leapfrog steps per transition would take 1917.57 seconds.
Chain 1: Adjust your expectations accordingly!Chain 
2Chain : 1
: Chain 
2Chain : 1Gradient evaluation took 0.193615 seconds: 

Chain 2: 1000 transitions using 10 leapfrog steps per transition would take 1936.15 seconds.
Chain 2: Adjust your expectations accordingly!
Chain 2: 
Chain 2: 
Chain 3: Iteration:    1 / 2000 [  0%]  (Warmup)
Chain 1: Iteration:    1 / 2000 [  0%]  (Warmup)
Chain 2: Iteration:    1 / 2000 [  0%]  (Warmup)
