[1] "1"
 # of (max) trials per subject =  144 

[1] 0.375 0.125 0.500 0.250 0.750 0.675

SAMPLING
 FOR MODEL 'NonCentered_GenBeta_Linear_Social_RiskSafeSAMPLING' NOW (CHAIN  FOR MODEL '1NonCentered_GenBeta_Linear_Social_RiskSafe' NOW (CHAIN ).
2).

SAMPLING FOR MODEL 'NonCentered_GenBeta_Linear_Social_RiskSafe' NOW (CHAIN 3).
Chain 2: 
Chain 2: Gradient evaluation took 0.079363 seconds
Chain 2: 1000 transitions using 10 leapfrog steps per transition would take 793.63 seconds.
Chain 2: Adjust your expectations accordingly!
Chain 2: 
Chain 2: 
Chain 1: 
Chain 1: Gradient evaluation took 0.114245 seconds
Chain 1: 1000 transitions using 10 leapfrog steps per transition would take 1142.45 seconds.Chain 
3Chain : 1
: Chain Adjust your expectations accordingly!3
: Chain Gradient evaluation took 0.112133 seconds1
: Chain 
3Chain : 1: 1000 transitions using 10 leapfrog steps per transition would take 1121.33 seconds.

Chain 3: Adjust your expectations accordingly!
Chain 3: 
Chain 3: 
Chain 2: Iteration:    1 / 2000 [  0%]  (Warmup)
Chain 1: Iteration:    1 / 2000 [  0%]  (Warmup)
Chain 3: Iteration:    1 / 2000 [  0%]  (Warmup)
Chain 1: Iteration:  200 / 2000 [ 10%]  (Warmup)
Chain 2: Iteration:  200 / 2000 [ 10%]  (Warmup)
