[1] "0"
 # of (max) trials per subject =  144 

[1] 0.250 0.750 0.375 0.500 0.675 0.125

SAMPLING FOR MODEL 'NonCentered_GenBeta_Linear_Social_RewSens_multi' NOW (CHAIN 3).

SAMPLING
 FOR MODEL 'SAMPLINGNonCentered_GenBeta_Linear_Social_RewSens_multi FOR MODEL '' NOW (CHAIN NonCentered_GenBeta_Linear_Social_RewSens_multi1' NOW (CHAIN ).
2).
Chain 3: 
Chain 3: Gradient evaluation took 0.16292 seconds
Chain 3: 1000 transitions using 10 leapfrog steps per transition would take 1629.2 seconds.
Chain 3: Adjust your expectations accordingly!
Chain 3: 
Chain 3: 
Chain Chain 21: : 

Chain Chain 21: : Gradient evaluation took 0.257314 secondsGradient evaluation took 0.257519 seconds

Chain Chain 21: : 1000 transitions using 10 leapfrog steps per transition would take 2573.14 seconds.1000 transitions using 10 leapfrog steps per transition would take 2575.19 seconds.

Chain Chain 21: : Adjust your expectations accordingly!Adjust your expectations accordingly!

Chain Chain 21: : 

Chain Chain 21: : 

Chain 3: Iteration:    1 / 2000 [  0%]  (Warmup)
Chain 2: Iteration:    1 / 2000 [  0%]  (Warmup)
Chain 1: Iteration:    1 / 2000 [  0%]  (Warmup)
Chain 3: Iteration:  200 / 2000 [ 10%]  (Warmup)
Chain 2: Iteration:  200 / 2000 [ 10%]  (Warmup)
Chain 1: Iteration:  200 / 2000 [ 10%]  (Warmup)
