── Attaching packages ─────────────────────────────────────── tidyverse 1.3.0 ──
✔ ggplot2 3.3.2     ✔ purrr   0.3.4
✔ tibble  3.0.3     ✔ dplyr   1.0.2
✔ tidyr   1.1.1     ✔ stringr 1.4.0
✔ readr   1.3.1     ✔ forcats 0.5.0
── Conflicts ────────────────────────────────────────── tidyverse_conflicts() ──
✖ dplyr::filter() masks stats::filter()
✖ dplyr::lag()    masks stats::lag()
Loading required package: StanHeaders
rstan (Version 2.21.2, GitRev: 2e1f913d3ca3)
For execution on a local, multicore CPU with excess RAM we recommend calling
options(mc.cores = parallel::detectCores()).
To avoid recompilation of unchanged Stan programs, we recommend calling
rstan_options(auto_write = TRUE)

Attaching package: ‘rstan’

The following object is masked from ‘package:tidyr’:

    extract

Warning message:
NAs introduced by coercion 
Warning message:
NAs introduced by coercion 
DIAGNOSTIC(S) FROM PARSER:
Info: Comments beginning with # are deprecated.  Please use // in place of # for line comments.

Error in compileCode(f, code, language = language, verbose = verbose) : 
  Compilation ERROR, function(s)/method(s) not created! In file included from /mnt/beegfs/home/ciranka/R/x86_64-pc-linux-gnu-library/4.0/RcppEigen/include/Eigen/Core:392:0,
                 from /mnt/beegfs/home/ciranka/R/x86_64-pc-linux-gnu-library/4.0/RcppEigen/include/Eigen/Dense:1,
                 from /mnt/beegfs/home/ciranka/R/x86_64-pc-linux-gnu-library/4.0/StanHeaders/include/stan/math/prim/mat/fun/Eigen.hpp:13,
                 from <command-line>:0:
/mnt/beegfs/home/ciranka/R/x86_64-pc-linux-gnu-library/4.0/RcppEigen/include/Eigen/src/Core/arch/SSE/PacketMath.h:60:39: warning: ignoring attributes on template argument ‘__m128 {aka __vector(4) float}’ [-Wignored-attributes]
 template<> struct is_arithmetic<__m128>  { enum { value = true }; };
                                       ^
/mnt/beegfs/home/ciranka/R/x86_64-pc-linux-gnu-library/4.0/RcppEigen/include/Eigen/src/Core/arch/SSE/PacketMath.h:61:40: warning: ignoring attributes on template argument ‘__m128i {ak
Calls: stan ... cxxfunctionplus -> <Anonymous> -> cxxfunction -> compileCode
In addition: Warning message:
In system(cmd, intern = !verbose) :
  running command '/opt/software/R/4.0.2/lib/R/bin/R CMD SHLIB file5cf92c161c3.cpp 2> file5cf92c161c3.cpp.err.txt' had status 1
Error in sink(type = "output") : invalid connection
Calls: stan -> stan_model -> cxxfunctionplus -> sink
Execution halted
