── Attaching packages ─────────────────────────────────────── tidyverse 1.3.0 ──
✔ ggplot2 3.3.2     ✔ purrr   0.3.4
✔ tibble  3.0.3     ✔ dplyr   1.0.2
✔ tidyr   1.1.1     ✔ stringr 1.4.0
✔ readr   1.3.1     ✔ forcats 0.5.0
── Conflicts ────────────────────────────────────────── tidyverse_conflicts() ──
✖ dplyr::filter() masks stats::filter()
✖ dplyr::lag()    masks stats::lag()
Loading required package: StanHeaders
rstan (Version 2.21.2, GitRev: 2e1f913d3ca3)
For execution on a local, multicore CPU with excess RAM we recommend calling
options(mc.cores = parallel::detectCores()).
To avoid recompilation of unchanged Stan programs, we recommend calling
rstan_options(auto_write = TRUE)

Attaching package: ‘rstan’

The following object is masked from ‘package:tidyr’:

    extract

Warning message:
NAs introduced by coercion 
Warning message:
NAs introduced by coercion 
DIAGNOSTIC(S) FROM PARSER:
Info: Comments beginning with # are deprecated.  Please use // in place of # for line comments.

Error in compileCode(f, code, language = language, verbose = verbose) : 
  Compilation ERROR, function(s)/method(s) not created! 
Calls: stan ... cxxfunctionplus -> <Anonymous> -> cxxfunction -> compileCode
In addition: Warning message:
In system(cmd, intern = !verbose) :
  running command '/opt/software/R/4.0.2/lib/R/bin/R CMD SHLIB file3ad77e66ca8a.cpp 2> file3ad77e66ca8a.cpp.err.txt' had status 1
Error in sink(type = "output") : invalid connection
Calls: stan -> stan_model -> cxxfunctionplus -> sink
Execution halted
