[1] "1"
 # of (max) trials per subject =  144 

[1] 0.375 0.125 0.500 0.250 0.750 0.675

SAMPLING FOR MODEL 'NonCentered_GenBeta_Linear_Social_RiskSafe' NOW (CHAIN 3).


SAMPLINGSAMPLING FOR MODEL ' FOR MODEL 'NonCentered_GenBeta_Linear_Social_RiskSafeNonCentered_GenBeta_Linear_Social_RiskSafe' NOW (CHAIN ' NOW (CHAIN 12).
).
Chain 3: 
Chain 3: Gradient evaluation took 0.052109 seconds
Chain 3: 1000 transitions using 10 leapfrog steps per transition would take 521.09 seconds.
Chain 3: Adjust your expectations accordingly!
Chain 3: 
Chain 3: 
Chain Chain 21: : 

Chain Chain 21: : Gradient evaluation took 0.072918 secondsGradient evaluation took 0.072777 seconds

Chain Chain 21: : 1000 transitions using 10 leapfrog steps per transition would take 729.18 seconds.1000 transitions using 10 leapfrog steps per transition would take 727.77 seconds.

Chain 1Chain 2: : Adjust your expectations accordingly!Adjust your expectations accordingly!
Chain 
2: Chain 
Chain 12: : 

Chain 1: 
Chain 3: Iteration:    1 / 2000 [  0%]  (Warmup)
Chain 1: Iteration:    1 / 2000 [  0%]  (Warmup)
Chain 2: Iteration:    1 / 2000 [  0%]  (Warmup)
