[1] "3"
 # of (max) trials per subject =  132 

[1] 0.500 0.375 0.125 0.675 0.250 0.750

SAMPLING FOR MODEL 'NonCentered_GenBeta_Linear_Social_RiskSafe_multi' NOW (CHAIN 3).

SAMPLING FOR MODEL '
NonCentered_GenBeta_Linear_Social_RiskSafe_multiSAMPLING' NOW (CHAIN  FOR MODEL '1NonCentered_GenBeta_Linear_Social_RiskSafe_multi).
' NOW (CHAIN 2).
Chain 3: 
Chain 3: Gradient evaluation took 0.044507 seconds
Chain 3: 1000 transitions using 10 leapfrog steps per transition would take 445.07 seconds.
Chain 3: Adjust your expectations accordingly!
Chain 3: 
Chain 3: 
Chain Chain 21: : 

Chain Chain 21: : Gradient evaluation took 0.060825 secondsGradient evaluation took 0.060838 seconds

Chain Chain 21: : 1000 transitions using 10 leapfrog steps per transition would take 608.25 seconds.1000 transitions using 10 leapfrog steps per transition would take 608.38 seconds.

Chain Chain 21: : Adjust your expectations accordingly!Adjust your expectations accordingly!

Chain Chain 21: : 

Chain Chain 21: : 

Chain 3: Iteration:    1 / 2000 [  0%]  (Warmup)
Chain Chain 12: : Iteration:    1 / 2000 [  0%]  (Warmup)Iteration:    1 / 2000 [  0%]  (Warmup)

Chain 3: Iteration:  200 / 2000 [ 10%]  (Warmup)
Chain 2: Iteration:  200 / 2000 [ 10%]  (Warmup)
Chain 3: Iteration:  400 / 2000 [ 20%]  (Warmup)
Chain 1: Iteration:  200 / 2000 [ 10%]  (Warmup)
Chain 3: Iteration:  501 / 2000 [ 25%]  (Sampling)
Chain 2: Iteration:  400 / 2000 [ 20%]  (Warmup)
Chain 3: Iteration:  700 / 2000 [ 35%]  (Sampling)
Chain 1: Iteration:  400 / 2000 [ 20%]  (Warmup)
Chain 2: Iteration:  501 / 2000 [ 25%]  (Sampling)
Chain 3: Iteration:  900 / 2000 [ 45%]  (Sampling)
Chain 1: Iteration:  501 / 2000 [ 25%]  (Sampling)
Chain 2: Iteration:  700 / 2000 [ 35%]  (Sampling)
Chain 3: Iteration: 1100 / 2000 [ 55%]  (Sampling)
Chain 2: Iteration:  900 / 2000 [ 45%]  (Sampling)
Chain 3: Iteration: 1300 / 2000 [ 65%]  (Sampling)
Chain 1: Iteration:  700 / 2000 [ 35%]  (Sampling)
Chain 2: Iteration: 1100 / 2000 [ 55%]  (Sampling)
Chain 3: Iteration: 1500 / 2000 [ 75%]  (Sampling)
Chain 3: Iteration: 1700 / 2000 [ 85%]  (Sampling)
Chain 2: Iteration: 1300 / 2000 [ 65%]  (Sampling)
Chain 1: Iteration:  900 / 2000 [ 45%]  (Sampling)
Chain 3: Iteration: 1900 / 2000 [ 95%]  (Sampling)
Chain 3: Iteration: 2000 / 2000 [100%]  (Sampling)
Chain 3: 
Chain 3:  Elapsed Time: 12468.4 seconds (Warm-up)
Chain 3:                20663.1 seconds (Sampling)
Chain 3:                33131.5 seconds (Total)
Chain 3: 
Chain 2: Iteration: 1500 / 2000 [ 75%]  (Sampling)
Chain 2: Iteration: 1700 / 2000 [ 85%]  (Sampling)
Chain 1: Iteration: 1100 / 2000 [ 55%]  (Sampling)
Chain 2: Iteration: 1900 / 2000 [ 95%]  (Sampling)
Chain 2: Iteration: 2000 / 2000 [100%]  (Sampling)
Chain 2: 
Chain 2:  Elapsed Time: 18151.6 seconds (Warm-up)
Chain 2:                20929.2 seconds (Sampling)
Chain 2:                39080.8 seconds (Total)
Chain 2: 
Chain 1: Iteration: 1300 / 2000 [ 65%]  (Sampling)
Chain 1: Iteration: 1500 / 2000 [ 75%]  (Sampling)
Chain 1: Iteration: 1700 / 2000 [ 85%]  (Sampling)
Chain 1: Iteration: 1900 / 2000 [ 95%]  (Sampling)
Chain 1: Iteration: 2000 / 2000 [100%]  (Sampling)
Chain 1: 
Chain 1:  Elapsed Time: 19861 seconds (Warm-up)
Chain 1:                36332.3 seconds (Sampling)
Chain 1:                56193.2 seconds (Total)
Chain 1: 
