[1] "4"
 # of (max) trials per subject =  132 

[1] 0.375 0.125 0.675 0.250 0.750 0.500

SAMPLING FOR MODEL 'NonCentered_GenBeta_Linear_Social_Trembl_multi' NOW (CHAIN 1).

SAMPLING FOR MODEL 'NonCentered_GenBeta_Linear_Social_Trembl_multi' NOW (CHAIN 3
).
SAMPLING FOR MODEL 'NonCentered_GenBeta_Linear_Social_Trembl_multi' NOW (CHAIN 2).
Chain 1: 
Chain 1: Gradient evaluation took 0.029564 seconds
Chain 1: 1000 transitions using 10 leapfrog steps per transition would take 295.64 seconds.
Chain 1: Adjust your expectations accordingly!
Chain 1: 
Chain 1: 
Chain Chain 23: : 

Chain Chain 23: : Gradient evaluation took 0.040899 secondsGradient evaluation took 0.040893 seconds

Chain Chain 23: : 1000 transitions using 10 leapfrog steps per transition would take 408.99 seconds.1000 transitions using 10 leapfrog steps per transition would take 408.93 seconds.

Chain Chain 23: : Adjust your expectations accordingly!Adjust your expectations accordingly!

Chain Chain 32: : 

Chain Chain 32: : 

Chain 1: Iteration:    1 / 2000 [  0%]  (Warmup)
Chain 3: Iteration:    1 / 2000 [  0%]  (Warmup)
Chain 2: Iteration:    1 / 2000 [  0%]  (Warmup)
Chain 2: Iteration:  200 / 2000 [ 10%]  (Warmup)
Chain 1: Iteration:  200 / 2000 [ 10%]  (Warmup)
Chain 3: Iteration:  200 / 2000 [ 10%]  (Warmup)
Chain 2: Iteration:  400 / 2000 [ 20%]  (Warmup)
Chain 1: Iteration:  400 / 2000 [ 20%]  (Warmup)
Chain 3: Iteration:  400 / 2000 [ 20%]  (Warmup)
Chain 2: Iteration:  501 / 2000 [ 25%]  (Sampling)
Chain 1: Iteration:  501 / 2000 [ 25%]  (Sampling)
Chain 3: Iteration:  501 / 2000 [ 25%]  (Sampling)
Chain 3: Iteration:  700 / 2000 [ 35%]  (Sampling)
Chain 1: Iteration:  700 / 2000 [ 35%]  (Sampling)
Chain 2: Iteration:  700 / 2000 [ 35%]  (Sampling)
Chain 3: Iteration:  900 / 2000 [ 45%]  (Sampling)
Chain 3: Iteration: 1100 / 2000 [ 55%]  (Sampling)
Chain 3: Iteration: 1300 / 2000 [ 65%]  (Sampling)
Chain 3: Iteration: 1500 / 2000 [ 75%]  (Sampling)
Chain 3: Iteration: 1700 / 2000 [ 85%]  (Sampling)
Chain 2: Iteration:  900 / 2000 [ 45%]  (Sampling)
Chain 3: Iteration: 1900 / 2000 [ 95%]  (Sampling)
Chain 3: Iteration: 2000 / 2000 [100%]  (Sampling)
Chain 3: 
Chain 3:  Elapsed Time: 745.03 seconds (Warm-up)
Chain 3:                491.923 seconds (Sampling)
Chain 3:                1236.95 seconds (Total)
Chain 3: 
Chain 1: Iteration:  900 / 2000 [ 45%]  (Sampling)
Chain 2: Iteration: 1100 / 2000 [ 55%]  (Sampling)
Chain 2: Iteration: 1300 / 2000 [ 65%]  (Sampling)
Chain 1: Iteration: 1100 / 2000 [ 55%]  (Sampling)
Chain 2: Iteration: 1500 / 2000 [ 75%]  (Sampling)
Chain 2: Iteration: 1700 / 2000 [ 85%]  (Sampling)
Chain 1: Iteration: 1300 / 2000 [ 65%]  (Sampling)
Chain 2: Iteration: 1900 / 2000 [ 95%]  (Sampling)
Chain 2: Iteration: 2000 / 2000 [100%]  (Sampling)
Chain 2: 
Chain 2:  Elapsed Time: 608.675 seconds (Warm-up)
Chain 2:                1925.36 seconds (Sampling)
Chain 2:                2534.04 seconds (Total)
Chain 2: 
Chain 1: Iteration: 1500 / 2000 [ 75%]  (Sampling)
Chain 1: Iteration: 1700 / 2000 [ 85%]  (Sampling)
Chain 1: Iteration: 1900 / 2000 [ 95%]  (Sampling)
Chain 1: Iteration: 2000 / 2000 [100%]  (Sampling)
Chain 1: 
Chain 1:  Elapsed Time: 675.501 seconds (Warm-up)
Chain 1:                3630.54 seconds (Sampling)
Chain 1:                4306.04 seconds (Total)
Chain 1: 
