[1] "3"
 # of (max) trials per subject =  132 

[1] 0.500 0.375 0.125 0.675 0.250 0.750

SAMPLING FOR MODEL 'NonCentered_GenBeta_Linear_Social' NOW (CHAIN 3).

SAMPLING FOR MODEL 'NonCentered_GenBeta_Linear_Social' NOW (CHAIN 
1SAMPLING).
 FOR MODEL 'NonCentered_GenBeta_Linear_Social' NOW (CHAIN 2).
Chain 3: 
Chain 3: Gradient evaluation took 0.026111 seconds
Chain 3: 1000 transitions using 10 leapfrog steps per transition would take 261.11 seconds.
Chain 3: Adjust your expectations accordingly!
Chain 3: 
Chain 3: 
Chain Chain 21: : 

Chain Chain 21: : Gradient evaluation took 0.034993 secondsGradient evaluation took 0.034834 seconds

Chain Chain 21: : 1000 transitions using 10 leapfrog steps per transition would take 349.93 seconds.1000 transitions using 10 leapfrog steps per transition would take 348.34 seconds.

Chain Chain 21: : Adjust your expectations accordingly!Adjust your expectations accordingly!

Chain Chain 21: : 

Chain Chain 21: : 

Chain 3: Iteration:    1 / 2000 [  0%]  (Warmup)
Chain 2Chain : 1Iteration:    1 / 2000 [  0%]  (Warmup): 
Iteration:    1 / 2000 [  0%]  (Warmup)
Chain 1: Iteration:  200 / 2000 [ 10%]  (Warmup)
Chain 2: Iteration:  200 / 2000 [ 10%]  (Warmup)
Chain 1: Iteration:  400 / 2000 [ 20%]  (Warmup)
Chain 2: Iteration:  400 / 2000 [ 20%]  (Warmup)
Chain 1: Iteration:  501 / 2000 [ 25%]  (Sampling)
Chain 2: Iteration:  501 / 2000 [ 25%]  (Sampling)
Chain 1: Iteration:  700 / 2000 [ 35%]  (Sampling)
Chain 3: Iteration:  200 / 2000 [ 10%]  (Warmup)
Chain 2: Iteration:  700 / 2000 [ 35%]  (Sampling)
Chain 1: Iteration:  900 / 2000 [ 45%]  (Sampling)
Chain 2: Iteration:  900 / 2000 [ 45%]  (Sampling)
Chain 3: Iteration:  400 / 2000 [ 20%]  (Warmup)
Chain 3: Iteration:  501 / 2000 [ 25%]  (Sampling)
Chain 1: Iteration: 1100 / 2000 [ 55%]  (Sampling)
Chain 2: Iteration: 1100 / 2000 [ 55%]  (Sampling)
Chain 3: Iteration:  700 / 2000 [ 35%]  (Sampling)
Chain 1: Iteration: 1300 / 2000 [ 65%]  (Sampling)
Chain 2: Iteration: 1300 / 2000 [ 65%]  (Sampling)
Chain 3: Iteration:  900 / 2000 [ 45%]  (Sampling)
Chain 1: Iteration: 1500 / 2000 [ 75%]  (Sampling)
Chain 2: Iteration: 1500 / 2000 [ 75%]  (Sampling)
Chain 3: Iteration: 1100 / 2000 [ 55%]  (Sampling)
Chain 1: Iteration: 1700 / 2000 [ 85%]  (Sampling)
Chain 2: Iteration: 1700 / 2000 [ 85%]  (Sampling)
Chain 3: Iteration: 1300 / 2000 [ 65%]  (Sampling)
Chain 1: Iteration: 1900 / 2000 [ 95%]  (Sampling)
Chain 2: Iteration: 1900 / 2000 [ 95%]  (Sampling)
Chain 2: Iteration: 2000 / 2000 [100%]  (Sampling)
Chain 2: 
Chain 2:  Elapsed Time: 5637.94 seconds (Warm-up)
Chain 2:                9979.25 seconds (Sampling)
Chain 2:                15617.2 seconds (Total)
Chain 2: 
Chain 1: Iteration: 2000 / 2000 [100%]  (Sampling)
Chain 1: 
Chain 1:  Elapsed Time: 5432.99 seconds (Warm-up)
Chain 1:                10204.1 seconds (Sampling)
Chain 1:                15637.1 seconds (Total)
Chain 1: 
Chain 3: Iteration: 1500 / 2000 [ 75%]  (Sampling)
Chain 3: Iteration: 1700 / 2000 [ 85%]  (Sampling)
Chain 3: Iteration: 1900 / 2000 [ 95%]  (Sampling)
Chain 3: Iteration: 2000 / 2000 [100%]  (Sampling)
Chain 3: 
Chain 3:  Elapsed Time: 9436.54 seconds (Warm-up)
Chain 3:                8796.23 seconds (Sampling)
Chain 3:                18232.8 seconds (Total)
Chain 3: 
