[1] "4"
 # of (max) trials per subject =  132 

[1] 0.375 0.125 0.675 0.250 0.750 0.500

SAMPLING FOR MODEL 'NonCentered_GenBeta_Linear_Social_RewSens_multi' NOW (CHAIN 3).


SAMPLINGSAMPLING FOR MODEL ' FOR MODEL 'NonCentered_GenBeta_Linear_Social_RewSens_multiNonCentered_GenBeta_Linear_Social_RewSens_multi' NOW (CHAIN ' NOW (CHAIN 21).
).
Chain 3: 
Chain 3: Gradient evaluation took 0.03266 seconds
Chain 3: 1000 transitions using 10 leapfrog steps per transition would take 326.6 seconds.
Chain 3: Adjust your expectations accordingly!
Chain 3: 
Chain 3: 
Chain Chain 12: : 

Chain Chain 12: : Gradient evaluation took 0.047077 secondsGradient evaluation took 0.047076 seconds

Chain Chain 12: : 1000 transitions using 10 leapfrog steps per transition would take 470.77 seconds.1000 transitions using 10 leapfrog steps per transition would take 470.76 seconds.

Chain Chain 12: : Adjust your expectations accordingly!Adjust your expectations accordingly!

Chain Chain 12: : 

Chain Chain 12: : 

Chain 3: Iteration:    1 / 2000 [  0%]  (Warmup)
Chain Chain 12: : Iteration:    1 / 2000 [  0%]  (Warmup)Iteration:    1 / 2000 [  0%]  (Warmup)

Chain 1: Iteration:  200 / 2000 [ 10%]  (Warmup)
Chain 2: Iteration:  200 / 2000 [ 10%]  (Warmup)
Chain 3: Iteration:  200 / 2000 [ 10%]  (Warmup)
Chain 1: Iteration:  400 / 2000 [ 20%]  (Warmup)
Chain 2: Iteration:  400 / 2000 [ 20%]  (Warmup)
Chain 1: Iteration:  501 / 2000 [ 25%]  (Sampling)
Chain 2: Iteration:  501 / 2000 [ 25%]  (Sampling)
Chain 3: Iteration:  400 / 2000 [ 20%]  (Warmup)
Chain 3: Iteration:  501 / 2000 [ 25%]  (Sampling)
Chain 2: Iteration:  700 / 2000 [ 35%]  (Sampling)
Chain 1: Iteration:  700 / 2000 [ 35%]  (Sampling)
Chain 3: Iteration:  700 / 2000 [ 35%]  (Sampling)
Chain 2: Iteration:  900 / 2000 [ 45%]  (Sampling)
Chain 3: Iteration:  900 / 2000 [ 45%]  (Sampling)
Chain 1: Iteration:  900 / 2000 [ 45%]  (Sampling)
Chain 3: Iteration: 1100 / 2000 [ 55%]  (Sampling)
Chain 2: Iteration: 1100 / 2000 [ 55%]  (Sampling)
Chain 3: Iteration: 1300 / 2000 [ 65%]  (Sampling)
Chain 1: Iteration: 1100 / 2000 [ 55%]  (Sampling)
Chain 2: Iteration: 1300 / 2000 [ 65%]  (Sampling)
Chain 3: Iteration: 1500 / 2000 [ 75%]  (Sampling)
Chain 3: Iteration: 1700 / 2000 [ 85%]  (Sampling)
Chain 1: Iteration: 1300 / 2000 [ 65%]  (Sampling)
Chain 2: Iteration: 1500 / 2000 [ 75%]  (Sampling)
Chain 3: Iteration: 1900 / 2000 [ 95%]  (Sampling)
Chain 3: Iteration: 2000 / 2000 [100%]  (Sampling)
Chain 3: 
Chain 3:  Elapsed Time: 10058.1 seconds (Warm-up)
Chain 3:                8042.92 seconds (Sampling)
Chain 3:                18101 seconds (Total)
Chain 3: 
Chain 2: Iteration: 1700 / 2000 [ 85%]  (Sampling)
Chain 1: Iteration: 1500 / 2000 [ 75%]  (Sampling)
Chain 2: Iteration: 1900 / 2000 [ 95%]  (Sampling)
Chain 1: Iteration: 1700 / 2000 [ 85%]  (Sampling)
Chain 2: Iteration: 2000 / 2000 [100%]  (Sampling)
Chain 2: 
Chain 2:  Elapsed Time: 8812.75 seconds (Warm-up)
Chain 2:                11563.7 seconds (Sampling)
Chain 2:                20376.5 seconds (Total)
Chain 2: 
Chain 1: Iteration: 1900 / 2000 [ 95%]  (Sampling)
Chain 1: Iteration: 2000 / 2000 [100%]  (Sampling)
Chain 1: 
Chain 1:  Elapsed Time: 8753.33 seconds (Warm-up)
Chain 1:                13760.4 seconds (Sampling)
Chain 1:                22513.7 seconds (Total)
Chain 1: 
