[1] "1"
 # of (max) trials per subject =  132 

[1] 0.375 0.125 0.500 0.250 0.750 0.675

SAMPLING FOR MODEL 'NonCentered_GenBeta_Linear_Social' NOW (CHAIN 3).

SAMPLING FOR MODEL 'NonCentered_GenBeta_Linear_Social' NOW (CHAIN 1).

SAMPLING FOR MODEL 'NonCentered_GenBeta_Linear_Social' NOW (CHAIN 2).
Chain 3: 
Chain 3: Gradient evaluation took 0.04243 seconds
Chain 3: 1000 transitions using 10 leapfrog steps per transition would take 424.3 seconds.
Chain 3: Adjust your expectations accordingly!
Chain 3: 
Chain 3: 
Chain 1: Chain 
2Chain : 1
: Chain Gradient evaluation took 0.053131 seconds2
: Chain Gradient evaluation took 0.052576 seconds1
: Chain 1000 transitions using 10 leapfrog steps per transition would take 531.31 seconds.2
: Chain 1000 transitions using 10 leapfrog steps per transition would take 525.76 seconds.1
: Chain Adjust your expectations accordingly!2
: Chain Adjust your expectations accordingly!1
: Chain 
2Chain : 1
: Chain 
2: 
Chain 3: Iteration:    1 / 2000 [  0%]  (Warmup)
Chain 2Chain : 1Iteration:    1 / 2000 [  0%]  (Warmup): 
Iteration:    1 / 2000 [  0%]  (Warmup)
Chain 3: Iteration:  200 / 2000 [ 10%]  (Warmup)
Chain 1: Iteration:  200 / 2000 [ 10%]  (Warmup)
Chain 3: Iteration:  400 / 2000 [ 20%]  (Warmup)
Chain 1: Iteration:  400 / 2000 [ 20%]  (Warmup)
Chain 2: Iteration:  200 / 2000 [ 10%]  (Warmup)
Chain 3: Iteration:  501 / 2000 [ 25%]  (Sampling)
Chain 1: Iteration:  501 / 2000 [ 25%]  (Sampling)
Chain 2: Iteration:  400 / 2000 [ 20%]  (Warmup)
Chain 3: Iteration:  700 / 2000 [ 35%]  (Sampling)
Chain 1: Iteration:  700 / 2000 [ 35%]  (Sampling)
Chain 2: Iteration:  501 / 2000 [ 25%]  (Sampling)
Chain 3: Iteration:  900 / 2000 [ 45%]  (Sampling)
Chain 1: Iteration:  900 / 2000 [ 45%]  (Sampling)
Chain 2: Iteration:  700 / 2000 [ 35%]  (Sampling)
Chain 3: Iteration: 1100 / 2000 [ 55%]  (Sampling)
Chain 1: Iteration: 1100 / 2000 [ 55%]  (Sampling)
Chain 2: Iteration:  900 / 2000 [ 45%]  (Sampling)
Chain 3: Iteration: 1300 / 2000 [ 65%]  (Sampling)
Chain 1: Iteration: 1300 / 2000 [ 65%]  (Sampling)
Chain 2: Iteration: 1100 / 2000 [ 55%]  (Sampling)
Chain 3: Iteration: 1500 / 2000 [ 75%]  (Sampling)
Chain 1: Iteration: 1500 / 2000 [ 75%]  (Sampling)
Chain 2: Iteration: 1300 / 2000 [ 65%]  (Sampling)
Chain 3: Iteration: 1700 / 2000 [ 85%]  (Sampling)
Chain 1: Iteration: 1700 / 2000 [ 85%]  (Sampling)
Chain 2: Iteration: 1500 / 2000 [ 75%]  (Sampling)
Chain 3: Iteration: 1900 / 2000 [ 95%]  (Sampling)
Chain 1: Iteration: 1900 / 2000 [ 95%]  (Sampling)
Chain 2: Iteration: 1700 / 2000 [ 85%]  (Sampling)
Chain 3: Iteration: 2000 / 2000 [100%]  (Sampling)
Chain 3: 
Chain 3:  Elapsed Time: 10257.3 seconds (Warm-up)
Chain 3:                26550.2 seconds (Sampling)
Chain 3:                36807.5 seconds (Total)
Chain 3: 
Chain 1: Iteration: 2000 / 2000 [100%]  (Sampling)
Chain 1: 
Chain 1:  Elapsed Time: 10473.5 seconds (Warm-up)
Chain 1:                26455 seconds (Sampling)
Chain 1:                36928.5 seconds (Total)
Chain 1: 
Chain 2: Iteration: 1900 / 2000 [ 95%]  (Sampling)
Chain 2: Iteration: 2000 / 2000 [100%]  (Sampling)
Chain 2: 
Chain 2:  Elapsed Time: 14549.2 seconds (Warm-up)
Chain 2:                26307.4 seconds (Sampling)
Chain 2:                40856.6 seconds (Total)
Chain 2: 
