[1] "1"
 # of (max) trials per subject =  132 

[1] 0.375 0.125 0.500 0.250 0.750 0.675

SAMPLING FOR MODEL 'NonCentered_GenBeta_Linear_Social_Trembl_multi' NOW (CHAIN 2).

SAMPLING FOR MODEL 'NonCentered_GenBeta_Linear_Social_Trembl_multi' NOW (CHAIN 1).

SAMPLING FOR MODEL 'NonCentered_GenBeta_Linear_Social_Trembl_multi' NOW (CHAIN 3).
Chain 2: 
Chain 2: Gradient evaluation took 0.066799 seconds
Chain 2: 1000 transitions using 10 leapfrog steps per transition would take 667.99 seconds.
Chain 2: Adjust your expectations accordingly!
Chain 2: 
Chain 2: 
Chain 1: 
Chain 1: Gradient evaluation took 0.086658 seconds
Chain 1Chain : 31000 transitions using 10 leapfrog steps per transition would take 866.58 seconds.: 

Chain Chain 13: : Adjust your expectations accordingly!Gradient evaluation took 0.086314 seconds

Chain Chain 13: : 
1000 transitions using 10 leapfrog steps per transition would take 863.14 seconds.Chain 
1Chain : 3
: Adjust your expectations accordingly!
Chain 3: 
Chain 3: 
Chain 2: Iteration:    1 / 2000 [  0%]  (Warmup)
Chain 1: Iteration:    1 / 2000 [  0%]  (Warmup)
Chain 3: Iteration:    1 / 2000 [  0%]  (Warmup)
Chain 3: Iteration:  200 / 2000 [ 10%]  (Warmup)
Chain 2: Iteration:  200 / 2000 [ 10%]  (Warmup)
Chain 3: Iteration:  400 / 2000 [ 20%]  (Warmup)
Chain 2: Iteration:  400 / 2000 [ 20%]  (Warmup)
Chain 2: Iteration:  501 / 2000 [ 25%]  (Sampling)
Chain 3: Iteration:  501 / 2000 [ 25%]  (Sampling)
Chain 3: Iteration:  700 / 2000 [ 35%]  (Sampling)
Chain 2: Iteration:  700 / 2000 [ 35%]  (Sampling)
Chain 3: Iteration:  900 / 2000 [ 45%]  (Sampling)
Chain 3: Iteration: 1100 / 2000 [ 55%]  (Sampling)
Chain 3: Iteration: 1300 / 2000 [ 65%]  (Sampling)
Chain 3: Iteration: 1500 / 2000 [ 75%]  (Sampling)
Chain 3: Iteration: 1700 / 2000 [ 85%]  (Sampling)
Chain 3: Iteration: 1900 / 2000 [ 95%]  (Sampling)
Chain 2: Iteration:  900 / 2000 [ 45%]  (Sampling)
Chain 3: Iteration: 2000 / 2000 [100%]  (Sampling)
Chain 3: 
Chain 3:  Elapsed Time: 1145.93 seconds (Warm-up)
Chain 3:                1037.97 seconds (Sampling)
Chain 3:                2183.91 seconds (Total)
Chain 3: 
Chain 2: Iteration: 1100 / 2000 [ 55%]  (Sampling)
Chain 2: Iteration: 1300 / 2000 [ 65%]  (Sampling)
Chain 2: Iteration: 1500 / 2000 [ 75%]  (Sampling)
Chain 2: Iteration: 1700 / 2000 [ 85%]  (Sampling)
Chain 2: Iteration: 1900 / 2000 [ 95%]  (Sampling)
Chain 2: Iteration: 2000 / 2000 [100%]  (Sampling)
Chain 2: 
Chain 2:  Elapsed Time: 1049.11 seconds (Warm-up)
Chain 2:                3230.35 seconds (Sampling)
Chain 2:                4279.46 seconds (Total)
Chain 2: 
Chain 1: Iteration:  200 / 2000 [ 10%]  (Warmup)
Chain 1: Iteration:  400 / 2000 [ 20%]  (Warmup)
Chain 1: Iteration:  501 / 2000 [ 25%]  (Sampling)
Chain 1: Iteration:  700 / 2000 [ 35%]  (Sampling)
Chain 1: Iteration:  900 / 2000 [ 45%]  (Sampling)
Chain 1: Iteration: 1100 / 2000 [ 55%]  (Sampling)
Chain 1: Iteration: 1300 / 2000 [ 65%]  (Sampling)
Chain 1: Iteration: 1500 / 2000 [ 75%]  (Sampling)
Chain 1: Iteration: 1700 / 2000 [ 85%]  (Sampling)
Chain 1: Iteration: 1900 / 2000 [ 95%]  (Sampling)
Chain 1: Iteration: 2000 / 2000 [100%]  (Sampling)
Chain 1: 
Chain 1:  Elapsed Time: 7092.15 seconds (Warm-up)
Chain 1:                30200.3 seconds (Sampling)
Chain 1:                37292.5 seconds (Total)
Chain 1: 
