[1] "3"
 # of (max) trials per subject =  132 

[1] 0.500 0.375 0.125 0.675 0.250 0.750

SAMPLING FOR MODEL 'NonCentered_GenBeta_Linear_Social_RiskSafe' NOW (CHAIN 3).

SAMPLING
 FOR MODEL 'SAMPLINGNonCentered_GenBeta_Linear_Social_RiskSafe FOR MODEL '' NOW (CHAIN NonCentered_GenBeta_Linear_Social_RiskSafe1' NOW (CHAIN ).
2).
Chain 3: Rejecting initial value:
Chain 3:   Error evaluating the log probability at the initial value.
Chain 3: Exception: validate transformed params: alpha_add[i_0__] is 2.5, but must be less than or equal to 2  (in 'model36511b51415e_NonCentered_GenBeta_Linear_Social_RiskSafe' at line 112)

Chain 3: Rejecting initial value:
Chain 3:   Error evaluating the log probability at the initial value.
Chain 3: Exception: validate transformed params: alpha_add[i_0__] is 2.5, but must be less than or equal to 2  (in 'model36511b51415e_NonCentered_GenBeta_Linear_Social_RiskSafe' at line 112)

Chain 3: Rejecting initial value:
Chain 3:   Error evaluating the log probability at the initial value.
Chain 3: Exception: validate transformed params: alpha_add[i_0__] is 2.5, but must be less than or equal to 2  (in 'model36511b51415e_NonCentered_GenBeta_Linear_Social_RiskSafe' at line 112)

Chain 3: Rejecting initial value:
Chain 3:   Error evaluating the log probability at the initial value.
Chain 3: Exception: validate transformed params: alpha_add[i_0__] is 2.5, but must be less than or equal to 2  (in 'model36511b51415e_NonCentered_GenBeta_Linear_Social_RiskSafe' at line 112)

Chain 3: Rejecting initial value:
Chain 3:   Error evaluating the log probability at the initial value.
Chain 3: Exception: validate transformed params: alpha_add[i_0__] is 2.5, but must be less than or equal to 2  (in 'model36511b51415e_NonCentered_GenBeta_Linear_Social_RiskSafe' at line 112)

Chain 3: Rejecting initial value:
Chain 3:   Error evaluating the log probability at the initial value.
Chain 3: Exception: validate transformed params: alpha_add[i_0__] is 2.5, but must be less than or equal to 2  (in 'model36511b51415e_NonCentered_GenBeta_Linear_Social_RiskSafe' at line 112)

Chain 3: Rejecting initial value:
Chain 3:   Error evaluating the log probability at the initial value.
Chain 3: Exception: validate transformed params: alpha_add[i_0__] is 2.5, but must be less than or equal to 2  (in 'model36511b51415e_NonCentered_GenBeta_Linear_Social_RiskSafe' at line 112)

Chain 3: Rejecting initial value:
Chain 3:   Error evaluating the log probability at the initial value.
Chain 3: Exception: validate transformed params: alpha_add[i_0__] is 2.5, but must be less than or equal to 2  (in 'model36511b51415e_NonCentered_GenBeta_Linear_Social_RiskSafe' at line 112)

Chain 3: Rejecting initial value:
Chain 3:   Error evaluating the log probability at the initial value.
Chain 3: Exception: validate transformed params: alpha_add[i_0__] is 2.5, but must be less than or equal to 2  (in 'model36511b51415e_NonCentered_GenBeta_Linear_Social_RiskSafe' at line 112)

Chain 3: Rejecting initial value:
Chain 3:   Error evaluating the log probability at the initial value.
Chain 3: Exception: validate transformed params: alpha_add[i_0__] is 2.5, but must be less than or equal to 2  (in 'model36511b51415e_NonCentered_GenBeta_Linear_Social_RiskSafe' at line 112)

Chain 3: Rejecting initial value:
Chain 3:   Error evaluating the log probability at the initial value.
Chain 3: Exception: validate transformed params: alpha_add[i_0__] is 2.5, but must be less than or equal to 2  (in 'model36511b51415e_NonCentered_GenBeta_Linear_Social_RiskSafe' at line 112)

Chain 3: Rejecting initial value:
Chain 3:   Error evaluating the log probability at the initial value.
Chain 3: Exception: validate transformed params: alpha_add[i_0__] is 2.5, but must be less than or equal to 2  (in 'model36511b51415e_NonCentered_GenBeta_Linear_Social_RiskSafe' at line 112)

Chain 3: Rejecting initial value:
Chain 3:   Error evaluating the log probability at the initial value.
Chain 3: Exception: validate transformed params: alpha_add[i_0__] is 2.5, but must be less than or equal to 2  (in 'model36511b51415e_NonCentered_GenBeta_Linear_Social_RiskSafe' at line 112)

Chain 3: Rejecting initial value:
Chain 3:   Error evaluating the log probability at the initial value.
Chain 3: Exception: validate transformed params: alpha_add[i_0__] is 2.5, but must be less than or equal to 2  (in 'model36511b51415e_NonCentered_GenBeta_Linear_Social_RiskSafe' at line 112)

Chain 3: Rejecting initial value:
Chain 3:   Error evaluating the log probability at the initial value.
Chain 3: Exception: validate transformed params: alpha_add[i_0__] is 2.5, but must be less than or equal to 2  (in 'model36511b51415e_NonCentered_GenBeta_Linear_Social_RiskSafe' at line 112)

Chain 3: Rejecting initial value:
Chain 3:   Error evaluating the log probability at the initial value.
Chain 3: Exception: validate transformed params: alpha_add[i_0__] is 2.5, but must be less than or equal to 2  (in 'model36511b51415e_NonCentered_GenBeta_Linear_Social_RiskSafe' at line 112)

Chain 3: Rejecting initial value:
Chain 3:   Error evaluating the log probability at the initial value.
Chain 3: Exception: validate transformed params: alpha_add[i_0__] is 2.5, but must be less than or equal to 2  (in 'model36511b51415e_NonCentered_GenBeta_Linear_Social_RiskSafe' at line 112)

Chain 3: Rejecting initial value:
Chain 3:   Error evaluating the log probability at the initial value.
Chain 3: Exception: validate transformed params: alpha_add[i_0__] is 2.5, but must be less than or equal to 2  (in 'model36511b51415e_NonCentered_GenBeta_Linear_Social_RiskSafe' at line 112)

Chain 3: Rejecting initial value:
Chain 3:   Error evaluating the log probability at the initial value.
Chain 3: Exception: validate transformed params: alpha_add[i_0__] is 2.5, but must be less than or equal to 2  (in 'model36511b51415e_NonCentered_GenBeta_Linear_Social_RiskSafe' at line 112)

Chain 3: Rejecting initial value:
Chain 3:   Error evaluating the log probability at the initial value.
Chain 3: Exception: validate transformed params: alpha_add[i_0__] is 2.5, but must be less than or equal to 2  (in 'model36511b51415e_NonCentered_GenBeta_Linear_Social_RiskSafe' at line 112)

Chain 3: Rejecting initial value:
Chain 3:   Error evaluating the log probability at the initial value.
Chain Chain 3: 2Exception: validate transformed params: alpha_add[i_0__] is 2.5, but must be less than or equal to 2  (in 'model36511b51415e_NonCentered_GenBeta_Linear_Social_RiskSafe' at line 112)

: Chain 3Rejecting initial value:: Rejecting initial value:

Chain Chain 3: 2: Chain   Error evaluating the log probability at the initial value.
  Error evaluating the log probability at the initial value.
1Chain 3Chain 2: : Exception: validate transformed params: alpha_add[i_0__] is 2.5, but must be less than or equal to 2  (in 'model36511b51415e_NonCentered_GenBeta_Linear_Social_RiskSafe' at line 112)
: Exception: validate transformed params: alpha_add[i_0__] is 2.5, but must be less than or equal to 2  (in 'model36511b51415e_NonCentered_GenBeta_Linear_Social_RiskSafe' at line 112)
Rejecting initial value:


Chain 3Chain 2Chain : Rejecting initial value:: Rejecting initial value:1
Chain 
Chain : 3: 2:   Error evaluating the log probability at the initial value.  Error evaluating the log probability at the initial value.
  Error evaluating the log probability at the initial value.

Chain 3Chain 2Chain : Exception: validate transformed params: alpha_add[i_0__] is 2.5, but must be less than or equal to 2  (in 'model36511b51415e_NonCentered_GenBeta_Linear_Social_RiskSafe' at line 112)
: Exception: validate transformed params: alpha_add[i_0__] is 2.5, but must be less than or equal to 2  (in 'model36511b51415e_NonCentered_GenBeta_Linear_Social_RiskSafe' at line 112)
1

: Chain 3Chain 2Exception: validate transformed params: alpha_add[i_0__] is 2.5, but must be less than or equal to 2  (in 'model36511b51415e_NonCentered_GenBeta_Linear_Social_RiskSafe' at line 112)
: Rejecting initial value:: Rejecting initial value:

Chain 
Chain 3: Chain 21  Error evaluating the log probability at the initial value.
:   Error evaluating the log probability at the initial value.: Chain 3
Chain Rejecting initial value:: Exception: validate transformed params: alpha_add[i_0__] is 2.5, but must be less than or equal to 2  (in 'model36511b51415e_NonCentered_GenBeta_Linear_Social_RiskSafe' at line 112)
2: 

Exception: validate transformed params: alpha_add[i_0__] is 2.5, but must be less than or equal to 2  (in 'model36511b51415e_NonCentered_GenBeta_Linear_Social_RiskSafe' at line 112)
Chain Chain 3
1: Rejecting initial value:Chain 2: 
Chain : Rejecting initial value:  Error evaluating the log probability at the initial value.3: 
Chain 
  Error evaluating the log probability at the initial value.2: Chain 
Chain   Error evaluating the log probability at the initial value.
13: Chain 2: Exception: validate transformed params: alpha_add[i_0__] is 2.5, but must be less than or equal to 2  (in 'model36511b51415e_NonCentered_GenBeta_Linear_Social_RiskSafe' at line 112)

: Exception: validate transformed params: alpha_add[i_0__] is 2.5, but must be less than or equal to 2  (in 'model36511b51415e_NonCentered_GenBeta_Linear_Social_RiskSafe' at line 112)
Chain 3Exception: validate transformed params: alpha_add[i_0__] is 2.5, but must be less than or equal to 2  (in 'model36511b51415e_NonCentered_GenBeta_Linear_Social_RiskSafe' at line 112)


: Rejecting initial value:Chain 2Chain 
Chain : Rejecting initial value:13: 
Chain :   Error evaluating the log probability at the initial value.
2: Rejecting initial value:Chain 3  Error evaluating the log probability at the initial value.
: Exception: validate transformed params: alpha_add[i_0__] is 2.5, but must be less than or equal to 2  (in 'model36511b51415e_NonCentered_GenBeta_Linear_Social_RiskSafe' at line 112)

Chain Chain 
21Chain 3: Exception: validate transformed params: alpha_add[i_0__] is 2.5, but must be less than or equal to 2  (in 'model36511b51415e_NonCentered_GenBeta_Linear_Social_RiskSafe' at line 112)
: : 
  Error evaluating the log probability at the initial value.Rejecting initial value:
Chain 2
Chain 3: Rejecting initial value:Chain :   Error evaluating the log probability at the initial value.
Chain 1
Chain 2: : 3:   Error evaluating the log probability at the initial value.
Exception: validate transformed params: alpha_add[i_0__] is 2.5, but must be less than or equal to 2  (in 'model36511b51415e_NonCentered_GenBeta_Linear_Social_RiskSafe' at line 112)
Exception: validate transformed params: alpha_add[i_0__] is 2.5, but must be less than or equal to 2  (in 'model36511b51415e_NonCentered_GenBeta_Linear_Social_RiskSafe' at line 112)

Chain 
Chain 32: Chain : Rejecting initial value:Exception: validate transformed params: alpha_add[i_0__] is 2.5, but must be less than or equal to 2  (in 'model36511b51415e_NonCentered_GenBeta_Linear_Social_RiskSafe' at line 112)

1
Chain Chain 2: 3: : Rejecting initial value:Rejecting initial value:  Error evaluating the log probability at the initial value.

Chain 
Chain 32Chain : Exception: validate transformed params: alpha_add[i_0__] is 2.5, but must be less than or equal to 2  (in 'model36511b51415e_NonCentered_GenBeta_Linear_Social_RiskSafe' at line 112)
:   Error evaluating the log probability at the initial value.1

: Chain 3Chain 2  Error evaluating the log probability at the initial value.: Rejecting initial value:: Exception: validate transformed params: alpha_add[i_0__] is 2.5, but must be less than or equal to 2  (in 'model36511b51415e_NonCentered_GenBeta_Linear_Social_RiskSafe' at line 112)


Chain 
Chain 3: Chain 21  Error evaluating the log probability at the initial value.
: Rejecting initial value:: Chain 3
Chain Exception: validate transformed params: alpha_add[i_0__] is 2.5, but must be less than or equal to 2  (in 'model36511b51415e_NonCentered_GenBeta_Linear_Social_RiskSafe' at line 112)
: Exception: validate transformed params: alpha_add[i_0__] is 2.5, but must be less than or equal to 2  (in 'model36511b51415e_NonCentered_GenBeta_Linear_Social_RiskSafe' at line 112)
2: 

  Error evaluating the log probability at the initial value.Chain Chain 3
Chain 1: Rejecting initial value:2: : 
Chain Exception: validate transformed params: alpha_add[i_0__] is 2.5, but must be less than or equal to 2  (in 'model36511b51415e_NonCentered_GenBeta_Linear_Social_RiskSafe' at line 112)

Rejecting initial value:3: Chain 2
  Error evaluating the log probability at the initial value.
: Rejecting initial value:Chain Chain 3
Chain 1: Exception: validate transformed params: alpha_add[i_0__] is 2.5, but must be less than or equal to 2  (in 'model36511b51415e_NonCentered_GenBeta_Linear_Social_RiskSafe' at line 112)
2: : 
  Error evaluating the log probability at the initial value.  Error evaluating the log probability at the initial value.Chain 3
Chain 
: Rejecting initial value:2: Chain 
Chain Exception: validate transformed params: alpha_add[i_0__] is 2.5, but must be less than or equal to 2  (in 'model36511b51415e_NonCentered_GenBeta_Linear_Social_RiskSafe' at line 112)

13: Chain 2:   Error evaluating the log probability at the initial value.
: Exception: validate transformed params: alpha_add[i_0__] is 2.5, but must be less than or equal to 2  (in 'model36511b51415e_NonCentered_GenBeta_Linear_Social_RiskSafe' at line 112)
Chain 3Rejecting initial value:

: Chain 2Exception: validate transformed params: alpha_add[i_0__] is 2.5, but must be less than or equal to 2  (in 'model36511b51415e_NonCentered_GenBeta_Linear_Social_RiskSafe' at line 112)
Chain 1:   Error evaluating the log probability at the initial value.
: Rejecting initial value:
Chain Chain 
Chain 2: 31: Exception: validate transformed params: alpha_add[i_0__] is 2.5, but must be less than or equal to 2  (in 'model36511b51415e_NonCentered_GenBeta_Linear_Social_RiskSafe' at line 112)

:   Error evaluating the log probability at the initial value.Rejecting initial value:
Chain 2
Chain 3: Rejecting initial value:Chain :   Error evaluating the log probability at the initial value.
Chain 1
Chain 2: : 3:   Error evaluating the log probability at the initial value.
Exception: validate transformed params: alpha_add[i_0__] is 2.5, but must be less than or equal to 2  (in 'model36511b51415e_NonCentered_GenBeta_Linear_Social_RiskSafe' at line 112)
Exception: validate transformed params: alpha_add[i_0__] is 2.5, but must be less than or equal to 2  (in 'model36511b51415e_NonCentered_GenBeta_Linear_Social_RiskSafe' at line 112)

Chain 
Chain 32: Chain : Rejecting initial value:Exception: validate transformed params: alpha_add[i_0__] is 2.5, but must be less than or equal to 2  (in 'model36511b51415e_NonCentered_GenBeta_Linear_Social_RiskSafe' at line 112)

1
Chain Chain 2: 3: : Rejecting initial value:  Error evaluating the log probability at the initial value.
Rejecting initial value:

Chain 3Chain 2Chain : Exception: validate transformed params: alpha_add[i_0__] is 2.5, but must be less than or equal to 2  (in 'model36511b51415e_NonCentered_GenBeta_Linear_Social_RiskSafe' at line 112)
:   Error evaluating the log probability at the initial value.1

: Chain 3Chain 2  Error evaluating the log probability at the initial value.: Rejecting initial value:: Exception: validate transformed params: alpha_add[i_0__] is 2.5, but must be less than or equal to 2  (in 'model36511b51415e_NonCentered_GenBeta_Linear_Social_RiskSafe' at line 112)


Chain 
Chain 3: Chain 21  Error evaluating the log probability at the initial value.
: Rejecting initial value:: Chain 3
Chain Exception: validate transformed params: alpha_add[i_0__] is 2.5, but must be less than or equal to 2  (in 'model36511b51415e_NonCentered_GenBeta_Linear_Social_RiskSafe' at line 112)
: Exception: validate transformed params: alpha_add[i_0__] is 2.5, but must be less than or equal to 2  (in 'model36511b51415e_NonCentered_GenBeta_Linear_Social_RiskSafe' at line 112)
2: 

Chain   Error evaluating the log probability at the initial value.
1Chain 3Chain 2: : Rejecting initial value:: Exception: validate transformed params: alpha_add[i_0__] is 2.5, but must be less than or equal to 2  (in 'model36511b51415e_NonCentered_GenBeta_Linear_Social_RiskSafe' at line 112)
Rejecting initial value:
Chain 

3: Chain Chain   Error evaluating the log probability at the initial value.
2: 1Chain 3Rejecting initial value:
: : Exception: validate transformed params: alpha_add[i_0__] is 2.5, but must be less than or equal to 2  (in 'model36511b51415e_NonCentered_GenBeta_Linear_Social_RiskSafe' at line 112)
Chain 2  Error evaluating the log probability at the initial value.
: 
Chain 3  Error evaluating the log probability at the initial value.
Chain : Rejecting initial value:Chain 21
Chain : Exception: validate transformed params: alpha_add[i_0__] is 2.5, but must be less than or equal to 2  (in 'model36511b51415e_NonCentered_GenBeta_Linear_Social_RiskSafe' at line 112)
: 3: 
Exception: validate transformed params: alpha_add[i_0__] is 2.5, but must be less than or equal to 2  (in 'model36511b51415e_NonCentered_GenBeta_Linear_Social_RiskSafe' at line 112)
  Error evaluating the log probability at the initial value.
Chain 2
Chain 3: Rejecting initial value:Chain : Exception: validate transformed params: alpha_add[i_0__] is 2.5, but must be less than or equal to 2  (in 'model36511b51415e_NonCentered_GenBeta_Linear_Social_RiskSafe' at line 112)

Chain 1
2: Chain 3:   Error evaluating the log probability at the initial value.Rejecting initial value:: Rejecting initial value:
Chain 

Chain 2: Chain 3: Exception: validate transformed params: alpha_add[i_0__] is 2.5, but must be less than or equal to 2  (in 'model36511b51415e_NonCentered_GenBeta_Linear_Social_RiskSafe' at line 112)

1  Error evaluating the log probability at the initial value.
Chain 2: Chain 3: Rejecting initial value:  Error evaluating the log probability at the initial value.: Exception: validate transformed params: alpha_add[i_0__] is 2.5, but must be less than or equal to 2  (in 'model36511b51415e_NonCentered_GenBeta_Linear_Social_RiskSafe' at line 112)

Chain 

2Chain Chain 3:   Error evaluating the log probability at the initial value.1: Rejecting initial value:
Chain : 
Chain 2: Exception: validate transformed params: alpha_add[i_0__] is 2.5, but must be less than or equal to 2  (in 'model36511b51415e_NonCentered_GenBeta_Linear_Social_RiskSafe' at line 112)
3: Exception: validate transformed params: alpha_add[i_0__] is 2.5, but must be less than or equal to 2  (in 'model36511b51415e_NonCentered_GenBeta_Linear_Social_RiskSafe' at line 112)


  Error evaluating the log probability at the initial value.
Chain 2Chain Chain : Rejecting initial value:13: 
Chain : Exception: validate transformed params: alpha_add[i_0__] is 2.5, but must be less than or equal to 2  (in 'model36511b51415e_NonCentered_GenBeta_Linear_Social_RiskSafe' at line 112)

2Rejecting initial value:Chain 3: 
: Rejecting initial value:  Error evaluating the log probability at the initial value.
Chain 
Chain Chain 213: : Exception: validate transformed params: alpha_add[i_0__] is 2.5, but must be less than or equal to 2  (in 'model36511b51415e_NonCentered_GenBeta_Linear_Social_RiskSafe' at line 112)
:   Error evaluating the log probability at the initial value.

  Error evaluating the log probability at the initial value.Chain 
Chain Chain 231: : Rejecting initial value:: Exception: validate transformed params: alpha_add[i_0__] is 2.5, but must be less than or equal to 2  (in 'model36511b51415e_NonCentered_GenBeta_Linear_Social_RiskSafe' at line 112)

Chain Exception: validate transformed params: alpha_add[i_0__] is 2.5, but must be less than or equal to 2  (in 'model36511b51415e_NonCentered_GenBeta_Linear_Social_RiskSafe' at line 112)

2
Chain Chain :   Error evaluating the log probability at the initial value.13: 
: Rejecting initial value:
Chain 2Rejecting initial value:Chain 3: Exception: validate transformed params: alpha_add[i_0__] is 2.5, but must be less than or equal to 2  (in 'model36511b51415e_NonCentered_GenBeta_Linear_Social_RiskSafe' at line 112)

:   Error evaluating the log probability at the initial value.
Chain 
Chain Chain 213: : Rejecting initial value:: Exception: validate transformed params: alpha_add[i_0__] is 2.5, but must be less than or equal to 2  (in 'model36511b51415e_NonCentered_GenBeta_Linear_Social_RiskSafe' at line 112)


  Error evaluating the log probability at the initial value.Chain 3Chain 2
: Rejecting initial value::   Error evaluating the log probability at the initial value.Chain 

Chain 1Chain 32: : :   Error evaluating the log probability at the initial value.Exception: validate transformed params: alpha_add[i_0__] is 2.5, but must be less than or equal to 2  (in 'model36511b51415e_NonCentered_GenBeta_Linear_Social_RiskSafe' at line 112)

Exception: validate transformed params: alpha_add[i_0__] is 2.5, but must be less than or equal to 2  (in 'model36511b51415e_NonCentered_GenBeta_Linear_Social_RiskSafe' at line 112)

Chain Chain 2
3: : Rejecting initial value:Chain Exception: validate transformed params: alpha_add[i_0__] is 2.5, but must be less than or equal to 2  (in 'model36511b51415e_NonCentered_GenBeta_Linear_Social_RiskSafe' at line 112)


1Chain 3Chain 2: : Rejecting initial value::   Error evaluating the log probability at the initial value.Rejecting initial value:

Chain 
Chain 32: Chain :   Error evaluating the log probability at the initial value.Exception: validate transformed params: alpha_add[i_0__] is 2.5, but must be less than or equal to 2  (in 'model36511b51415e_NonCentered_GenBeta_Linear_Social_RiskSafe' at line 112)

1Chain 
: 2: Chain   Error evaluating the log probability at the initial value.
Rejecting initial value:
3Chain 1Chain 2: : Exception: validate transformed params: alpha_add[i_0__] is 2.5, but must be less than or equal to 2  (in 'model36511b51415e_NonCentered_GenBeta_Linear_Social_RiskSafe' at line 112)
: Exception: validate transformed params: alpha_add[i_0__] is 2.5, but must be less than or equal to 2  (in 'model36511b51415e_NonCentered_GenBeta_Linear_Social_RiskSafe' at line 112)

  Error evaluating the log probability at the initial value.
Chain 1
Chain Chain : Rejecting initial value:2: 3
Exception: validate transformed params: alpha_add[i_0__] is 2.5, but must be less than or equal to 2  (in 'model36511b51415e_NonCentered_GenBeta_Linear_Social_RiskSafe' at line 112)

: Chain 1Chain 2Rejecting initial value::   Error evaluating the log probability at the initial value.: Rejecting initial value:

Chain 
Chain Chain 1: 2: 3Exception: validate transformed params: alpha_add[i_0__] is 2.5, but must be less than or equal to 2  (in 'model36511b51415e_NonCentered_GenBeta_Linear_Social_RiskSafe' at line 112)

  Error evaluating the log probability at the initial value.: Chain 1
  Error evaluating the log probability at the initial value.: Rejecting initial value:Chain 2

Chain : Exception: validate transformed params: alpha_add[i_0__] is 2.5, but must be less than or equal to 2  (in 'model36511b51415e_NonCentered_GenBeta_Linear_Social_RiskSafe' at line 112)
Chain 1: 
3  Error evaluating the log probability at the initial value.Chain 2: 
Chain : Rejecting initial value:Exception: validate transformed params: alpha_add[i_0__] is 2.5, but must be less than or equal to 2  (in 'model36511b51415e_NonCentered_GenBeta_Linear_Social_RiskSafe' at line 112)
1: 
Chain 
Exception: validate transformed params: alpha_add[i_0__] is 2.5, but must be less than or equal to 2  (in 'model36511b51415e_NonCentered_GenBeta_Linear_Social_RiskSafe' at line 112)

2Chain Chain 1:   Error evaluating the log probability at the initial value.3: Rejecting initial value:
Chain : 
Chain 2Rejecting initial value:1: : Exception: validate transformed params: alpha_add[i_0__] is 2.5, but must be less than or equal to 2  (in 'model36511b51415e_NonCentered_GenBeta_Linear_Social_RiskSafe' at line 112)

  Error evaluating the log probability at the initial value.

Chain Chain 1Chain 23: Exception: validate transformed params: alpha_add[i_0__] is 2.5, but must be less than or equal to 2  (in 'model36511b51415e_NonCentered_GenBeta_Linear_Social_RiskSafe' at line 112)
: Rejecting initial value:: 

  Error evaluating the log probability at the initial value.Chain 1Chain 2
: Rejecting initial value::   Error evaluating the log probability at the initial value.Chain 
Chain 
Chain 31: 2: :   Error evaluating the log probability at the initial value.
Exception: validate transformed params: alpha_add[i_0__] is 2.5, but must be less than or equal to 2  (in 'model36511b51415e_NonCentered_GenBeta_Linear_Social_RiskSafe' at line 112)

Exception: validate transformed params: alpha_add[i_0__] is 2.5, but must be less than or equal to 2  (in 'model36511b51415e_NonCentered_GenBeta_Linear_Social_RiskSafe' at line 112)
Chain 1Chain 2
: Exception: validate transformed params: alpha_add[i_0__] is 2.5, but must be less than or equal to 2  (in 'model36511b51415e_NonCentered_GenBeta_Linear_Social_RiskSafe' at line 112)
: Rejecting initial value:Chain 

3Chain 1Chain 2: : Rejecting initial value::   Error evaluating the log probability at the initial value.Rejecting initial value:
Chain 
Chain 
1: 2Chain   Error evaluating the log probability at the initial value.
: Exception: validate transformed params: alpha_add[i_0__] is 2.5, but must be less than or equal to 2  (in 'model36511b51415e_NonCentered_GenBeta_Linear_Social_RiskSafe' at line 112)
3Chain 1
: Chain :   Error evaluating the log probability at the initial value.
2: Exception: validate transformed params: alpha_add[i_0__] is 2.5, but must be less than or equal to 2  (in 'model36511b51415e_NonCentered_GenBeta_Linear_Social_RiskSafe' at line 112)
Chain 3Rejecting initial value:

: Exception: validate transformed params: alpha_add[i_0__] is 2.5, but must be less than or equal to 2  (in 'model36511b51415e_NonCentered_GenBeta_Linear_Social_RiskSafe' at line 112)
Chain 2Chain 
: 1Chain 3  Error evaluating the log probability at the initial value.
: : Rejecting initial value:Chain Rejecting initial value:
Chain 2: 
3: Exception: validate transformed params: alpha_add[i_0__] is 2.5, but must be less than or equal to 2  (in 'model36511b51415e_NonCentered_GenBeta_Linear_Social_RiskSafe' at line 112)

Chain   Error evaluating the log probability at the initial value.
Chain 21Chain 3: Rejecting initial value:: : Exception: validate transformed params: alpha_add[i_0__] is 2.5, but must be less than or equal to 2  (in 'model36511b51415e_NonCentered_GenBeta_Linear_Social_RiskSafe' at line 112)

Chain   Error evaluating the log probability at the initial value.
2
Chain 3:   Error evaluating the log probability at the initial value.Chain : 
Chain 1Rejecting initial value:
2: : Chain 3Exception: validate transformed params: alpha_add[i_0__] is 2.5, but must be less than or equal to 2  (in 'model36511b51415e_NonCentered_GenBeta_Linear_Social_RiskSafe' at line 112)

Exception: validate transformed params: alpha_add[i_0__] is 2.5, but must be less than or equal to 2  (in 'model36511b51415e_NonCentered_GenBeta_Linear_Social_RiskSafe' at line 112)
:   Error evaluating the log probability at the initial value.Chain 2

Chain : Rejecting initial value:Chain 3: 
Chain 1Exception: validate transformed params: alpha_add[i_0__] is 2.5, but must be less than or equal to 2  (in 'model36511b51415e_NonCentered_GenBeta_Linear_Social_RiskSafe' at line 112)

2: Chain 3:   Error evaluating the log probability at the initial value.Rejecting initial value:: Rejecting initial value:
Chain 

Chain 2: Chain 3: Exception: validate transformed params: alpha_add[i_0__] is 2.5, but must be less than or equal to 2  (in 'model36511b51415e_NonCentered_GenBeta_Linear_Social_RiskSafe' at line 112)

1Chain   Error evaluating the log probability at the initial value.:   Error evaluating the log probability at the initial value.2: 

Chain Rejecting initial value:
Chain 1: Chain 23Exception: validate transformed params: alpha_add[i_0__] is 2.5, but must be less than or equal to 2  (in 'model36511b51415e_NonCentered_GenBeta_Linear_Social_RiskSafe' at line 112)

: : Chain 1  Error evaluating the log probability at the initial value.
Exception: validate transformed params: alpha_add[i_0__] is 2.5, but must be less than or equal to 2  (in 'model36511b51415e_NonCentered_GenBeta_Linear_Social_RiskSafe' at line 112)
: Rejecting initial value:Chain 2

Chain : Exception: validate transformed params: alpha_add[i_0__] is 2.5, but must be less than or equal to 2  (in 'model36511b51415e_NonCentered_GenBeta_Linear_Social_RiskSafe' at line 112)
Chain 1: 
3  Error evaluating the log probability at the initial value.
Chain 2: Chain 1: Rejecting initial value:Rejecting initial value:: Exception: validate transformed params: alpha_add[i_0__] is 2.5, but must be less than or equal to 2  (in 'model36511b51415e_NonCentered_GenBeta_Linear_Social_RiskSafe' at line 112)



Chain Chain Chain 12: 3: Rejecting initial value:  Error evaluating the log probability at the initial value.
: 
Chain Chain 2  Error evaluating the log probability at the initial value.1: : Exception: validate transformed params: alpha_add[i_0__] is 2.5, but must be less than or equal to 2  (in 'model36511b51415e_NonCentered_GenBeta_Linear_Social_RiskSafe' at line 112)

  Error evaluating the log probability at the initial value.
Chain 
Chain Chain 231: Rejecting initial value:: : Exception: validate transformed params: alpha_add[i_0__] is 2.5, but must be less than or equal to 2  (in 'model36511b51415e_NonCentered_GenBeta_Linear_Social_RiskSafe' at line 112)

Chain Exception: validate transformed params: alpha_add[i_0__] is 2.5, but must be less than or equal to 2  (in 'model36511b51415e_NonCentered_GenBeta_Linear_Social_RiskSafe' at line 112)

2Chain 
: 1Chain   Error evaluating the log probability at the initial value.
: 3: Chain 2Rejecting initial value:Rejecting initial value:: 

Exception: validate transformed params: alpha_add[i_0__] is 2.5, but must be less than or equal to 2  (in 'model36511b51415e_NonCentered_GenBeta_Linear_Social_RiskSafe' at line 112)

Chain Chain 1Chain 23: : Rejecting initial value::   Error evaluating the log probability at the initial value.
  Error evaluating the log probability at the initial value.
Chain 
Chain 2Chain 1: :   Error evaluating the log probability at the initial value.3Exception: validate transformed params: alpha_add[i_0__] is 2.5, but must be less than or equal to 2  (in 'model36511b51415e_NonCentered_GenBeta_Linear_Social_RiskSafe' at line 112)

Chain : 
2: Exception: validate transformed params: alpha_add[i_0__] is 2.5, but must be less than or equal to 2  (in 'model36511b51415e_NonCentered_GenBeta_Linear_Social_RiskSafe' at line 112)
Chain Exception: validate transformed params: alpha_add[i_0__] is 2.5, but must be less than or equal to 2  (in 'model36511b51415e_NonCentered_GenBeta_Linear_Social_RiskSafe' at line 112)


1Chain 2: Chain : Rejecting initial value:Rejecting initial value:3: 
Chain 
Rejecting initial value:
2: Chain Chain 3  Error evaluating the log probability at the initial value.
1:   Error evaluating the log probability at the initial value.Chain 2: 
Chain : Exception: validate transformed params: alpha_add[i_0__] is 2.5, but must be less than or equal to 2  (in 'model36511b51415e_NonCentered_GenBeta_Linear_Social_RiskSafe' at line 112)
  Error evaluating the log probability at the initial value.3: 

Exception: validate transformed params: alpha_add[i_0__] is 2.5, but must be less than or equal to 2  (in 'model36511b51415e_NonCentered_GenBeta_Linear_Social_RiskSafe' at line 112)

Chain Chain Chain 32: 1: Rejecting initial value:Rejecting initial value:
: 
Chain 2Exception: validate transformed params: alpha_add[i_0__] is 2.5, but must be less than or equal to 2  (in 'model36511b51415e_NonCentered_GenBeta_Linear_Social_RiskSafe' at line 112)
Chain 3:   Error evaluating the log probability at the initial value.
:   Error evaluating the log probability at the initial value.
Chain Chain 
Chain 2: 13: Exception: validate transformed params: alpha_add[i_0__] is 2.5, but must be less than or equal to 2  (in 'model36511b51415e_NonCentered_GenBeta_Linear_Social_RiskSafe' at line 112)

: Exception: validate transformed params: alpha_add[i_0__] is 2.5, but must be less than or equal to 2  (in 'model36511b51415e_NonCentered_GenBeta_Linear_Social_RiskSafe' at line 112)

Chain Rejecting initial value:Chain 32: 
: Rejecting initial value:Rejecting initial value:
Chain 
Chain Chain 213: :   Error evaluating the log probability at the initial value.:   Error evaluating the log probability at the initial value.

Chain   Error evaluating the log probability at the initial value.Chain 32
: Exception: validate transformed params: alpha_add[i_0__] is 2.5, but must be less than or equal to 2  (in 'model36511b51415e_NonCentered_GenBeta_Linear_Social_RiskSafe' at line 112)
: Exception: validate transformed params: alpha_add[i_0__] is 2.5, but must be less than or equal to 2  (in 'model36511b51415e_NonCentered_GenBeta_Linear_Social_RiskSafe' at line 112)
Chain 

1Chain : Exception: validate transformed params: alpha_add[i_0__] is 2.5, but must be less than or equal to 2  (in 'model36511b51415e_NonCentered_GenBeta_Linear_Social_RiskSafe' at line 112)
Chain 23
: : Rejecting initial value:Rejecting initial value:Chain 

1Chain Chain : 3: 2Rejecting initial value:  Error evaluating the log probability at the initial value.
: 
Chain 3  Error evaluating the log probability at the initial value.Chain : Exception: validate transformed params: alpha_add[i_0__] is 2.5, but must be less than or equal to 2  (in 'model36511b51415e_NonCentered_GenBeta_Linear_Social_RiskSafe' at line 112)

1
Chain : Chain 32  Error evaluating the log probability at the initial value.: Rejecting initial value:: 

Chain Exception: validate transformed params: alpha_add[i_0__] is 2.5, but must be less than or equal to 2  (in 'model36511b51415e_NonCentered_GenBeta_Linear_Social_RiskSafe' at line 112)
Chain 3: 
1  Error evaluating the log probability at the initial value.
: Chain Chain 3Exception: validate transformed params: alpha_add[i_0__] is 2.5, but must be less than or equal to 2  (in 'model36511b51415e_NonCentered_GenBeta_Linear_Social_RiskSafe' at line 112)
2: Exception: validate transformed params: alpha_add[i_0__] is 2.5, but must be less than or equal to 2  (in 'model36511b51415e_NonCentered_GenBeta_Linear_Social_RiskSafe' at line 112)

: 
Rejecting initial value:Chain Chain 3
1: Rejecting initial value:Chain : 
Chain 2Rejecting initial value:3: : 
  Error evaluating the log probability at the initial value.
  Error evaluating the log probability at the initial value.Chain Chain 3
1: Exception: validate transformed params: alpha_add[i_0__] is 2.5, but must be less than or equal to 2  (in 'model36511b51415e_NonCentered_GenBeta_Linear_Social_RiskSafe' at line 112)
Chain :   Error evaluating the log probability at the initial value.
2
Chain Chain 3: 1: : Rejecting initial value:Exception: validate transformed params: alpha_add[i_0__] is 2.5, but must be less than or equal to 2  (in 'model36511b51415e_NonCentered_GenBeta_Linear_Social_RiskSafe' at line 112)
Exception: validate transformed params: alpha_add[i_0__] is 2.5, but must be less than or equal to 2  (in 'model36511b51415e_NonCentered_GenBeta_Linear_Social_RiskSafe' at line 112)



Chain 1Chain 3Chain : Rejecting initial value::   Error evaluating the log probability at the initial value.2
Chain 
Chain : 1: 3: Rejecting initial value:  Error evaluating the log probability at the initial value.
Exception: validate transformed params: alpha_add[i_0__] is 2.5, but must be less than or equal to 2  (in 'model36511b51415e_NonCentered_GenBeta_Linear_Social_RiskSafe' at line 112)


Chain 1Chain 3Chain : : Rejecting initial value:2Exception: validate transformed params: alpha_add[i_0__] is 2.5, but must be less than or equal to 2  (in 'model36511b51415e_NonCentered_GenBeta_Linear_Social_RiskSafe' at line 112)


: Chain Chain 3  Error evaluating the log probability at the initial value.1: :   Error evaluating the log probability at the initial value.
Rejecting initial value:

Chain Chain Chain 132:   Error evaluating the log probability at the initial value.: Exception: validate transformed params: alpha_add[i_0__] is 2.5, but must be less than or equal to 2  (in 'model36511b51415e_NonCentered_GenBeta_Linear_Social_RiskSafe' at line 112)
: 
Chain 
Exception: validate transformed params: alpha_add[i_0__] is 2.5, but must be less than or equal to 2  (in 'model36511b51415e_NonCentered_GenBeta_Linear_Social_RiskSafe' at line 112)
1: Chain 3
Exception: validate transformed params: alpha_add[i_0__] is 2.5, but must be less than or equal to 2  (in 'model36511b51415e_NonCentered_GenBeta_Linear_Social_RiskSafe' at line 112)

: Chain Chain 1Rejecting initial value:
2: Rejecting initial value:Chain 3: 
Chain : Rejecting initial value:1:   Error evaluating the log probability at the initial value.

  Error evaluating the log probability at the initial value.
Chain 3Chain Chain 1: Exception: validate transformed params: alpha_add[i_0__] is 2.5, but must be less than or equal to 2  (in 'model36511b51415e_NonCentered_GenBeta_Linear_Social_RiskSafe' at line 112)
2: Exception: validate transformed params: alpha_add[i_0__] is 2.5, but must be less than or equal to 2  (in 'model36511b51415e_NonCentered_GenBeta_Linear_Social_RiskSafe' at line 112)

: 
Chain   Error evaluating the log probability at the initial value.Chain 13: 
: Rejecting initial value:Rejecting initial value:Chain 
Chain 
Chain 213: : :   Error evaluating the log probability at the initial value.  Error evaluating the log probability at the initial value.
Exception: validate transformed params: alpha_add[i_0__] is 2.5, but must be less than or equal to 2  (in 'model36511b51415e_NonCentered_GenBeta_Linear_Social_RiskSafe' at line 112)

Chain Chain 3
1: Exception: validate transformed params: alpha_add[i_0__] is 2.5, but must be less than or equal to 2  (in 'model36511b51415e_NonCentered_GenBeta_Linear_Social_RiskSafe' at line 112)
: Chain 2
Exception: validate transformed params: alpha_add[i_0__] is 2.5, but must be less than or equal to 2  (in 'model36511b51415e_NonCentered_GenBeta_Linear_Social_RiskSafe' at line 112)
: Rejecting initial value:Chain 3

Chain : Chain 2: Rejecting initial value:
1  Error evaluating the log probability at the initial value.Chain 3: 
Chain :   Error evaluating the log probability at the initial value.Rejecting initial value:2: 

Exception: validate transformed params: alpha_add[i_0__] is 2.5, but must be less than or equal to 2  (in 'model36511b51415e_NonCentered_GenBeta_Linear_Social_RiskSafe' at line 112)

Chain Chain Chain 23: 1: Rejecting initial value:Exception: validate transformed params: alpha_add[i_0__] is 2.5, but must be less than or equal to 2  (in 'model36511b51415e_NonCentered_GenBeta_Linear_Social_RiskSafe' at line 112)

: 
Chain Chain 3  Error evaluating the log probability at the initial value.2: : Rejecting initial value:
  Error evaluating the log probability at the initial value.
Chain Chain 
Chain 3: 12:   Error evaluating the log probability at the initial value.
: Exception: validate transformed params: alpha_add[i_0__] is 2.5, but must be less than or equal to 2  (in 'model36511b51415e_NonCentered_GenBeta_Linear_Social_RiskSafe' at line 112)
Chain 3Exception: validate transformed params: alpha_add[i_0__] is 2.5, but must be less than or equal to 2  (in 'model36511b51415e_NonCentered_GenBeta_Linear_Social_RiskSafe' at line 112)

: 
Chain 2Exception: validate transformed params: alpha_add[i_0__] is 2.5, but must be less than or equal to 2  (in 'model36511b51415e_NonCentered_GenBeta_Linear_Social_RiskSafe' at line 112)

Chain : Rejecting initial value:Chain 31
Chain : Rejecting initial value:: 2: 
Chain Rejecting initial value:  Error evaluating the log probability at the initial value.
3: 
Chain 2  Error evaluating the log probability at the initial value.
Chain : Chain 31Exception: validate transformed params: alpha_add[i_0__] is 2.5, but must be less than or equal to 2  (in 'model36511b51415e_NonCentered_GenBeta_Linear_Social_RiskSafe' at line 112)

: : Chain Exception: validate transformed params: alpha_add[i_0__] is 2.5, but must be less than or equal to 2  (in 'model36511b51415e_NonCentered_GenBeta_Linear_Social_RiskSafe' at line 112)

  Error evaluating the log probability at the initial value.2: Chain 3
Rejecting initial value:
: Rejecting initial value:Chain Chain 2
1:   Error evaluating the log probability at the initial value.Chain 3: 
Chain :   Error evaluating the log probability at the initial value.Exception: validate transformed params: alpha_add[i_0__] is 2.5, but must be less than or equal to 2  (in 'model36511b51415e_NonCentered_GenBeta_Linear_Social_RiskSafe' at line 112)
2: 
Chain 
Exception: validate transformed params: alpha_add[i_0__] is 2.5, but must be less than or equal to 2  (in 'model36511b51415e_NonCentered_GenBeta_Linear_Social_RiskSafe' at line 112)

3Chain Chain 2: Exception: validate transformed params: alpha_add[i_0__] is 2.5, but must be less than or equal to 2  (in 'model36511b51415e_NonCentered_GenBeta_Linear_Social_RiskSafe' at line 112)
1: Rejecting initial value:
: 
Chain Chain 3Rejecting initial value:2: : Rejecting initial value:
  Error evaluating the log probability at the initial value.

Chain Chain Chain 23: 1: Exception: validate transformed params: alpha_add[i_0__] is 2.5, but must be less than or equal to 2  (in 'model36511b51415e_NonCentered_GenBeta_Linear_Social_RiskSafe' at line 112)
  Error evaluating the log probability at the initial value.
: 
Chain   Error evaluating the log probability at the initial value.Chain 23: 
: Exception: validate transformed params: alpha_add[i_0__] is 2.5, but must be less than or equal to 2  (in 'model36511b51415e_NonCentered_GenBeta_Linear_Social_RiskSafe' at line 112)

Chain Rejecting initial value:
Chain 31Chain 2: Rejecting initial value:: :   Error evaluating the log probability at the initial value.
Chain Exception: validate transformed params: alpha_add[i_0__] is 2.5, but must be less than or equal to 2  (in 'model36511b51415e_NonCentered_GenBeta_Linear_Social_RiskSafe' at line 112)

Chain 3: 
2  Error evaluating the log probability at the initial value.
: Chain 1Chain 3Exception: validate transformed params: alpha_add[i_0__] is 2.5, but must be less than or equal to 2  (in 'model36511b51415e_NonCentered_GenBeta_Linear_Social_RiskSafe' at line 112)
: Rejecting initial value:: Exception: validate transformed params: alpha_add[i_0__] is 2.5, but must be less than or equal to 2  (in 'model36511b51415e_NonCentered_GenBeta_Linear_Social_RiskSafe' at line 112)


Chain 
Chain 1: Chain 32  Error evaluating the log probability at the initial value.
: Rejecting initial value:: Chain 1
Chain Rejecting initial value:: 3: 
Exception: validate transformed params: alpha_add[i_0__] is 2.5, but must be less than or equal to 2  (in 'model36511b51415e_NonCentered_GenBeta_Linear_Social_RiskSafe' at line 112)

  Error evaluating the log probability at the initial value.Chain Chain 1
Chain 2: Rejecting initial value:3: 
Chain : Exception: validate transformed params: alpha_add[i_0__] is 2.5, but must be less than or equal to 2  (in 'model36511b51415e_NonCentered_GenBeta_Linear_Social_RiskSafe' at line 112)
  Error evaluating the log probability at the initial value.1: 

  Error evaluating the log probability at the initial value.
Chain 3Chain Chain 1: 2: Exception: validate transformed params: alpha_add[i_0__] is 2.5, but must be less than or equal to 2  (in 'model36511b51415e_NonCentered_GenBeta_Linear_Social_RiskSafe' at line 112)
Rejecting initial value:
: 
Chain Chain Exception: validate transformed params: alpha_add[i_0__] is 2.5, but must be less than or equal to 2  (in 'model36511b51415e_NonCentered_GenBeta_Linear_Social_RiskSafe' at line 112)

3: 1Chain 2  Error evaluating the log probability at the initial value.
: : Rejecting initial value:Chain 3Rejecting initial value:
Chain : Exception: validate transformed params: alpha_add[i_0__] is 2.5, but must be less than or equal to 2  (in 'model36511b51415e_NonCentered_GenBeta_Linear_Social_RiskSafe' at line 112)

2: 
Chain   Error evaluating the log probability at the initial value.
Chain 31Chain 2: Rejecting initial value:: : Exception: validate transformed params: alpha_add[i_0__] is 2.5, but must be less than or equal to 2  (in 'model36511b51415e_NonCentered_GenBeta_Linear_Social_RiskSafe' at line 112)

Chain   Error evaluating the log probability at the initial value.
3
Chain 2:   Error evaluating the log probability at the initial value.Chain : Rejecting initial value:
Chain 1
Chain 3: : 2: Exception: validate transformed params: alpha_add[i_0__] is 2.5, but must be less than or equal to 2  (in 'model36511b51415e_NonCentered_GenBeta_Linear_Social_RiskSafe' at line 112)
Exception: validate transformed params: alpha_add[i_0__] is 2.5, but must be less than or equal to 2  (in 'model36511b51415e_NonCentered_GenBeta_Linear_Social_RiskSafe' at line 112)
  Error evaluating the log probability at the initial value.


Chain 2Chain Chain : Exception: validate transformed params: alpha_add[i_0__] is 2.5, but must be less than or equal to 2  (in 'model36511b51415e_NonCentered_GenBeta_Linear_Social_RiskSafe' at line 112)
3: 1
Rejecting initial value:Chain : Rejecting initial value:
Chain 2
Chain 3: : 1:   Error evaluating the log probability at the initial value.
Rejecting initial value:  Error evaluating the log probability at the initial value.
Chain 3
Chain 1: Exception: validate transformed params: alpha_add[i_0__] is 2.5, but must be less than or equal to 2  (in 'model36511b51415e_NonCentered_GenBeta_Linear_Social_RiskSafe' at line 112)
Chain : Exception: validate transformed params: alpha_add[i_0__] is 2.5, but must be less than or equal to 2  (in 'model36511b51415e_NonCentered_GenBeta_Linear_Social_RiskSafe' at line 112)

2
Chain : Chain 13:   Error evaluating the log probability at the initial value.: Rejecting initial value:Rejecting initial value:


Chain Chain 3Chain 1: :   Error evaluating the log probability at the initial value.2  Error evaluating the log probability at the initial value.
Chain : 
Chain 3: Exception: validate transformed params: alpha_add[i_0__] is 2.5, but must be less than or equal to 2  (in 'model36511b51415e_NonCentered_GenBeta_Linear_Social_RiskSafe' at line 112)
1: Exception: validate transformed params: alpha_add[i_0__] is 2.5, but must be less than or equal to 2  (in 'model36511b51415e_NonCentered_GenBeta_Linear_Social_RiskSafe' at line 112)


Exception: validate transformed params: alpha_add[i_0__] is 2.5, but must be less than or equal to 2  (in 'model36511b51415e_NonCentered_GenBeta_Linear_Social_RiskSafe' at line 112)

Chain Chain Chain 13: 2: Rejecting initial value:Rejecting initial value:
: 
Chain Chain 3Rejecting initial value:1: :   Error evaluating the log probability at the initial value.
  Error evaluating the log probability at the initial value.

Chain Chain Chain 13: 2: Exception: validate transformed params: alpha_add[i_0__] is 2.5, but must be less than or equal to 2  (in 'model36511b51415e_NonCentered_GenBeta_Linear_Social_RiskSafe' at line 112)
Exception: validate transformed params: alpha_add[i_0__] is 2.5, but must be less than or equal to 2  (in 'model36511b51415e_NonCentered_GenBeta_Linear_Social_RiskSafe' at line 112)

: 
Chain   Error evaluating the log probability at the initial value.Chain 13: 
: Rejecting initial value:Rejecting initial value:
Chain 
Chain Chain 321: :   Error evaluating the log probability at the initial value.:   Error evaluating the log probability at the initial value.
Chain Exception: validate transformed params: alpha_add[i_0__] is 2.5, but must be less than or equal to 2  (in 'model36511b51415e_NonCentered_GenBeta_Linear_Social_RiskSafe' at line 112)

Chain 3: 
1: Exception: validate transformed params: alpha_add[i_0__] is 2.5, but must be less than or equal to 2  (in 'model36511b51415e_NonCentered_GenBeta_Linear_Social_RiskSafe' at line 112)

Chain Exception: validate transformed params: alpha_add[i_0__] is 2.5, but must be less than or equal to 2  (in 'model36511b51415e_NonCentered_GenBeta_Linear_Social_RiskSafe' at line 112)

Chain 32Chain 1: Rejecting initial value:: : Rejecting initial value:
Chain Rejecting initial value:
Chain 3: 
1:   Error evaluating the log probability at the initial value.
Chain   Error evaluating the log probability at the initial value.Chain 32
Chain : Exception: validate transformed params: alpha_add[i_0__] is 2.5, but must be less than or equal to 2  (in 'model36511b51415e_NonCentered_GenBeta_Linear_Social_RiskSafe' at line 112)
: 1: 
  Error evaluating the log probability at the initial value.Exception: validate transformed params: alpha_add[i_0__] is 2.5, but must be less than or equal to 2  (in 'model36511b51415e_NonCentered_GenBeta_Linear_Social_RiskSafe' at line 112)

Chain 
Chain 13: Chain : Rejecting initial value:Rejecting initial value:
2
Chain Chain 3: 1: :   Error evaluating the log probability at the initial value.Exception: validate transformed params: alpha_add[i_0__] is 2.5, but must be less than or equal to 2  (in 'model36511b51415e_NonCentered_GenBeta_Linear_Social_RiskSafe' at line 112)
  Error evaluating the log probability at the initial value.

Chain 
Chain 13: Chain : Exception: validate transformed params: alpha_add[i_0__] is 2.5, but must be less than or equal to 2  (in 'model36511b51415e_NonCentered_GenBeta_Linear_Social_RiskSafe' at line 112)
Exception: validate transformed params: alpha_add[i_0__] is 2.5, but must be less than or equal to 2  (in 'model36511b51415e_NonCentered_GenBeta_Linear_Social_RiskSafe' at line 112)

2
Chain : Chain 13: Rejecting initial value:: Rejecting initial value:Rejecting initial value:


Chain Chain 3Chain 1: :   Error evaluating the log probability at the initial value.2  Error evaluating the log probability at the initial value.
Chain : 
Chain 3:   Error evaluating the log probability at the initial value.1: Exception: validate transformed params: alpha_add[i_0__] is 2.5, but must be less than or equal to 2  (in 'model36511b51415e_NonCentered_GenBeta_Linear_Social_RiskSafe' at line 112)


Exception: validate transformed params: alpha_add[i_0__] is 2.5, but must be less than or equal to 2  (in 'model36511b51415e_NonCentered_GenBeta_Linear_Social_RiskSafe' at line 112)

Chain 3Chain 2Chain : Rejecting initial value:: 1
Chain Exception: validate transformed params: alpha_add[i_0__] is 2.5, but must be less than or equal to 2  (in 'model36511b51415e_NonCentered_GenBeta_Linear_Social_RiskSafe' at line 112)

: Chain 3Rejecting initial value:
2: : Chain 1Rejecting initial value:  Error evaluating the log probability at the initial value.
:   Error evaluating the log probability at the initial value.
Chain Chain 
Chain 2: 31:   Error evaluating the log probability at the initial value.
: Exception: validate transformed params: alpha_add[i_0__] is 2.5, but must be less than or equal to 2  (in 'model36511b51415e_NonCentered_GenBeta_Linear_Social_RiskSafe' at line 112)

Chain Exception: validate transformed params: alpha_add[i_0__] is 2.5, but must be less than or equal to 2  (in 'model36511b51415e_NonCentered_GenBeta_Linear_Social_RiskSafe' at line 112)
Chain 12: 
: Rejecting initial value:Exception: validate transformed params: alpha_add[i_0__] is 2.5, but must be less than or equal to 2  (in 'model36511b51415e_NonCentered_GenBeta_Linear_Social_RiskSafe' at line 112)

Chain 
Chain Chain 231: : Rejecting initial value::   Error evaluating the log probability at the initial value.

Chain Rejecting initial value:Chain 12: 
: Exception: validate transformed params: alpha_add[i_0__] is 2.5, but must be less than or equal to 2  (in 'model36511b51415e_NonCentered_GenBeta_Linear_Social_RiskSafe' at line 112)
  Error evaluating the log probability at the initial value.
Chain 
Chain 3Chain 12: : : Rejecting initial value:Exception: validate transformed params: alpha_add[i_0__] is 2.5, but must be less than or equal to 2  (in 'model36511b51415e_NonCentered_GenBeta_Linear_Social_RiskSafe' at line 112)

  Error evaluating the log probability at the initial value.
Chain Chain 2
1: : Rejecting initial value:Chain   Error evaluating the log probability at the initial value.

Chain 3Chain 12: : : Exception: validate transformed params: alpha_add[i_0__] is 2.5, but must be less than or equal to 2  (in 'model36511b51415e_NonCentered_GenBeta_Linear_Social_RiskSafe' at line 112)
  Error evaluating the log probability at the initial value.
Exception: validate transformed params: alpha_add[i_0__] is 2.5, but must be less than or equal to 2  (in 'model36511b51415e_NonCentered_GenBeta_Linear_Social_RiskSafe' at line 112)

Chain 
Chain 12: Chain : Rejecting initial value:Exception: validate transformed params: alpha_add[i_0__] is 2.5, but must be less than or equal to 2  (in 'model36511b51415e_NonCentered_GenBeta_Linear_Social_RiskSafe' at line 112)

3
Chain 2: Chain 1: Rejecting initial value:Rejecting initial value::   Error evaluating the log probability at the initial value.
Chain 

Chain 2: Chain 1:   Error evaluating the log probability at the initial value.
3Exception: validate transformed params: alpha_add[i_0__] is 2.5, but must be less than or equal to 2  (in 'model36511b51415e_NonCentered_GenBeta_Linear_Social_RiskSafe' at line 112)

Chain : Chain 12  Error evaluating the log probability at the initial value.: Rejecting initial value:: Exception: validate transformed params: alpha_add[i_0__] is 2.5, but must be less than or equal to 2  (in 'model36511b51415e_NonCentered_GenBeta_Linear_Social_RiskSafe' at line 112)


Chain 
Chain 1: Chain 23  Error evaluating the log probability at the initial value.
: Rejecting initial value:: Chain 1
Chain Exception: validate transformed params: alpha_add[i_0__] is 2.5, but must be less than or equal to 2  (in 'model36511b51415e_NonCentered_GenBeta_Linear_Social_RiskSafe' at line 112)
: Exception: validate transformed params: alpha_add[i_0__] is 2.5, but must be less than or equal to 2  (in 'model36511b51415e_NonCentered_GenBeta_Linear_Social_RiskSafe' at line 112)
2: 

  Error evaluating the log probability at the initial value.
Chain Chain 1Chain 23: Rejecting initial value:: Exception: validate transformed params: alpha_add[i_0__] is 2.5, but must be less than or equal to 2  (in 'model36511b51415e_NonCentered_GenBeta_Linear_Social_RiskSafe' at line 112)
: 
Chain 
Rejecting initial value:1: Chain 2
  Error evaluating the log probability at the initial value.
: Rejecting initial value:Chain Chain 1
Chain 3: Exception: validate transformed params: alpha_add[i_0__] is 2.5, but must be less than or equal to 2  (in 'model36511b51415e_NonCentered_GenBeta_Linear_Social_RiskSafe' at line 112)
2: : 
  Error evaluating the log probability at the initial value.  Error evaluating the log probability at the initial value.Chain 1

: Rejecting initial value:Chain 2Chain 
Chain : Exception: validate transformed params: alpha_add[i_0__] is 2.5, but must be less than or equal to 2  (in 'model36511b51415e_NonCentered_GenBeta_Linear_Social_RiskSafe' at line 112)
31: 
:   Error evaluating the log probability at the initial value.
Chain 2Exception: validate transformed params: alpha_add[i_0__] is 2.5, but must be less than or equal to 2  (in 'model36511b51415e_NonCentered_GenBeta_Linear_Social_RiskSafe' at line 112)
Chain 1: Rejecting initial value:
: Exception: validate transformed params: alpha_add[i_0__] is 2.5, but must be less than or equal to 2  (in 'model36511b51415e_NonCentered_GenBeta_Linear_Social_RiskSafe' at line 112)

Chain Chain 
2: 3Chain 1  Error evaluating the log probability at the initial value.
: : Rejecting initial value:Chain 2Rejecting initial value:
Chain : Exception: validate transformed params: alpha_add[i_0__] is 2.5, but must be less than or equal to 2  (in 'model36511b51415e_NonCentered_GenBeta_Linear_Social_RiskSafe' at line 112)

1: 
Chain   Error evaluating the log probability at the initial value.
Chain 23Chain 1: Rejecting initial value:: : Exception: validate transformed params: alpha_add[i_0__] is 2.5, but must be less than or equal to 2  (in 'model36511b51415e_NonCentered_GenBeta_Linear_Social_RiskSafe' at line 112)

Chain   Error evaluating the log probability at the initial value.
2
Chain 1:   Error evaluating the log probability at the initial value.Chain : Rejecting initial value:
Chain 3
Chain 2: : 1: Exception: validate transformed params: alpha_add[i_0__] is 2.5, but must be less than or equal to 2  (in 'model36511b51415e_NonCentered_GenBeta_Linear_Social_RiskSafe' at line 112)

Exception: validate transformed params: alpha_add[i_0__] is 2.5, but must be less than or equal to 2  (in 'model36511b51415e_NonCentered_GenBeta_Linear_Social_RiskSafe' at line 112)
  Error evaluating the log probability at the initial value.Chain 2

Chain : Rejecting initial value:Chain 1: 
Chain 3Exception: validate transformed params: alpha_add[i_0__] is 2.5, but must be less than or equal to 2  (in 'model36511b51415e_NonCentered_GenBeta_Linear_Social_RiskSafe' at line 112)
2: : 
  Error evaluating the log probability at the initial value.Rejecting initial value:Chain 
Chain 
1: 2: Chain Rejecting initial value:
Exception: validate transformed params: alpha_add[i_0__] is 2.5, but must be less than or equal to 2  (in 'model36511b51415e_NonCentered_GenBeta_Linear_Social_RiskSafe' at line 112)

3Chain 1Chain 2: :   Error evaluating the log probability at the initial value.: Rejecting initial value:  Error evaluating the log probability at the initial value.
Chain 
Chain 
1: 2: Chain Exception: validate transformed params: alpha_add[i_0__] is 2.5, but must be less than or equal to 2  (in 'model36511b51415e_NonCentered_GenBeta_Linear_Social_RiskSafe' at line 112)

  Error evaluating the log probability at the initial value.
3Chain 1Chain 2: : Rejecting initial value:: Exception: validate transformed params: alpha_add[i_0__] is 2.5, but must be less than or equal to 2  (in 'model36511b51415e_NonCentered_GenBeta_Linear_Social_RiskSafe' at line 112)
Exception: validate transformed params: alpha_add[i_0__] is 2.5, but must be less than or equal to 2  (in 'model36511b51415e_NonCentered_GenBeta_Linear_Social_RiskSafe' at line 112)

Chain 

1: Chain 2Chain   Error evaluating the log probability at the initial value.: Rejecting initial value:3
Chain 
Chain : 1: 2: Rejecting initial value:Exception: validate transformed params: alpha_add[i_0__] is 2.5, but must be less than or equal to 2  (in 'model36511b51415e_NonCentered_GenBeta_Linear_Social_RiskSafe' at line 112)

  Error evaluating the log probability at the initial value.
Chain 1
Chain Chain : Rejecting initial value:2: 3
Chain Exception: validate transformed params: alpha_add[i_0__] is 2.5, but must be less than or equal to 2  (in 'model36511b51415e_NonCentered_GenBeta_Linear_Social_RiskSafe' at line 112)

: 1: Chain 2  Error evaluating the log probability at the initial value.  Error evaluating the log probability at the initial value.
: Rejecting initial value:
Chain 1
Chain Chain : Exception: validate transformed params: alpha_add[i_0__] is 2.5, but must be less than or equal to 2  (in 'model36511b51415e_NonCentered_GenBeta_Linear_Social_RiskSafe' at line 112)
2: 3
  Error evaluating the log probability at the initial value.: Exception: validate transformed params: alpha_add[i_0__] is 2.5, but must be less than or equal to 2  (in 'model36511b51415e_NonCentered_GenBeta_Linear_Social_RiskSafe' at line 112)

Chain Chain 
21Chain 3: Exception: validate transformed params: alpha_add[i_0__] is 2.5, but must be less than or equal to 2  (in 'model36511b51415e_NonCentered_GenBeta_Linear_Social_RiskSafe' at line 112)
: : Rejecting initial value:
Rejecting initial value:
Chain Chain 2
3: : Rejecting initial value:Chain   Error evaluating the log probability at the initial value.

Chain 1Chain 32: : : Exception: validate transformed params: alpha_add[i_0__] is 2.5, but must be less than or equal to 2  (in 'model36511b51415e_NonCentered_GenBeta_Linear_Social_RiskSafe' at line 112)
  Error evaluating the log probability at the initial value.
  Error evaluating the log probability at the initial value.
Chain 
Chain 32: Chain : Rejecting initial value:Exception: validate transformed params: alpha_add[i_0__] is 2.5, but must be less than or equal to 2  (in 'model36511b51415e_NonCentered_GenBeta_Linear_Social_RiskSafe' at line 112)

1
Chain Chain 2: 3: : Rejecting initial value:Exception: validate transformed params: alpha_add[i_0__] is 2.5, but must be less than or equal to 2  (in 'model36511b51415e_NonCentered_GenBeta_Linear_Social_RiskSafe' at line 112)
  Error evaluating the log probability at the initial value.

Chain 
Chain 32: Chain : Exception: validate transformed params: alpha_add[i_0__] is 2.5, but must be less than or equal to 2  (in 'model36511b51415e_NonCentered_GenBeta_Linear_Social_RiskSafe' at line 112)
  Error evaluating the log probability at the initial value.
1
Chain : Chain 32: Rejecting initial value:: Rejecting initial value:Exception: validate transformed params: alpha_add[i_0__] is 2.5, but must be less than or equal to 2  (in 'model36511b51415e_NonCentered_GenBeta_Linear_Social_RiskSafe' at line 112)



Chain 2Chain Chain 3: Rejecting initial value:1:   Error evaluating the log probability at the initial value.
Chain : 
Chain 2:   Error evaluating the log probability at the initial value.3:   Error evaluating the log probability at the initial value.

Exception: validate transformed params: alpha_add[i_0__] is 2.5, but must be less than or equal to 2  (in 'model36511b51415e_NonCentered_GenBeta_Linear_Social_RiskSafe' at line 112)

Chain Chain Chain 32: 1: Rejecting initial value:Exception: validate transformed params: alpha_add[i_0__] is 2.5, but must be less than or equal to 2  (in 'model36511b51415e_NonCentered_GenBeta_Linear_Social_RiskSafe' at line 112)

: 
Chain Chain 2Exception: validate transformed params: alpha_add[i_0__] is 2.5, but must be less than or equal to 2  (in 'model36511b51415e_NonCentered_GenBeta_Linear_Social_RiskSafe' at line 112)
3: Rejecting initial value:
:   Error evaluating the log probability at the initial value.
Chain Chain 
Chain 2: 13:   Error evaluating the log probability at the initial value.
: Exception: validate transformed params: alpha_add[i_0__] is 2.5, but must be less than or equal to 2  (in 'model36511b51415e_NonCentered_GenBeta_Linear_Social_RiskSafe' at line 112)

Chain Rejecting initial value:Chain 32: 
: Rejecting initial value:Exception: validate transformed params: alpha_add[i_0__] is 2.5, but must be less than or equal to 2  (in 'model36511b51415e_NonCentered_GenBeta_Linear_Social_RiskSafe' at line 112)

Chain 
Chain Chain 213: : Rejecting initial value::   Error evaluating the log probability at the initial value.

  Error evaluating the log probability at the initial value.Chain 3Chain 2
: :   Error evaluating the log probability at the initial value.Chain Exception: validate transformed params: alpha_add[i_0__] is 2.5, but must be less than or equal to 2  (in 'model36511b51415e_NonCentered_GenBeta_Linear_Social_RiskSafe' at line 112)


1Chain 3Chain 2: : Rejecting initial value:: Exception: validate transformed params: alpha_add[i_0__] is 2.5, but must be less than or equal to 2  (in 'model36511b51415e_NonCentered_GenBeta_Linear_Social_RiskSafe' at line 112)
Exception: validate transformed params: alpha_add[i_0__] is 2.5, but must be less than or equal to 2  (in 'model36511b51415e_NonCentered_GenBeta_Linear_Social_RiskSafe' at line 112)

Chain 

3: Chain 2Chain   Error evaluating the log probability at the initial value.
: Rejecting initial value:1Chain 3
Chain : : Exception: validate transformed params: alpha_add[i_0__] is 2.5, but must be less than or equal to 2  (in 'model36511b51415e_NonCentered_GenBeta_Linear_Social_RiskSafe' at line 112)
2: Rejecting initial value:
  Error evaluating the log probability at the initial value.
Chain 3
Chain Chain : Rejecting initial value:2: 1
Chain Exception: validate transformed params: alpha_add[i_0__] is 2.5, but must be less than or equal to 2  (in 'model36511b51415e_NonCentered_GenBeta_Linear_Social_RiskSafe' at line 112)

: 3: Chain 2  Error evaluating the log probability at the initial value.  Error evaluating the log probability at the initial value.
: 
Chain 3Rejecting initial value:
Chain : Exception: validate transformed params: alpha_add[i_0__] is 2.5, but must be less than or equal to 2  (in 'model36511b51415e_NonCentered_GenBeta_Linear_Social_RiskSafe' at line 112)
Chain 21
:   Error evaluating the log probability at the initial value.: Chain 3
Chain Exception: validate transformed params: alpha_add[i_0__] is 2.5, but must be less than or equal to 2  (in 'model36511b51415e_NonCentered_GenBeta_Linear_Social_RiskSafe' at line 112)
: Rejecting initial value:2: 

Chain Exception: validate transformed params: alpha_add[i_0__] is 2.5, but must be less than or equal to 2  (in 'model36511b51415e_NonCentered_GenBeta_Linear_Social_RiskSafe' at line 112)

Chain 3Chain 21:   Error evaluating the log probability at the initial value.: Rejecting initial value:: 
Chain 
Chain Rejecting initial value:3: 2: 
Chain Exception: validate transformed params: alpha_add[i_0__] is 2.5, but must be less than or equal to 2  (in 'model36511b51415e_NonCentered_GenBeta_Linear_Social_RiskSafe' at line 112)
  Error evaluating the log probability at the initial value.1

: Chain Chain   Error evaluating the log probability at the initial value.
32Chain 1: : : Exception: validate transformed params: alpha_add[i_0__] is 2.5, but must be less than or equal to 2  (in 'model36511b51415e_NonCentered_GenBeta_Linear_Social_RiskSafe' at line 112)
Rejecting initial value:Exception: validate transformed params: alpha_add[i_0__] is 2.5, but must be less than or equal to 2  (in 'model36511b51415e_NonCentered_GenBeta_Linear_Social_RiskSafe' at line 112)


Chain 
Chain 31Chain :   Error evaluating the log probability at the initial value.: 2
Chain Rejecting initial value:: Rejecting initial value:3

Chain : Exception: validate transformed params: alpha_add[i_0__] is 2.5, but must be less than or equal to 2  (in 'model36511b51415e_NonCentered_GenBeta_Linear_Social_RiskSafe' at line 112)
Chain 2: 
1  Error evaluating the log probability at the initial value.
Chain 3: Chain 2: Rejecting initial value:  Error evaluating the log probability at the initial value.: Exception: validate transformed params: alpha_add[i_0__] is 2.5, but must be less than or equal to 2  (in 'model36511b51415e_NonCentered_GenBeta_Linear_Social_RiskSafe' at line 112)

Chain 

3: Chain Chain 2  Error evaluating the log probability at the initial value.
1: Rejecting initial value:Chain 3: 
: Exception: validate transformed params: alpha_add[i_0__] is 2.5, but must be less than or equal to 2  (in 'model36511b51415e_NonCentered_GenBeta_Linear_Social_RiskSafe' at line 112)
Exception: validate transformed params: alpha_add[i_0__] is 2.5, but must be less than or equal to 2  (in 'model36511b51415e_NonCentered_GenBeta_Linear_Social_RiskSafe' at line 112)
Chain 

2Chain 3Chain : : Rejecting initial value:1  Error evaluating the log probability at the initial value.
Chain : 
3: Rejecting initial value:Chain   Error evaluating the log probability at the initial value.

2Chain 3Chain : : Exception: validate transformed params: alpha_add[i_0__] is 2.5, but must be less than or equal to 2  (in 'model36511b51415e_NonCentered_GenBeta_Linear_Social_RiskSafe' at line 112)
1Exception: validate transformed params: alpha_add[i_0__] is 2.5, but must be less than or equal to 2  (in 'model36511b51415e_NonCentered_GenBeta_Linear_Social_RiskSafe' at line 112)

: 
Chain 3  Error evaluating the log probability at the initial value.Chain : Rejecting initial value:
2
Chain Chain : 3: 1Rejecting initial value:  Error evaluating the log probability at the initial value.
: 
Chain 3Exception: validate transformed params: alpha_add[i_0__] is 2.5, but must be less than or equal to 2  (in 'model36511b51415e_NonCentered_GenBeta_Linear_Social_RiskSafe' at line 112)
Chain : Exception: validate transformed params: alpha_add[i_0__] is 2.5, but must be less than or equal to 2  (in 'model36511b51415e_NonCentered_GenBeta_Linear_Social_RiskSafe' at line 112)

2
Chain : Chain 31  Error evaluating the log probability at the initial value.: Rejecting initial value:: 

Chain Rejecting initial value:Chain 3: 
2  Error evaluating the log probability at the initial value.
Chain : Chain 31Exception: validate transformed params: alpha_add[i_0__] is 2.5, but must be less than or equal to 2  (in 'model36511b51415e_NonCentered_GenBeta_Linear_Social_RiskSafe' at line 112)
: Exception: validate transformed params: alpha_add[i_0__] is 2.5, but must be less than or equal to 2  (in 'model36511b51415e_NonCentered_GenBeta_Linear_Social_RiskSafe' at line 112)
: 

  Error evaluating the log probability at the initial value.Chain Chain 3
2: Rejecting initial value:Chain : 
Chain 1Rejecting initial value:
3: : Chain 2  Error evaluating the log probability at the initial value.
Exception: validate transformed params: alpha_add[i_0__] is 2.5, but must be less than or equal to 2  (in 'model36511b51415e_NonCentered_GenBeta_Linear_Social_RiskSafe' at line 112)
:   Error evaluating the log probability at the initial value.Chain 3

Chain : Exception: validate transformed params: alpha_add[i_0__] is 2.5, but must be less than or equal to 2  (in 'model36511b51415e_NonCentered_GenBeta_Linear_Social_RiskSafe' at line 112)
Chain 2: 
1Exception: validate transformed params: alpha_add[i_0__] is 2.5, but must be less than or equal to 2  (in 'model36511b51415e_NonCentered_GenBeta_Linear_Social_RiskSafe' at line 112)

Chain 3: Chain 2: Rejecting initial value:Rejecting initial value:: Rejecting initial value:
Chain 

Chain 3: Chain 2:   Error evaluating the log probability at the initial value.
1  Error evaluating the log probability at the initial value.
Chain 3: Chain 2: Exception: validate transformed params: alpha_add[i_0__] is 2.5, but must be less than or equal to 2  (in 'model36511b51415e_NonCentered_GenBeta_Linear_Social_RiskSafe' at line 112)
  Error evaluating the log probability at the initial value.: 

Exception: validate transformed params: alpha_add[i_0__] is 2.5, but must be less than or equal to 2  (in 'model36511b51415e_NonCentered_GenBeta_Linear_Social_RiskSafe' at line 112)

Chain 3Chain Chain 2: Rejecting initial value:1: Rejecting initial value:
Chain : 
Chain 3: Exception: validate transformed params: alpha_add[i_0__] is 2.5, but must be less than or equal to 2  (in 'model36511b51415e_NonCentered_GenBeta_Linear_Social_RiskSafe' at line 112)
2:   Error evaluating the log probability at the initial value.

  Error evaluating the log probability at the initial value.
Chain 3Chain Chain 2: Exception: validate transformed params: alpha_add[i_0__] is 2.5, but must be less than or equal to 2  (in 'model36511b51415e_NonCentered_GenBeta_Linear_Social_RiskSafe' at line 112)
1: Exception: validate transformed params: alpha_add[i_0__] is 2.5, but must be less than or equal to 2  (in 'model36511b51415e_NonCentered_GenBeta_Linear_Social_RiskSafe' at line 112)

: 
Chain Rejecting initial value:Chain 23: 
: Rejecting initial value:Rejecting initial value:
Chain 
Chain Chain 312: :   Error evaluating the log probability at the initial value.:   Error evaluating the log probability at the initial value.

Chain   Error evaluating the log probability at the initial value.Chain 23: 
: Exception: validate transformed params: alpha_add[i_0__] is 2.5, but must be less than or equal to 2  (in 'model36511b51415e_NonCentered_GenBeta_Linear_Social_RiskSafe' at line 112)
Exception: validate transformed params: alpha_add[i_0__] is 2.5, but must be less than or equal to 2  (in 'model36511b51415e_NonCentered_GenBeta_Linear_Social_RiskSafe' at line 112)

Chain 
Chain 1Chain 23: : : Rejecting initial value:
Chain Exception: validate transformed params: alpha_add[i_0__] is 2.5, but must be less than or equal to 2  (in 'model36511b51415e_NonCentered_GenBeta_Linear_Social_RiskSafe' at line 112)

3: 
Chain 2Initialization between (-2, 2) failed after 100 attempts. 
Chain :   Error evaluating the log probability at the initial value.Chain 31
Chain :  Try specifying initial values, reducing ranges of constrained values, or reparameterizing the model.: 2: 
Rejecting initial value:Exception: validate transformed params: alpha_add[i_0__] is 2.5, but must be less than or equal to 2  (in 'model36511b51415e_NonCentered_GenBeta_Linear_Social_RiskSafe' at line 112)


Chain Chain 12: :   Error evaluating the log probability at the initial value.Rejecting initial value:

Chain Chain 12: : Exception: validate transformed params: alpha_add[i_0__] is 2.5, but must be less than or equal to 2  (in 'model36511b51415e_NonCentered_GenBeta_Linear_Social_RiskSafe' at line 112)
  Error evaluating the log probability at the initial value.

Chain Chain 12: : Rejecting initial value:Exception: validate transformed params: alpha_add[i_0__] is 2.5, but must be less than or equal to 2  (in 'model36511b51415e_NonCentered_GenBeta_Linear_Social_RiskSafe' at line 112)


Chain Chain 12: :   Error evaluating the log probability at the initial value.Rejecting initial value:

Chain Chain 12: : Exception: validate transformed params: alpha_add[i_0__] is 2.5, but must be less than or equal to 2  (in 'model36511b51415e_NonCentered_GenBeta_Linear_Social_RiskSafe' at line 112)
  Error evaluating the log probability at the initial value.

Chain Chain 12: : Rejecting initial value:Exception: validate transformed params: alpha_add[i_0__] is 2.5, but must be less than or equal to 2  (in 'model36511b51415e_NonCentered_GenBeta_Linear_Social_RiskSafe' at line 112)


Chain Chain 12: :   Error evaluating the log probability at the initial value.Rejecting initial value:

Chain Chain 12: : Exception: validate transformed params: alpha_add[i_0__] is 2.5, but must be less than or equal to 2  (in 'model36511b51415e_NonCentered_GenBeta_Linear_Social_RiskSafe' at line 112)
  Error evaluating the log probability at the initial value.

Chain Chain 12: [1]: Rejecting initial value: "Error in sampler$call_sampler(args_list[[i]]) : Initialization failed."
Exception: validate transformed params: alpha_add[i_0__] is 2.5, but must be less than or equal to 2  (in 'model36511b51415e_NonCentered_GenBeta_Linear_Social_RiskSafe' at line 112)


Chain 1Chain 2:   Error evaluating the log probability at the initial value.: Rejecting initial value:
Chain 
1: Chain Exception: validate transformed params: alpha_add[i_0__] is 2.5, but must be less than or equal to 2  (in 'model36511b51415e_NonCentered_GenBeta_Linear_Social_RiskSafe' at line 112)

2: Chain 1  Error evaluating the log probability at the initial value.: Rejecting initial value:

Chain Chain 1: 2  Error evaluating the log probability at the initial value.
: Chain 1Exception: validate transformed params: alpha_add[i_0__] is 2.5, but must be less than or equal to 2  (in 'model36511b51415e_NonCentered_GenBeta_Linear_Social_RiskSafe' at line 112)
: Exception: validate transformed params: alpha_add[i_0__] is 2.5, but must be less than or equal to 2  (in 'model36511b51415e_NonCentered_GenBeta_Linear_Social_RiskSafe' at line 112)


Chain Chain 12: Rejecting initial value:: 
Chain Rejecting initial value:1: 
  Error evaluating the log probability at the initial value.
Chain Chain 12: Exception: validate transformed params: alpha_add[i_0__] is 2.5, but must be less than or equal to 2  (in 'model36511b51415e_NonCentered_GenBeta_Linear_Social_RiskSafe' at line 112)
: 
  Error evaluating the log probability at the initial value.Chain 1
: Rejecting initial value:Chain 
Chain 21: :   Error evaluating the log probability at the initial value.
Exception: validate transformed params: alpha_add[i_0__] is 2.5, but must be less than or equal to 2  (in 'model36511b51415e_NonCentered_GenBeta_Linear_Social_RiskSafe' at line 112)
Chain 1
: Exception: validate transformed params: alpha_add[i_0__] is 2.5, but must be less than or equal to 2  (in 'model36511b51415e_NonCentered_GenBeta_Linear_Social_RiskSafe' at line 112)

Chain Chain 12: Rejecting initial value:: 
Chain Rejecting initial value:1: 
  Error evaluating the log probability at the initial value.
Chain Chain 12: Exception: validate transformed params: alpha_add[i_0__] is 2.5, but must be less than or equal to 2  (in 'model36511b51415e_NonCentered_GenBeta_Linear_Social_RiskSafe' at line 112)
: 
  Error evaluating the log probability at the initial value.Chain 1
: Rejecting initial value:Chain 
Chain 21: :   Error evaluating the log probability at the initial value.
Exception: validate transformed params: alpha_add[i_0__] is 2.5, but must be less than or equal to 2  (in 'model36511b51415e_NonCentered_GenBeta_Linear_Social_RiskSafe' at line 112)
Chain 1
: Exception: validate transformed params: alpha_add[i_0__] is 2.5, but must be less than or equal to 2  (in 'model36511b51415e_NonCentered_GenBeta_Linear_Social_RiskSafe' at line 112)

Chain Chain 2: 1Rejecting initial value:
: Chain 2Rejecting initial value::   Error evaluating the log probability at the initial value.

Chain Chain 2: 1Exception: validate transformed params: alpha_add[i_0__] is 2.5, but must be less than or equal to 2  (in 'model36511b51415e_NonCentered_GenBeta_Linear_Social_RiskSafe' at line 112)

:   Error evaluating the log probability at the initial value.
Chain 1: Exception: validate transformed params: alpha_add[i_0__] is 2.5, but must be less than or equal to 2  (in 'model36511b51415e_NonCentered_GenBeta_Linear_Social_RiskSafe' at line 112)
Chain 2
: Rejecting initial value:Chain 
Chain 12: :   Error evaluating the log probability at the initial value.
Rejecting initial value:Chain 2
: Exception: validate transformed params: alpha_add[i_0__] is 2.5, but must be less than or equal to 2  (in 'model36511b51415e_NonCentered_GenBeta_Linear_Social_RiskSafe' at line 112)
Chain 
1Chain 2: : Rejecting initial value:  Error evaluating the log probability at the initial value.
Chain 
2: Chain   Error evaluating the log probability at the initial value.
1Chain 2: : Exception: validate transformed params: alpha_add[i_0__] is 2.5, but must be less than or equal to 2  (in 'model36511b51415e_NonCentered_GenBeta_Linear_Social_RiskSafe' at line 112)
Exception: validate transformed params: alpha_add[i_0__] is 2.5, but must be less than or equal to 2  (in 'model36511b51415e_NonCentered_GenBeta_Linear_Social_RiskSafe' at line 112)


Chain 2: Chain Rejecting initial value:
1Chain 2: :   Error evaluating the log probability at the initial value.Rejecting initial value:
Chain 
2: Chain Exception: validate transformed params: alpha_add[i_0__] is 2.5, but must be less than or equal to 2  (in 'model36511b51415e_NonCentered_GenBeta_Linear_Social_RiskSafe' at line 112)

1Chain 2: : Rejecting initial value:  Error evaluating the log probability at the initial value.
Chain 
Chain 21: : Exception: validate transformed params: alpha_add[i_0__] is 2.5, but must be less than or equal to 2  (in 'model36511b51415e_NonCentered_GenBeta_Linear_Social_RiskSafe' at line 112)

  Error evaluating the log probability at the initial value.Chain 
Chain 1: 2Rejecting initial value:
: Exception: validate transformed params: alpha_add[i_0__] is 2.5, but must be less than or equal to 2  (in 'model36511b51415e_NonCentered_GenBeta_Linear_Social_RiskSafe' at line 112)
Chain 1
:   Error evaluating the log probability at the initial value.Chain 2
Chain : Rejecting initial value:1: 
Chain Exception: validate transformed params: alpha_add[i_0__] is 2.5, but must be less than or equal to 2  (in 'model36511b51415e_NonCentered_GenBeta_Linear_Social_RiskSafe' at line 112)

2Chain 1:   Error evaluating the log probability at the initial value.: 
Chain Rejecting initial value:
2: Chain Exception: validate transformed params: alpha_add[i_0__] is 2.5, but must be less than or equal to 2  (in 'model36511b51415e_NonCentered_GenBeta_Linear_Social_RiskSafe' at line 112)

1: Chain 2  Error evaluating the log probability at the initial value.
: Rejecting initial value:Chain 1
Chain : Exception: validate transformed params: alpha_add[i_0__] is 2.5, but must be less than or equal to 2  (in 'model36511b51415e_NonCentered_GenBeta_Linear_Social_RiskSafe' at line 112)
2: 
  Error evaluating the log probability at the initial value.
Chain 1Chain 2: Rejecting initial value:: Exception: validate transformed params: alpha_add[i_0__] is 2.5, but must be less than or equal to 2  (in 'model36511b51415e_NonCentered_GenBeta_Linear_Social_RiskSafe' at line 112)

Chain 
1Chain 2:   Error evaluating the log probability at the initial value.: Rejecting initial value:
Chain 
Chain 1: 2: Exception: validate transformed params: alpha_add[i_0__] is 2.5, but must be less than or equal to 2  (in 'model36511b51415e_NonCentered_GenBeta_Linear_Social_RiskSafe' at line 112)

  Error evaluating the log probability at the initial value.Chain 1
Chain : Rejecting initial value:2: 
Exception: validate transformed params: alpha_add[i_0__] is 2.5, but must be less than or equal to 2  (in 'model36511b51415e_NonCentered_GenBeta_Linear_Social_RiskSafe' at line 112)

Chain 1Chain 2:   Error evaluating the log probability at the initial value.: Rejecting initial value:
Chain 
Chain 1: 2: Exception: validate transformed params: alpha_add[i_0__] is 2.5, but must be less than or equal to 2  (in 'model36511b51415e_NonCentered_GenBeta_Linear_Social_RiskSafe' at line 112)

  Error evaluating the log probability at the initial value.
Chain 1Chain 2: Rejecting initial value:: Exception: validate transformed params: alpha_add[i_0__] is 2.5, but must be less than or equal to 2  (in 'model36511b51415e_NonCentered_GenBeta_Linear_Social_RiskSafe' at line 112)

Chain 
1Chain 2:   Error evaluating the log probability at the initial value.: Rejecting initial value:
Chain 
1: Chain Exception: validate transformed params: alpha_add[i_0__] is 2.5, but must be less than or equal to 2  (in 'model36511b51415e_NonCentered_GenBeta_Linear_Social_RiskSafe' at line 112)

2Chain : 1:   Error evaluating the log probability at the initial value.
Rejecting initial value:Chain 
Chain 2: 1: Exception: validate transformed params: alpha_add[i_0__] is 2.5, but must be less than or equal to 2  (in 'model36511b51415e_NonCentered_GenBeta_Linear_Social_RiskSafe' at line 112)

Chain 2:   Error evaluating the log probability at the initial value.
Rejecting initial value:
Chain Chain 21: :   Error evaluating the log probability at the initial value.Exception: validate transformed params: alpha_add[i_0__] is 2.5, but must be less than or equal to 2  (in 'model36511b51415e_NonCentered_GenBeta_Linear_Social_RiskSafe' at line 112)

Chain 
2: Exception: validate transformed params: alpha_add[i_0__] is 2.5, but must be less than or equal to 2  (in 'model36511b51415e_NonCentered_GenBeta_Linear_Social_RiskSafe' at line 112)
Chain 1
: Chain 2Rejecting initial value:
: Rejecting initial value:Chain 1
Chain :   Error evaluating the log probability at the initial value.2: 
Chain   Error evaluating the log probability at the initial value.
1: Chain 2Exception: validate transformed params: alpha_add[i_0__] is 2.5, but must be less than or equal to 2  (in 'model36511b51415e_NonCentered_GenBeta_Linear_Social_RiskSafe' at line 112)

: Chain Exception: validate transformed params: alpha_add[i_0__] is 2.5, but must be less than or equal to 2  (in 'model36511b51415e_NonCentered_GenBeta_Linear_Social_RiskSafe' at line 112)
1: 
Rejecting initial value:Chain 2
Chain : Rejecting initial value:1: 
Chain   Error evaluating the log probability at the initial value.
2: Chain 1  Error evaluating the log probability at the initial value.
: Exception: validate transformed params: alpha_add[i_0__] is 2.5, but must be less than or equal to 2  (in 'model36511b51415e_NonCentered_GenBeta_Linear_Social_RiskSafe' at line 112)
Chain 2
: Chain 1Exception: validate transformed params: alpha_add[i_0__] is 2.5, but must be less than or equal to 2  (in 'model36511b51415e_NonCentered_GenBeta_Linear_Social_RiskSafe' at line 112)

: Chain 2Rejecting initial value:
: Rejecting initial value:Chain 1
Chain :   Error evaluating the log probability at the initial value.2: 
Chain   Error evaluating the log probability at the initial value.
1: Chain 2Exception: validate transformed params: alpha_add[i_0__] is 2.5, but must be less than or equal to 2  (in 'model36511b51415e_NonCentered_GenBeta_Linear_Social_RiskSafe' at line 112)

: Chain 1Exception: validate transformed params: alpha_add[i_0__] is 2.5, but must be less than or equal to 2  (in 'model36511b51415e_NonCentered_GenBeta_Linear_Social_RiskSafe' at line 112)

: Rejecting initial value:Chain 2
Chain : 
1Chain 2:   Error evaluating the log probability at the initial value.: Initialization between (-2, 2) failed after 100 attempts. 
Chain 
Chain 1: 2: Exception: validate transformed params: alpha_add[i_0__] is 2.5, but must be less than or equal to 2  (in 'model36511b51415e_NonCentered_GenBeta_Linear_Social_RiskSafe' at line 112)

 Try specifying initial values, reducing ranges of constrained values, or reparameterizing the model.Chain 1
: Rejecting initial value:
Chain 1:   Error evaluating the log probability at the initial value.
Chain 1: Exception: validate transformed params: alpha_add[i_0__] is 2.5, but must be less than or equal to 2  (in 'model36511b51415e_NonCentered_GenBeta_Linear_Social_RiskSafe' at line 112)

Chain 1: Rejecting initial value:
Chain 1:   Error evaluating the log probability at the initial value.
Chain 1: Exception: validate transformed params: alpha_add[i_0__] is 2.5, but must be less than or equal to 2  (in 'model36511b51415e_NonCentered_GenBeta_Linear_Social_RiskSafe' at line 112)

Chain 1: Rejecting initial value:
Chain 1:   Error evaluating the log probability at the initial value.
Chain 1: Exception: validate transformed params: alpha_add[i_0__] is 2.5, but must be less than or equal to 2  (in 'model36511b51415e_NonCentered_GenBeta_Linear_Social_RiskSafe' at line 112)

Chain 1: Rejecting initial value:
Chain 1:   Error evaluating the log probability at the initial value.
Chain 1: Exception: validate transformed params: alpha_add[i_0__] is 2.5, but must be less than or equal to 2  (in 'model36511b51415e_NonCentered_GenBeta_Linear_Social_RiskSafe' at line 112)

Chain 1: Rejecting initial value:
Chain 1:   Error evaluating the log probability at the initial value.
Chain 1: Exception: validate transformed params: alpha_add[i_0__] is 2.5, but must be less than or equal to 2  (in 'model36511b51415e_NonCentered_GenBeta_Linear_Social_RiskSafe' at line 112)

Chain 1: Rejecting initial value:
Chain 1:   Error evaluating the log probability at the initial value.
Chain 1: Exception: validate transformed params: alpha_add[i_0__] is 2.5, but must be less than or equal to 2  (in 'model36511b51415e_NonCentered_GenBeta_Linear_Social_RiskSafe' at line 112)

Chain 1: Rejecting initial value:
Chain 1:   Error evaluating the log probability at the initial value.
Chain 1: Exception: validate transformed params: alpha_add[i_0__] is 2.5, but must be less than or equal to 2  (in 'model36511b51415e_NonCentered_GenBeta_Linear_Social_RiskSafe' at line 112)

Chain 1: Rejecting initial value:
Chain 1:   Error evaluating the log probability at the initial value.
Chain [1]1:  "Error in sampler$call_sampler(args_list[[i]]) : Initialization failed."
Exception: validate transformed params: alpha_add[i_0__] is 2.5, but must be less than or equal to 2  (in 'model36511b51415e_NonCentered_GenBeta_Linear_Social_RiskSafe' at line 112)

Chain 1: Rejecting initial value:
Chain 1:   Error evaluating the log probability at the initial value.
Chain 1: Exception: validate transformed params: alpha_add[i_0__] is 2.5, but must be less than or equal to 2  (in 'model36511b51415e_NonCentered_GenBeta_Linear_Social_RiskSafe' at line 112)

Chain 1: Rejecting initial value:
Chain 1:   Error evaluating the log probability at the initial value.
Chain 1: Exception: validate transformed params: alpha_add[i_0__] is 2.5, but must be less than or equal to 2  (in 'model36511b51415e_NonCentered_GenBeta_Linear_Social_RiskSafe' at line 112)

Chain 1: Rejecting initial value:
Chain 1:   Error evaluating the log probability at the initial value.
Chain 1: Exception: validate transformed params: alpha_add[i_0__] is 2.5, but must be less than or equal to 2  (in 'model36511b51415e_NonCentered_GenBeta_Linear_Social_RiskSafe' at line 112)

Chain 1: Rejecting initial value:
Chain 1:   Error evaluating the log probability at the initial value.
Chain 1: Exception: validate transformed params: alpha_add[i_0__] is 2.5, but must be less than or equal to 2  (in 'model36511b51415e_NonCentered_GenBeta_Linear_Social_RiskSafe' at line 112)

Chain 1: Rejecting initial value:
Chain 1:   Error evaluating the log probability at the initial value.
Chain 1: Exception: validate transformed params: alpha_add[i_0__] is 2.5, but must be less than or equal to 2  (in 'model36511b51415e_NonCentered_GenBeta_Linear_Social_RiskSafe' at line 112)

Chain 1: 
Chain 1: Initialization between (-2, 2) failed after 100 attempts. 
Chain 1:  Try specifying initial values, reducing ranges of constrained values, or reparameterizing the model.
[1] "Error in sampler$call_sampler(args_list[[i]]) : Initialization failed."
[[1]]
Stan model 'NonCentered_GenBeta_Linear_Social_RiskSafe' does not contain samples.

[[2]]
Stan model 'NonCentered_GenBeta_Linear_Social_RiskSafe' does not contain samples.

[[3]]
Stan model 'NonCentered_GenBeta_Linear_Social_RiskSafe' does not contain samples.

