[1] "1"
 # of (max) trials per subject =  132 

[1] 0.375 0.125 0.500 0.250 0.750 0.675

SAMPLING FOR MODEL 'NonCentered_GenBeta_Linear_Social_RiskSafe_multi' NOW (CHAIN 3).

SAMPLING FOR MODEL 'NonCentered_GenBeta_Linear_Social_RiskSafe_multi' NOW (CHAIN 1
).
SAMPLING FOR MODEL 'NonCentered_GenBeta_Linear_Social_RiskSafe_multi' NOW (CHAIN 2).
Chain 3: 
Chain 3: Gradient evaluation took 0.0836 seconds
Chain 3: 1000 transitions using 10 leapfrog steps per transition would take 836 seconds.
Chain 3: Adjust your expectations accordingly!
Chain 3: 
Chain 3: 
Chain Chain 12: : 

Chain Chain 12: : Gradient evaluation took 0.111929 secondsGradient evaluation took 0.110946 seconds

Chain Chain 12: : 1000 transitions using 10 leapfrog steps per transition would take 1119.29 seconds.1000 transitions using 10 leapfrog steps per transition would take 1109.46 seconds.

Chain Chain 12: : Adjust your expectations accordingly!Adjust your expectations accordingly!

Chain Chain 12: : 

Chain Chain 12: : 

Chain 3: Iteration:    1 / 2000 [  0%]  (Warmup)
Chain Chain 21: : Iteration:    1 / 2000 [  0%]  (Warmup)Iteration:    1 / 2000 [  0%]  (Warmup)

