[1] "2"
 # of (max) trials per subject =  132 

[1] 0.125 0.250 0.675 0.750 0.375 0.500

SAMPLING FOR MODEL 'NonCentered_GenBeta_Linear_Social_RewSens_multi' NOW (CHAIN 1).

SAMPLING FOR MODEL 'NonCentered_GenBeta_Linear_Social_RewSens_multi' NOW (CHAIN 2).

SAMPLING FOR MODEL 'NonCentered_GenBeta_Linear_Social_RewSens_multi' NOW (CHAIN 3).
Chain 1: 
Chain 1: Gradient evaluation took 0.114773 seconds
Chain 1: 1000 transitions using 10 leapfrog steps per transition would take 1147.73 seconds.
Chain 1: Adjust your expectations accordingly!
Chain 1: 
Chain 1: 
Chain 2: 
Chain 2Chain : 3Gradient evaluation took 0.148627 seconds: 

Chain Chain 23: : 1000 transitions using 10 leapfrog steps per transition would take 1486.27 seconds.Gradient evaluation took 0.147074 seconds

Chain Chain 23: : Adjust your expectations accordingly!1000 transitions using 10 leapfrog steps per transition would take 1470.74 seconds.

Chain Chain 23: : 
Adjust your expectations accordingly!Chain 
2Chain : 3
: 
Chain 3: 
Chain 1: Iteration:    1 / 2000 [  0%]  (Warmup)
Chain Chain 32: : Iteration:    1 / 2000 [  0%]  (Warmup)Iteration:    1 / 2000 [  0%]  (Warmup)

