[1] "0"
 # of (max) trials per subject =  132 

[1] 0.250 0.750 0.375 0.500 0.675 0.125

SAMPLING FOR MODEL 'NonCentered_GenBeta_Linear_Social_RiskSafe_multi' NOW (CHAIN 3).

SAMPLING FOR MODEL 'NonCentered_GenBeta_Linear_Social_RiskSafe_multi
' NOW (CHAIN SAMPLING1 FOR MODEL ').
NonCentered_GenBeta_Linear_Social_RiskSafe_multi' NOW (CHAIN 2).
Chain 3: 
Chain 3: Gradient evaluation took 0.110541 seconds
Chain 3: 1000 transitions using 10 leapfrog steps per transition would take 1105.41 seconds.
Chain 3: Adjust your expectations accordingly!
Chain 3: 
Chain 3: 
Chain Chain 12: : 

Chain Chain 12: : Gradient evaluation took 0.149653 secondsGradient evaluation took 0.149897 seconds

Chain Chain 12: : 1000 transitions using 10 leapfrog steps per transition would take 1496.53 seconds.1000 transitions using 10 leapfrog steps per transition would take 1498.97 seconds.

Chain Chain 12: : Adjust your expectations accordingly!Adjust your expectations accordingly!

Chain Chain 12: : 

Chain Chain 12: : 

Chain 3: Iteration:    1 / 2000 [  0%]  (Warmup)
Chain 1: Iteration:    1 / 2000 [  0%]  (Warmup)
Chain 2: Iteration:    1 / 2000 [  0%]  (Warmup)
