[1] "3"
 # of (max) trials per subject =  132 

[1] 0.500 0.375 0.125 0.675 0.250 0.750

SAMPLING FOR MODEL 'NonCentered_GenBeta_Linear_Social' NOW (CHAIN 
SAMPLING3).

 FOR MODEL 'SAMPLINGNonCentered_GenBeta_Linear_Social FOR MODEL '' NOW (CHAIN NonCentered_GenBeta_Linear_Social1' NOW (CHAIN ).
2).
Chain 3: 
Chain 3: Gradient evaluation took 0.034511 seconds
Chain 3: 1000 transitions using 10 leapfrog steps per transition would take 345.11 seconds.
Chain 3: Adjust your expectations accordingly!
Chain 3: 
Chain 3: 
Chain Chain 21: : 

Chain Chain 21: : Gradient evaluation took 0.044473 secondsGradient evaluation took 0.044445 seconds

Chain Chain 21: : 1000 transitions using 10 leapfrog steps per transition would take 444.73 seconds.1000 transitions using 10 leapfrog steps per transition would take 444.45 seconds.

Chain Chain 12: : Adjust your expectations accordingly!Adjust your expectations accordingly!

Chain Chain 21: : 

Chain Chain 21: : 

Chain 3: Iteration:    1 / 2000 [  0%]  (Warmup)
Chain 2: Iteration:    1 / 2000 [  0%]  (Warmup)
Chain 1: Iteration:    1 / 2000 [  0%]  (Warmup)
Chain 2: Iteration:  200 / 2000 [ 10%]  (Warmup)
Chain 3: Iteration:  200 / 2000 [ 10%]  (Warmup)
Chain 1: Iteration:  200 / 2000 [ 10%]  (Warmup)
