[1] "3"
 # of (max) trials per subject =  132 

[1] 0.500 0.375 0.125 0.675 0.250 0.750

SAMPLING FOR MODEL 'NonCentered_GenBeta_Linear_Social_RiskSafe' NOW (CHAIN 3).


SAMPLINGSAMPLING FOR MODEL ' FOR MODEL 'NonCentered_GenBeta_Linear_Social_RiskSafeNonCentered_GenBeta_Linear_Social_RiskSafe' NOW (CHAIN ' NOW (CHAIN 12).
).
Chain 3: 
Chain 3: Gradient evaluation took 0.037385 seconds
Chain 3: 1000 transitions using 10 leapfrog steps per transition would take 373.85 seconds.
Chain 3: Adjust your expectations accordingly!
Chain 3: 
Chain 3: 
Chain Chain 12: : 

Chain Chain 12: : Gradient evaluation took 0.049836 secondsGradient evaluation took 0.049651 seconds

Chain Chain 12: : 1000 transitions using 10 leapfrog steps per transition would take 498.36 seconds.1000 transitions using 10 leapfrog steps per transition would take 496.51 seconds.
Chain 
1Chain : 2Adjust your expectations accordingly!
: Adjust your expectations accordingly!Chain 
1: Chain 
2Chain : 1
: Chain 
2: 
Chain 3: Iteration:    1 / 2000 [  0%]  (Warmup)
Chain 2: Iteration:    1 / 2000 [  0%]  (Warmup)
Chain 1: Iteration:    1 / 2000 [  0%]  (Warmup)
Chain 2: Iteration:  200 / 2000 [ 10%]  (Warmup)
Chain 1: Iteration:  200 / 2000 [ 10%]  (Warmup)
Chain 3: Iteration:  200 / 2000 [ 10%]  (Warmup)
