[1] "3"
 # of (max) trials per subject =  132 

[1] 0.500 0.375 0.125 0.675 0.250 0.750

SAMPLING FOR MODEL 'NonCentered_GenBeta_Linear_Social_RewSens_multi' NOW (CHAIN 1).


SAMPLINGSAMPLING FOR MODEL ' FOR MODEL 'NonCentered_GenBeta_Linear_Social_RewSens_multiNonCentered_GenBeta_Linear_Social_RewSens_multi' NOW (CHAIN ' NOW (CHAIN 23).
).
Chain 1: 
Chain 1: Gradient evaluation took 0.057835 seconds
Chain 1: 1000 transitions using 10 leapfrog steps per transition would take 578.35 seconds.
Chain 1: Adjust your expectations accordingly!
Chain 1: 
Chain 1: 
Chain Chain 23: : 

Chain Chain 23: : Gradient evaluation took 0.081093 secondsGradient evaluation took 0.081205 seconds

Chain Chain 32: 1000 transitions using 10 leapfrog steps per transition would take 812.05 seconds.: 
1000 transitions using 10 leapfrog steps per transition would take 810.93 seconds.Chain 
3: Chain Adjust your expectations accordingly!
2Chain 3: : 
Adjust your expectations accordingly!Chain 3: 

Chain 2: 
Chain 2: 
Chain 1: Iteration:    1 / 2000 [  0%]  (Warmup)
Chain 3: Iteration:    1 / 2000 [  0%]  (Warmup)
Chain 2: Iteration:    1 / 2000 [  0%]  (Warmup)
