[1] "1"
 # of (max) trials per subject =  132 

[1] 0.375 0.125 0.500 0.250 0.750 0.675

SAMPLING FOR MODEL 'NonCentered_GenBeta_Linear_Social_RiskSafe_multiPerG' NOW (CHAIN 3).

SAMPLING FOR MODEL '
NonCentered_GenBeta_Linear_Social_RiskSafe_multiPerGSAMPLING' NOW (CHAIN  FOR MODEL '1NonCentered_GenBeta_Linear_Social_RiskSafe_multiPerG).
' NOW (CHAIN 2).
Chain 3: 
Chain 3: Gradient evaluation took 0.054271 seconds
Chain 3: 1000 transitions using 10 leapfrog steps per transition would take 542.71 seconds.
Chain 3: Adjust your expectations accordingly!
Chain 3: 
Chain 3: 
Chain 1: Chain 
2Chain : 1
: Chain Gradient evaluation took 0.074945 seconds2
: Chain Gradient evaluation took 0.074876 seconds1
: Chain 1000 transitions using 10 leapfrog steps per transition would take 749.45 seconds.2
: Chain 1000 transitions using 10 leapfrog steps per transition would take 748.76 seconds.1
: Chain Adjust your expectations accordingly!2
: Chain Adjust your expectations accordingly!1
: Chain 
2Chain : 1
: Chain 
2: 
Chain 3: Iteration:    1 / 2000 [  0%]  (Warmup)
Chain 2: Iteration:    1 / 2000 [  0%]  (Warmup)
Chain 1: Iteration:    1 / 2000 [  0%]  (Warmup)
