[1] "0"
 # of (max) trials per subject =  132 

[1] 0.250 0.750 0.375 0.500 0.675 0.125

SAMPLING FOR MODEL 'NonCentered_GenBeta_Linear_Social_RewSens_multi' NOW (CHAIN 1).

SAMPLING FOR MODEL 'NonCentered_GenBeta_Linear_Social_RewSens_multi' NOW (CHAIN 
SAMPLING3 FOR MODEL 'NonCentered_GenBeta_Linear_Social_RewSens_multi).
' NOW (CHAIN 2).
Chain 3: 
Chain 3: Gradient evaluation took 0.122769 seconds
Chain 3: 1000 transitions using 10 leapfrog steps per transition would take 1227.69 seconds.
Chain 3: Adjust your expectations accordingly!
Chain 3: 
Chain 3: 
Chain 1: 
Chain 1: Gradient evaluation took 0.161816 seconds
Chain Chain 12: : 1000 transitions using 10 leapfrog steps per transition would take 1618.16 seconds.

Chain Chain 21: : Gradient evaluation took 0.15986 secondsAdjust your expectations accordingly!

Chain Chain 21: : 1000 transitions using 10 leapfrog steps per transition would take 1598.6 seconds.

Chain Chain 12: : 
Adjust your expectations accordingly!
Chain 2: 
Chain 2: 
Chain 3: Iteration:    1 / 2000 [  0%]  (Warmup)
Chain 1: Iteration:    1 / 2000 [  0%]  (Warmup)
Chain 2: Iteration:    1 / 2000 [  0%]  (Warmup)
