[1] "1"
 # of (max) trials per subject =  132 

[1] 0.375 0.125 0.500 0.250 0.750 0.675

SAMPLING FOR MODEL 'NonCentered_GenBeta_Linear_Social_RiskSafe' NOW (CHAIN 1).

SAMPLING
SAMPLING FOR MODEL ' FOR MODEL 'NonCentered_GenBeta_Linear_Social_RiskSafeNonCentered_GenBeta_Linear_Social_RiskSafe' NOW (CHAIN ' NOW (CHAIN 2).
3).
Chain 3: 
Chain 3: Gradient evaluation took 0.059329 seconds
Chain 3: 1000 transitions using 10 leapfrog steps per transition would take 593.29 seconds.
Chain 3: Adjust your expectations accordingly!
Chain 3: 
Chain 3: 
Chain 1: 
Chain 1: Gradient evaluation took 0.078602 seconds
Chain 1: 1000 transitions using 10 leapfrog steps per transition would take 786.02 seconds.
Chain 1: Adjust your expectations accordingly!Chain 
2Chain : 1
: Chain 
2Chain : 1Gradient evaluation took 0.075667 seconds: 

Chain 2: 1000 transitions using 10 leapfrog steps per transition would take 756.67 seconds.
Chain 2: Adjust your expectations accordingly!
Chain 2: 
Chain 2: 
Chain 3: Iteration:    1 / 2000 [  0%]  (Warmup)
Chain 1: Iteration:    1 / 2000 [  0%]  (Warmup)
Chain 2: Iteration:    1 / 2000 [  0%]  (Warmup)
Chain 1: Iteration:  200 / 2000 [ 10%]  (Warmup)
Chain 3: Iteration:  200 / 2000 [ 10%]  (Warmup)
Chain 2: Iteration:  200 / 2000 [ 10%]  (Warmup)
