[1] "3"
 # of (max) trials per subject =  132 

[1] 0.500 0.375 0.125 0.675 0.250 0.750

SAMPLING FOR MODEL 'NonCentered_GenBeta_Linear_Social_RiskSafe_multi' NOW (CHAIN 3).


SAMPLINGSAMPLING FOR MODEL ' FOR MODEL 'NonCentered_GenBeta_Linear_Social_RiskSafe_multiNonCentered_GenBeta_Linear_Social_RiskSafe_multi' NOW (CHAIN ' NOW (CHAIN 12).
).
Chain 3: 
Chain 3: Gradient evaluation took 0.053392 seconds
Chain 3: 1000 transitions using 10 leapfrog steps per transition would take 533.92 seconds.
Chain 3: Adjust your expectations accordingly!
Chain 3: 
Chain 3: 
Chain Chain 12: : 

Chain Chain 12: : Gradient evaluation took 0.07059 secondsGradient evaluation took 0.070465 seconds

Chain Chain 12: : 1000 transitions using 10 leapfrog steps per transition would take 705.9 seconds.1000 transitions using 10 leapfrog steps per transition would take 704.65 seconds.

Chain Chain 12: : Adjust your expectations accordingly!Adjust your expectations accordingly!

Chain Chain 12: : 

Chain Chain 12: : 

Chain 3: Iteration:    1 / 2000 [  0%]  (Warmup)
Chain 1: Iteration:    1 / 2000 [  0%]  (Warmup)Chain 
2: Iteration:    1 / 2000 [  0%]  (Warmup)
