[1] "2"
 # of (max) trials per subject =  132 

[1] 0.125 0.250 0.675 0.750 0.375 0.500

SAMPLING FOR MODEL 'NonCentered_GenBeta_Linear_Social_RiskSafe' NOW (CHAIN 1).

SAMPLING FOR MODEL 'NonCentered_GenBeta_Linear_Social_RiskSafe' NOW (CHAIN 
2SAMPLING).
 FOR MODEL 'NonCentered_GenBeta_Linear_Social_RiskSafe' NOW (CHAIN 3).
Chain 2: 
Chain 2: Gradient evaluation took 0.072656 seconds
Chain 2: 1000 transitions using 10 leapfrog steps per transition would take 726.56 seconds.
Chain 2: Adjust your expectations accordingly!
Chain 2: 
Chain 2: 
Chain 1: 
Chain 1: Gradient evaluation took 0.09689 seconds
Chain 1Chain : 31000 transitions using 10 leapfrog steps per transition would take 968.9 seconds.: 

Chain Chain 13: : Adjust your expectations accordingly!Gradient evaluation took 0.094923 seconds

Chain Chain 13: : 
1000 transitions using 10 leapfrog steps per transition would take 949.23 seconds.Chain 
1Chain : 3
: Adjust your expectations accordingly!
Chain 3: 
Chain 3: 
Chain 2: Iteration:    1 / 2000 [  0%]  (Warmup)
Chain 1: Iteration:    1 / 2000 [  0%]  (Warmup)
Chain 3: Iteration:    1 / 2000 [  0%]  (Warmup)
