[1] "2"
 # of (max) trials per subject =  132 

[1] 0.125 0.250 0.675 0.750 0.375 0.500

SAMPLING FOR MODEL 'NonCentered_GenBeta_Linear_Social_RiskSafe_multiPerG' NOW (CHAIN 1).

SAMPLING FOR MODEL 'NonCentered_GenBeta_Linear_Social_RiskSafe_multiPerG' NOW (CHAIN 2).

SAMPLING FOR MODEL 'NonCentered_GenBeta_Linear_Social_RiskSafe_multiPerG' NOW (CHAIN 3).
Chain 3: 
Chain 3: Gradient evaluation took 0.068165 seconds
Chain 3: 1000 transitions using 10 leapfrog steps per transition would take 681.65 seconds.
Chain 3: Adjust your expectations accordingly!
Chain 3: 
Chain 3: 
Chain 1: 
Chain 1: Gradient evaluation took 0.090489 seconds
Chain 1: 1000 transitions using 10 leapfrog steps per transition would take 904.89 seconds.
Chain Chain 21: : 
Adjust your expectations accordingly!Chain 
2Chain : 1Gradient evaluation took 0.088444 seconds: 

Chain Chain 21: : 1000 transitions using 10 leapfrog steps per transition would take 884.44 seconds.

Chain 2: Adjust your expectations accordingly!
Chain 2: 
Chain 2: 
Chain 3: Iteration:    1 / 2000 [  0%]  (Warmup)
Chain 2: Iteration:    1 / 2000 [  0%]  (Warmup)
Chain 1: Iteration:    1 / 2000 [  0%]  (Warmup)
