[1] "2"
 # of (max) trials per subject =  132 

[1] 0.125 0.250 0.675 0.750 0.375 0.500

SAMPLING FOR MODEL 'NonCentered_GenBeta_Linear_Social' NOW (CHAIN 3).


SAMPLINGSAMPLING FOR MODEL ' FOR MODEL 'NonCentered_GenBeta_Linear_SocialNonCentered_GenBeta_Linear_Social' NOW (CHAIN ' NOW (CHAIN 12).
).
Chain 3: 
Chain 3: Gradient evaluation took 0.062966 seconds
Chain 3: 1000 transitions using 10 leapfrog steps per transition would take 629.66 seconds.
Chain 3: Adjust your expectations accordingly!
Chain 3: 
Chain 3: 
Chain 1Chain : 2
: Chain 
1Chain : 2Gradient evaluation took 0.091991 seconds: 
Gradient evaluation took 0.091999 seconds
Chain Chain 21: : 1000 transitions using 10 leapfrog steps per transition would take 919.99 seconds.
1000 transitions using 10 leapfrog steps per transition would take 919.91 seconds.Chain 2
: Adjust your expectations accordingly!Chain 
Chain 12: : 
Adjust your expectations accordingly!
Chain Chain 2: 1
: 
Chain 1: 
Chain 3: Iteration:    1 / 2000 [  0%]  (Warmup)
Chain 1: Iteration:    1 / 2000 [  0%]  (Warmup)
Chain 2: Iteration:    1 / 2000 [  0%]  (Warmup)
