[1] "2"
 # of (max) trials per subject =  132 

[1] 0.125 0.250 0.675 0.750 0.375 0.500

SAMPLING FOR MODEL 'NonCentered_GenBeta_Linear_Social_RewSens_multi' NOW (CHAIN 1).

SAMPLING FOR MODEL 'NonCentered_GenBeta_Linear_Social_RewSens_multi' NOW (CHAIN 2
).
SAMPLING FOR MODEL 'NonCentered_GenBeta_Linear_Social_RewSens_multi' NOW (CHAIN 3).
Chain 1: 
Chain 1: Gradient evaluation took 0.109317 seconds
Chain 1: 1000 transitions using 10 leapfrog steps per transition would take 1093.17 seconds.
Chain 1: Adjust your expectations accordingly!
Chain 1: 
Chain 1: 
Chain 3: 
Chain Chain 23: : 
Gradient evaluation took 0.146784 secondsChain 
2Chain : 3Gradient evaluation took 0.146986 seconds: 
1000 transitions using 10 leapfrog steps per transition would take 1467.84 seconds.Chain 
2Chain : 31000 transitions using 10 leapfrog steps per transition would take 1469.86 seconds.: 
Adjust your expectations accordingly!Chain 
2Chain : 3Adjust your expectations accordingly!: 

Chain Chain 23: : 

Chain 2: 
Chain 1: Iteration:    1 / 2000 [  0%]  (Warmup)
Chain 3: Iteration:    1 / 2000 [  0%]  (Warmup)
Chain 2: Iteration:    1 / 2000 [  0%]  (Warmup)
