[1] "2"
 # of (max) trials per subject =  132 

[1] 0.125 0.250 0.675 0.750 0.375 0.500

SAMPLING FOR MODEL 'NonCentered_GenBeta_Linear_Social_RiskSafe' NOW (CHAIN 3).

SAMPLING FOR MODEL 'NonCentered_GenBeta_Linear_Social_RiskSafe' NOW (CHAIN 
1SAMPLING).
 FOR MODEL 'NonCentered_GenBeta_Linear_Social_RiskSafe' NOW (CHAIN 2).
Chain 2: 
Chain 2: Gradient evaluation took 0.072945 seconds
Chain 2: 1000 transitions using 10 leapfrog steps per transition would take 729.45 seconds.
Chain 2: Adjust your expectations accordingly!
Chain 2: 
Chain 2: 
Chain 3: 
Chain 3: Gradient evaluation took 0.100269 seconds
Chain 3: Chain 1000 transitions using 10 leapfrog steps per transition would take 1002.69 seconds.1
: Chain 
3Chain : 1Adjust your expectations accordingly!: 
Gradient evaluation took 0.098356 secondsChain 
3Chain : 1
: Chain 1000 transitions using 10 leapfrog steps per transition would take 983.56 seconds.3
: Chain 
1: Adjust your expectations accordingly!
Chain 1: 
Chain 1: 
Chain 2: Iteration:    1 / 2000 [  0%]  (Warmup)
Chain 1Chain : 3Iteration:    1 / 2000 [  0%]  (Warmup): 
Iteration:    1 / 2000 [  0%]  (Warmup)
Chain 2: Iteration:  200 / 2000 [ 10%]  (Warmup)
Chain 3: Iteration:  200 / 2000 [ 10%]  (Warmup)
