[1] "1"
 # of (max) trials per subject =  132 

[1] 0.375 0.125 0.500 0.250 0.750 0.675

SAMPLING FOR MODEL 'NonCentered_GenBeta_Linear_Social' NOW (CHAIN 3).


SAMPLINGSAMPLING FOR MODEL ' FOR MODEL 'NonCentered_GenBeta_Linear_SocialNonCentered_GenBeta_Linear_Social' NOW (CHAIN ' NOW (CHAIN 12).
).
Chain 1: 
Chain 1: Gradient evaluation took 0.052475 seconds
Chain 1: 1000 transitions using 10 leapfrog steps per transition would take 524.75 seconds.
Chain 1: Adjust your expectations accordingly!
Chain 1: 
Chain 1: 
Chain 3: 
Chain 3: Gradient evaluation took 0.073091 seconds
Chain 3: 1000 transitions using 10 leapfrog steps per transition would take 730.91 seconds.
Chain 3: Adjust your expectations accordingly!
Chain 3: 
Chain 3Chain : 2
: 
Chain 2: Gradient evaluation took 0.069331 seconds
Chain 2: 1000 transitions using 10 leapfrog steps per transition would take 693.31 seconds.
Chain 2: Adjust your expectations accordingly!
Chain 2: 
Chain 2: 
Chain 1: Iteration:    1 / 2000 [  0%]  (Warmup)
Chain 3: Chain Iteration:    1 / 2000 [  0%]  (Warmup)2
: Iteration:    1 / 2000 [  0%]  (Warmup)
