[1] "3"
 # of (max) trials per subject =  132 

[1] 0.500 0.375 0.125 0.675 0.250 0.750

SAMPLING FOR MODEL 'NonCentered_GenBeta_Linear_Social_RewSens_multi' NOW (CHAIN 3).


SAMPLINGSAMPLING FOR MODEL ' FOR MODEL 'NonCentered_GenBeta_Linear_Social_RewSens_multiNonCentered_GenBeta_Linear_Social_RewSens_multi' NOW (CHAIN ' NOW (CHAIN 12).
).
Chain 3: 
Chain 3: Gradient evaluation took 0.059404 seconds
Chain 3: 1000 transitions using 10 leapfrog steps per transition would take 594.04 seconds.
Chain 3: Adjust your expectations accordingly!
Chain 3: 
Chain 3: 
Chain Chain 12: : 

Chain Chain 12: : Gradient evaluation took 0.079405 secondsGradient evaluation took 0.079023 seconds

Chain Chain 12: : 1000 transitions using 10 leapfrog steps per transition would take 794.05 seconds.1000 transitions using 10 leapfrog steps per transition would take 790.23 seconds.

Chain Chain 12: : Adjust your expectations accordingly!Adjust your expectations accordingly!

Chain Chain 12: : 

Chain Chain 12: : 

Chain 3: Iteration:    1 / 2000 [  0%]  (Warmup)
Chain 2: Iteration:    1 / 2000 [  0%]  (Warmup)
Chain 1: Iteration:    1 / 2000 [  0%]  (Warmup)
Chain 3: Iteration:  200 / 2000 [ 10%]  (Warmup)
Chain 3: Iteration:  400 / 2000 [ 20%]  (Warmup)
Chain 1: Iteration:  200 / 2000 [ 10%]  (Warmup)
Chain 3: Iteration:  501 / 2000 [ 25%]  (Sampling)
