[1] "1"
 # of (max) trials per subject =  132 

[1] 0.375 0.125 0.500 0.250 0.750 0.675

SAMPLING FOR MODEL 'NonCentered_GenBeta_Linear_Social_RiskSafe_multi' NOW (CHAIN 1).

SAMPLING FOR MODEL 'NonCentered_GenBeta_Linear_Social_RiskSafe_multi' NOW (CHAIN 2).

SAMPLING FOR MODEL 'NonCentered_GenBeta_Linear_Social_RiskSafe_multi' NOW (CHAIN 3).
Chain 1: 
Chain 1: Gradient evaluation took 0.083363 seconds
Chain 1: 1000 transitions using 10 leapfrog steps per transition would take 833.63 seconds.
Chain 1: Adjust your expectations accordingly!
Chain 1: 
Chain 1: 
Chain 2Chain : 3
: Chain 
2Chain : 3Gradient evaluation took 0.112477 seconds: 
Gradient evaluation took 0.112112 secondsChain 
2Chain : 31000 transitions using 10 leapfrog steps per transition would take 1124.77 seconds.: 
1000 transitions using 10 leapfrog steps per transition would take 1121.12 seconds.Chain 
2Chain : 3Adjust your expectations accordingly!: 
Adjust your expectations accordingly!Chain 
2Chain : 3
: Chain 
2Chain : 3
: 
Chain 1: Iteration:    1 / 2000 [  0%]  (Warmup)
Chain 3Chain : 2Iteration:    1 / 2000 [  0%]  (Warmup): 
Iteration:    1 / 2000 [  0%]  (Warmup)
