[1] "3"
 # of (max) trials per subject =  132 

[1] 0.500 0.375 0.125 0.675 0.250 0.750

SAMPLING FOR MODEL 'NonCentered_GenBeta_Linear_Social' NOW (CHAIN 3).

SAMPLING
 FOR MODEL 'SAMPLINGNonCentered_GenBeta_Linear_Social FOR MODEL '' NOW (CHAIN NonCentered_GenBeta_Linear_Social1' NOW (CHAIN ).
2).
Chain 3: 
Chain 3: Gradient evaluation took 0.033742 seconds
Chain 3: 1000 transitions using 10 leapfrog steps per transition would take 337.42 seconds.
Chain 3: Adjust your expectations accordingly!
Chain 3: 
Chain 3: 
Chain Chain 21: : 

Chain Chain 21: Gradient evaluation took 0.044516 seconds: 
Gradient evaluation took 0.044393 secondsChain 
2Chain : 11000 transitions using 10 leapfrog steps per transition would take 445.16 seconds.: 
1000 transitions using 10 leapfrog steps per transition would take 443.93 seconds.Chain 
2Chain : 1Adjust your expectations accordingly!: 
Adjust your expectations accordingly!Chain 
2Chain : 1
: Chain 
2: Chain 
1: 
Chain 3: Iteration:    1 / 2000 [  0%]  (Warmup)
Chain 2: Iteration:    1 / 2000 [  0%]  (Warmup)
Chain 1: Iteration:    1 / 2000 [  0%]  (Warmup)
Chain 2: Iteration:  200 / 2000 [ 10%]  (Warmup)
Chain 1: Iteration:  200 / 2000 [ 10%]  (Warmup)
Chain 2: Iteration:  400 / 2000 [ 20%]  (Warmup)
Chain 1: Iteration:  400 / 2000 [ 20%]  (Warmup)
Chain 2: Iteration:  501 / 2000 [ 25%]  (Sampling)
Chain 1: Iteration:  501 / 2000 [ 25%]  (Sampling)
Chain 3: Iteration:  200 / 2000 [ 10%]  (Warmup)
