[1] "0"
 # of (max) trials per subject =  132 

[1] 0.250 0.750 0.375 0.500 0.675 0.125

SAMPLING FOR MODEL 'NonCentered_GenBeta_Linear_Social_Trembl_multi' NOW (CHAIN 3).

SAMPLING FOR MODEL '
NonCentered_GenBeta_Linear_Social_Trembl_multiSAMPLING' NOW (CHAIN  FOR MODEL '1NonCentered_GenBeta_Linear_Social_Trembl_multi).
' NOW (CHAIN 2).
Chain 3: 
Chain 3: Gradient evaluation took 0.09069 seconds
Chain 3: 1000 transitions using 10 leapfrog steps per transition would take 906.9 seconds.
Chain 3: Adjust your expectations accordingly!
Chain 3: 
Chain 3: 
Chain 2Chain : 1
: Chain 
2Chain : 1Gradient evaluation took 0.118112 seconds: 
Gradient evaluation took 0.117916 secondsChain 
2Chain : 11000 transitions using 10 leapfrog steps per transition would take 1181.12 seconds.: 
1000 transitions using 10 leapfrog steps per transition would take 1179.16 seconds.Chain 
2Chain : 1Adjust your expectations accordingly!: 
Adjust your expectations accordingly!Chain 
2Chain : 1
: Chain 
2Chain : 1
: 
Chain 3: Iteration:    1 / 2000 [  0%]  (Warmup)
Chain 2: Chain Iteration:    1 / 2000 [  0%]  (Warmup)1
: Iteration:    1 / 2000 [  0%]  (Warmup)
Chain 3: Iteration:  200 / 2000 [ 10%]  (Warmup)
Chain 3: Iteration:  400 / 2000 [ 20%]  (Warmup)
