[1] "1"
 # of (max) trials per subject =  132 

[1] 0.375 0.125 0.500 0.250 0.750 0.675

SAMPLING FOR MODEL 'NonCentered_GenBeta_Linear_Social_RewSens_multi' NOW (CHAIN 3).

SAMPLING FOR MODEL '
NonCentered_GenBeta_Linear_Social_RewSens_multiSAMPLING' NOW (CHAIN  FOR MODEL '1NonCentered_GenBeta_Linear_Social_RewSens_multi).
' NOW (CHAIN 2).
Chain 3: 
Chain 3: Gradient evaluation took 0.092891 seconds
Chain 3: 1000 transitions using 10 leapfrog steps per transition would take 928.91 seconds.
Chain 3: Adjust your expectations accordingly!
Chain 3: 
Chain 3: 
Chain Chain 21: : 

Chain Chain 21: : Gradient evaluation took 0.126484 secondsGradient evaluation took 0.126281 seconds

Chain Chain 21: : 1000 transitions using 10 leapfrog steps per transition would take 1264.84 seconds.1000 transitions using 10 leapfrog steps per transition would take 1262.81 seconds.

Chain Chain 21: : Adjust your expectations accordingly!Adjust your expectations accordingly!

Chain Chain 21: : 

Chain Chain 21: : 

Chain 3: Iteration:    1 / 2000 [  0%]  (Warmup)
Chain 2: Iteration:    1 / 2000 [  0%]  (Warmup)
Chain 1: Iteration:    1 / 2000 [  0%]  (Warmup)
