[1] "0"
 # of (max) trials per subject =  132 

[1] 0.250 0.750 0.375 0.500 0.675 0.125

SAMPLING FOR MODEL 'NonCentered_GenBeta_Linear_Social_RiskSafe_multiPerG' NOW (CHAIN 3).


SAMPLINGSAMPLING FOR MODEL ' FOR MODEL 'NonCentered_GenBeta_Linear_Social_RiskSafe_multiPerGNonCentered_GenBeta_Linear_Social_RiskSafe_multiPerG' NOW (CHAIN ' NOW (CHAIN 12).
).
Chain 3: 
Chain 3: Gradient evaluation took 0.074361 seconds
Chain 3: 1000 transitions using 10 leapfrog steps per transition would take 743.61 seconds.
Chain 3: Adjust your expectations accordingly!
Chain 3: 
Chain 3: 
Chain 2: 
Chain Chain 21: : Gradient evaluation took 0.098489 seconds

Chain Chain 12: : Gradient evaluation took 0.098148 seconds1000 transitions using 10 leapfrog steps per transition would take 984.89 seconds.

Chain Chain 12: : 1000 transitions using 10 leapfrog steps per transition would take 981.48 seconds.Adjust your expectations accordingly!

Chain Chain 12: : Adjust your expectations accordingly!

Chain Chain 12: : 

Chain 1: 
Chain 3: Iteration:    1 / 2000 [  0%]  (Warmup)
Chain 2: Iteration:    1 / 2000 [  0%]  (Warmup)
Chain 1: Iteration:    1 / 2000 [  0%]  (Warmup)
