[1] "2"
 # of (max) trials per subject =  132 

[1] 0.125 0.250 0.675 0.750 0.375 0.500

SAMPLING FOR MODEL 'NonCentered_GenBeta_Linear_Social' NOW (CHAIN 3).


SAMPLINGSAMPLING FOR MODEL ' FOR MODEL 'NonCentered_GenBeta_Linear_SocialNonCentered_GenBeta_Linear_Social' NOW (CHAIN ' NOW (CHAIN 21).
).
Chain 3: 
Chain 3: Gradient evaluation took 0.069053 seconds
Chain 3: 1000 transitions using 10 leapfrog steps per transition would take 690.53 seconds.
Chain 3: Adjust your expectations accordingly!
Chain 3: 
Chain 3: 
Chain 1Chain : 2
: Chain 
1Chain : 2Gradient evaluation took 0.088946 seconds: 
Gradient evaluation took 0.089039 secondsChain 
1Chain : 21000 transitions using 10 leapfrog steps per transition would take 889.46 seconds.: 
1000 transitions using 10 leapfrog steps per transition would take 890.39 seconds.Chain 
1Chain : 2Adjust your expectations accordingly!: 
Adjust your expectations accordingly!Chain 
1Chain : 2
: Chain 
1Chain : 2
: 
Chain 3: Iteration:    1 / 2000 [  0%]  (Warmup)
Chain 1: Iteration:    1 / 2000 [  0%]  (Warmup)
Chain 2: Iteration:    1 / 2000 [  0%]  (Warmup)
