[1] "3"
 # of (max) trials per subject =  132 

[1] 0.500 0.375 0.125 0.675 0.250 0.750

SAMPLING FOR MODEL 'NonCentered_GenBeta_Linear_Social_RiskSafe' NOW (CHAIN 3).

SAMPLING FOR MODEL '
NonCentered_GenBeta_Linear_Social_RiskSafeSAMPLING' NOW (CHAIN  FOR MODEL '1NonCentered_GenBeta_Linear_Social_RiskSafe).
' NOW (CHAIN 2).
Chain 3: 
Chain 3: Gradient evaluation took 0.042059 seconds
Chain 3: 1000 transitions using 10 leapfrog steps per transition would take 420.59 seconds.
Chain 3: Adjust your expectations accordingly!
Chain 3: 
Chain 3: 
Chain 1Chain : 2
: Chain 
1Chain : 2Gradient evaluation took 0.055519 seconds: 
Gradient evaluation took 0.055247 secondsChain 
1Chain : 21000 transitions using 10 leapfrog steps per transition would take 555.19 seconds.: 
1000 transitions using 10 leapfrog steps per transition would take 552.47 seconds.Chain 
1Chain : 2Adjust your expectations accordingly!: 
Adjust your expectations accordingly!Chain 
1Chain : 2
: Chain 
1Chain : 2
: 
Chain 3: Iteration:    1 / 2000 [  0%]  (Warmup)
Chain 1: Iteration:    1 / 2000 [  0%]  (Warmup)
Chain 2: Iteration:    1 / 2000 [  0%]  (Warmup)
Chain 2: Iteration:  200 / 2000 [ 10%]  (Warmup)
Chain 1: Iteration:  200 / 2000 [ 10%]  (Warmup)
Chain 2: Iteration:  400 / 2000 [ 20%]  (Warmup)
Chain 2: Iteration:  501 / 2000 [ 25%]  (Sampling)
Chain 1: Iteration:  400 / 2000 [ 20%]  (Warmup)
Chain 3: Iteration:  200 / 2000 [ 10%]  (Warmup)
Chain 1: Iteration:  501 / 2000 [ 25%]  (Sampling)
Chain 2: Iteration:  700 / 2000 [ 35%]  (Sampling)
Chain 1: Iteration:  700 / 2000 [ 35%]  (Sampling)
Chain 3: Iteration:  400 / 2000 [ 20%]  (Warmup)
Chain 2: Iteration:  900 / 2000 [ 45%]  (Sampling)
Chain 3: Iteration:  501 / 2000 [ 25%]  (Sampling)
Chain 1: Iteration:  900 / 2000 [ 45%]  (Sampling)
Chain 3: Iteration:  700 / 2000 [ 35%]  (Sampling)
Chain 2: Iteration: 1100 / 2000 [ 55%]  (Sampling)
Chain 1: Iteration: 1100 / 2000 [ 55%]  (Sampling)
Chain 3: Iteration:  900 / 2000 [ 45%]  (Sampling)
Chain 2: Iteration: 1300 / 2000 [ 65%]  (Sampling)
Chain 1: Iteration: 1300 / 2000 [ 65%]  (Sampling)
Chain 3: Iteration: 1100 / 2000 [ 55%]  (Sampling)
Chain 2: Iteration: 1500 / 2000 [ 75%]  (Sampling)
Chain 1: Iteration: 1500 / 2000 [ 75%]  (Sampling)
Chain 3: Iteration: 1300 / 2000 [ 65%]  (Sampling)
Chain 2: Iteration: 1700 / 2000 [ 85%]  (Sampling)
Chain 1: Iteration: 1700 / 2000 [ 85%]  (Sampling)
Chain 3: Iteration: 1500 / 2000 [ 75%]  (Sampling)
Chain 1: Iteration: 1900 / 2000 [ 95%]  (Sampling)
Chain 2: Iteration: 1900 / 2000 [ 95%]  (Sampling)
Chain 3: Iteration: 1700 / 2000 [ 85%]  (Sampling)
Chain 1: Iteration: 2000 / 2000 [100%]  (Sampling)
Chain 1: 
Chain 1:  Elapsed Time: 3092.11 seconds (Warm-up)
Chain 1:                4867.75 seconds (Sampling)
Chain 1:                7959.86 seconds (Total)
Chain 1: 
Chain 2: Iteration: 2000 / 2000 [100%]  (Sampling)
Chain 2: 
Chain 2:  Elapsed Time: 2709.57 seconds (Warm-up)
Chain 2:                5335.06 seconds (Sampling)
Chain 2:                8044.63 seconds (Total)
Chain 2: 
Chain 3: Iteration: 1900 / 2000 [ 95%]  (Sampling)
Chain 3: Iteration: 2000 / 2000 [100%]  (Sampling)
Chain 3: 
Chain 3:  Elapsed Time: 4185.12 seconds (Warm-up)
Chain 3:                4527.59 seconds (Sampling)
Chain 3:                8712.7 seconds (Total)
Chain 3: 
