[1] "2"
 # of (max) trials per subject =  132 

[1] 0.125 0.250 0.675 0.750 0.375 0.500

SAMPLING FOR MODEL 'NonCentered_GenBeta_Linear_Social_RewSens_multi' NOW (CHAIN 3).

SAMPLING FOR MODEL 'NonCentered_GenBeta_Linear_Social_RewSens_multi' NOW (CHAIN 1
).
SAMPLING FOR MODEL 'NonCentered_GenBeta_Linear_Social_RewSens_multi' NOW (CHAIN 2).
Chain 3: 
Chain 3: Gradient evaluation took 0.091743 seconds
Chain 3: 1000 transitions using 10 leapfrog steps per transition would take 917.43 seconds.
Chain 3: Adjust your expectations accordingly!
Chain 3: 
Chain 3: 
Chain 1: 
Chain 1: Gradient evaluation took 0.124992 seconds
Chain 1: 1000 transitions using 10 leapfrog steps per transition would take 1249.92 seconds.
Chain 1: Adjust your expectations accordingly!
Chain 1: 
Chain 1: 
Chain 2: 
Chain 2: Gradient evaluation took 0.127871 seconds
Chain 2: 1000 transitions using 10 leapfrog steps per transition would take 1278.71 seconds.
Chain 2: Adjust your expectations accordingly!
Chain 2: 
Chain 2: 
Chain 3: Iteration:    1 / 2000 [  0%]  (Warmup)
Chain 1: Iteration:    1 / 2000 [  0%]  (Warmup)
Chain 2: Iteration:    1 / 2000 [  0%]  (Warmup)
