[1] "3"
 # of (max) trials per subject =  132 

[1] 0.500 0.375 0.125 0.675 0.250 0.750

SAMPLING FOR MODEL 'NonCentered_GenBeta_Linear_Social_RiskSafe_multiPerG' NOW (CHAIN 1).

SAMPLING FOR MODEL 'NonCentered_GenBeta_Linear_Social_RiskSafe_multiPerG
' NOW (CHAIN SAMPLING FOR MODEL '2).
NonCentered_GenBeta_Linear_Social_RiskSafe_multiPerG' NOW (CHAIN 3).
Chain 2: 
Chain 2: Gradient evaluation took 0.031925 seconds
Chain 2: 1000 transitions using 10 leapfrog steps per transition would take 319.25 seconds.
Chain 2: Adjust your expectations accordingly!
Chain 2: 
Chain 2: 
Chain 1: 
Chain 1: Gradient evaluation took 0.042539 seconds
Chain 1: 1000 transitions using 10 leapfrog steps per transition would take 425.39 seconds.
Chain Chain 31: : 
Adjust your expectations accordingly!Chain 
3Chain : 1Gradient evaluation took 0.041022 seconds: 

Chain Chain 3: 11000 transitions using 10 leapfrog steps per transition would take 410.22 seconds.: 

Chain 3: Adjust your expectations accordingly!
Chain 3: 
Chain 3: 
Chain 2: Iteration:    1 / 2000 [  0%]  (Warmup)
Chain 1: Iteration:    1 / 2000 [  0%]  (Warmup)
Chain 3: Iteration:    1 / 2000 [  0%]  (Warmup)
