[1] "4"
 # of (max) trials per subject =  132 

[1] 0.375 0.125 0.675 0.250 0.750 0.500

SAMPLING FOR MODEL 'NonCentered_GenBeta_Linear_Social_RewSens_multi' NOW (CHAIN 3).

SAMPLING
 FOR MODEL 'SAMPLINGNonCentered_GenBeta_Linear_Social_RewSens_multi FOR MODEL '' NOW (CHAIN NonCentered_GenBeta_Linear_Social_RewSens_multi1' NOW (CHAIN ).
2).
Chain 3: 
Chain 3: Gradient evaluation took 0.027472 seconds
Chain 3: 1000 transitions using 10 leapfrog steps per transition would take 274.72 seconds.
Chain 3: Adjust your expectations accordingly!
Chain 3: 
Chain 3: 
Chain Chain 12: : 

Chain Chain 12: : Gradient evaluation took 0.039673 secondsGradient evaluation took 0.0397 seconds

Chain Chain 12: : 1000 transitions using 10 leapfrog steps per transition would take 396.73 seconds.1000 transitions using 10 leapfrog steps per transition would take 397 seconds.

Chain Chain 12: : Adjust your expectations accordingly!Adjust your expectations accordingly!

Chain Chain 12: : 

Chain Chain 12: : 

Chain 3: Iteration:    1 / 2000 [  0%]  (Warmup)
Chain Chain 12: : Iteration:    1 / 2000 [  0%]  (Warmup)Iteration:    1 / 2000 [  0%]  (Warmup)

Chain 3: Iteration:  200 / 2000 [ 10%]  (Warmup)
Chain 3: Iteration:  400 / 2000 [ 20%]  (Warmup)
Chain 3: Iteration:  501 / 2000 [ 25%]  (Sampling)
Chain 3: Iteration:  700 / 2000 [ 35%]  (Sampling)
