[1] "2"
 # of (max) trials per subject =  132 

[1] 0.125 0.250 0.675 0.750 0.375 0.500

SAMPLING FOR MODEL 'NonCentered_GenBeta_Linear_Social' NOW (CHAIN 2).

SAMPLING FOR MODEL 'NonCentered_GenBeta_Linear_Social' NOW (CHAIN 1).

SAMPLING FOR MODEL 'NonCentered_GenBeta_Linear_Social' NOW (CHAIN 3).
Chain 2: 
Chain 2: Gradient evaluation took 0.059161 seconds
Chain 2: 1000 transitions using 10 leapfrog steps per transition would take 591.61 seconds.
Chain 2: Adjust your expectations accordingly!
Chain 2: 
Chain 2: 
Chain 1: 
Chain 1: Gradient evaluation took 0.074599 seconds
Chain 1: 1000 transitions using 10 leapfrog steps per transition would take 745.99 seconds.
Chain 1: Adjust your expectations accordingly!
Chain 1: 
Chain 1: 
Chain 3: 
Chain 3: Gradient evaluation took 0.073363 seconds
Chain 3: 1000 transitions using 10 leapfrog steps per transition would take 733.63 seconds.
Chain 3: Adjust your expectations accordingly!
Chain 3: 
Chain 3: 
Chain 2: Iteration:    1 / 2000 [  0%]  (Warmup)
Chain 1: Iteration:    1 / 2000 [  0%]  (Warmup)
Chain 3: Iteration:    1 / 2000 [  0%]  (Warmup)
Chain 2: Iteration:  200 / 2000 [ 10%]  (Warmup)
