[1] "0"
 # of (max) trials per subject =  132 

[1] 0.250 0.750 0.375 0.500 0.675 0.125

SAMPLING FOR MODEL 'NonCentered_GenBeta_Linear_Social' NOW (CHAIN 3).


SAMPLINGSAMPLING FOR MODEL ' FOR MODEL 'NonCentered_GenBeta_Linear_SocialNonCentered_GenBeta_Linear_Social' NOW (CHAIN ' NOW (CHAIN 12).
).
Chain 3: 
Chain 3: Gradient evaluation took 0.046402 seconds
Chain 3: 1000 transitions using 10 leapfrog steps per transition would take 464.02 seconds.
Chain 3: Adjust your expectations accordingly!
Chain 3: 
Chain 3: 
Chain 2Chain : 1
: Chain 
2Chain : 1Gradient evaluation took 0.062271 seconds: 
Gradient evaluation took 0.06206 secondsChain 
2Chain : 11000 transitions using 10 leapfrog steps per transition would take 622.71 seconds.: 
1000 transitions using 10 leapfrog steps per transition would take 620.6 seconds.Chain 
2Chain : 1Adjust your expectations accordingly!: 
Adjust your expectations accordingly!Chain 
2Chain : 1
: Chain 
2Chain : 1
: 
Chain 3: Iteration:    1 / 2000 [  0%]  (Warmup)
Chain 2: Iteration:    1 / 2000 [  0%]  (Warmup)
Chain 1: Iteration:    1 / 2000 [  0%]  (Warmup)
