[1] "3"
 # of (max) trials per subject =  132 

[1] 0.500 0.375 0.125 0.675 0.250 0.750

SAMPLING FOR MODEL 'NonCentered_GenBeta_Linear_Social' NOW (CHAIN 2).

SAMPLING FOR MODEL 'NonCentered_GenBeta_Linear_Social' NOW (CHAIN 1).

SAMPLING FOR MODEL 'NonCentered_GenBeta_Linear_Social' NOW (CHAIN 3).
Chain 2: 
Chain 2: Gradient evaluation took 0.02796 seconds
Chain 2: 1000 transitions using 10 leapfrog steps per transition would take 279.6 seconds.
Chain 2: Adjust your expectations accordingly!
Chain 2: 
Chain 2: 
Chain 1: 
Chain Chain 13: : Gradient evaluation took 0.036836 seconds

Chain Chain 31: : Gradient evaluation took 0.036094 seconds1000 transitions using 10 leapfrog steps per transition would take 368.36 seconds.

Chain Chain 31: : 1000 transitions using 10 leapfrog steps per transition would take 360.94 seconds.Adjust your expectations accordingly!

Chain Chain 31: : Adjust your expectations accordingly!

Chain Chain 13: : 

Chain 3: 
Chain 2: Iteration:    1 / 2000 [  0%]  (Warmup)
Chain Chain 13: : Iteration:    1 / 2000 [  0%]  (Warmup)Iteration:    1 / 2000 [  0%]  (Warmup)

Chain 2: Iteration:  200 / 2000 [ 10%]  (Warmup)
Chain 3: Iteration:  200 / 2000 [ 10%]  (Warmup)
Chain 2: Iteration:  400 / 2000 [ 20%]  (Warmup)
Chain 2: Iteration:  501 / 2000 [ 25%]  (Sampling)
Chain 3: Iteration:  400 / 2000 [ 20%]  (Warmup)
Chain 1: Iteration:  200 / 2000 [ 10%]  (Warmup)
