[1] "4"
 # of (max) trials per subject =  144 

[1] 0.375 0.500 0.125 0.750 0.675 0.250

SAMPLING FOR MODEL 'NonCentered_GenBeta_Linear_Social_RewSens_multi' NOW (CHAIN 3).

SAMPLING FOR MODEL 'NonCentered_GenBeta_Linear_Social_RewSens_multi' NOW (CHAIN 
1SAMPLING).
 FOR MODEL 'NonCentered_GenBeta_Linear_Social_RewSens_multi' NOW (CHAIN 2).
Chain 3: 
Chain 3: Gradient evaluation took 0.031909 seconds
Chain 3: 1000 transitions using 10 leapfrog steps per transition would take 319.09 seconds.
Chain 3: Adjust your expectations accordingly!
Chain 3: 
Chain 3: 
Chain 1: 
Chain Chain 12: : Gradient evaluation took 0.042511 seconds

Chain Chain 21: : 1000 transitions using 10 leapfrog steps per transition would take 425.11 seconds.Gradient evaluation took 0.041504 seconds

Chain Chain 12: : Adjust your expectations accordingly!1000 transitions using 10 leapfrog steps per transition would take 415.04 seconds.

Chain 1Chain : 2
: Chain Adjust your expectations accordingly!1
: Chain 
2: 
Chain 2: 
Chain 3: Iteration:     1 / 20000 [  0%]  (Warmup)
Chain Chain 12: : Iteration:     1 / 20000 [  0%]  (Warmup)Iteration:     1 / 20000 [  0%]  (Warmup)

Chain 3: Iteration:  2000 / 20000 [ 10%]  (Warmup)
Chain 2: Iteration:  2000 / 20000 [ 10%]  (Warmup)
Chain 1: Iteration:  2000 / 20000 [ 10%]  (Warmup)
Chain 3: Iteration:  4000 / 20000 [ 20%]  (Warmup)
Chain 2: Iteration:  4000 / 20000 [ 20%]  (Warmup)
Chain 1: Iteration:  4000 / 20000 [ 20%]  (Warmup)
Chain 3: Iteration:  6000 / 20000 [ 30%]  (Warmup)
Chain 2: Iteration:  6000 / 20000 [ 30%]  (Warmup)
Chain 3: Iteration:  8000 / 20000 [ 40%]  (Warmup)
Chain 1: Iteration:  6000 / 20000 [ 30%]  (Warmup)
Chain 3: Iteration: 10000 / 20000 [ 50%]  (Warmup)
Chain 3: Iteration: 10001 / 20000 [ 50%]  (Sampling)
Chain 2: Iteration:  8000 / 20000 [ 40%]  (Warmup)
Chain 1: Iteration:  8000 / 20000 [ 40%]  (Warmup)
Chain 3: Iteration: 12000 / 20000 [ 60%]  (Sampling)
Chain 2: Iteration: 10000 / 20000 [ 50%]  (Warmup)
Chain 2: Iteration: 10001 / 20000 [ 50%]  (Sampling)
Chain 3: Iteration: 14000 / 20000 [ 70%]  (Sampling)
Chain 1: Iteration: 10000 / 20000 [ 50%]  (Warmup)
Chain 1: Iteration: 10001 / 20000 [ 50%]  (Sampling)
Chain 1: Iteration: 12000 / 20000 [ 60%]  (Sampling)
Chain 3: Iteration: 16000 / 20000 [ 80%]  (Sampling)
Chain 2: Iteration: 12000 / 20000 [ 60%]  (Sampling)
Chain 1: Iteration: 14000 / 20000 [ 70%]  (Sampling)
Chain 3: Iteration: 18000 / 20000 [ 90%]  (Sampling)
Chain 1: Iteration: 16000 / 20000 [ 80%]  (Sampling)
Chain 2: Iteration: 14000 / 20000 [ 70%]  (Sampling)
Chain 3: Iteration: 20000 / 20000 [100%]  (Sampling)
Chain 3: 
Chain 3:  Elapsed Time: 69028.7 seconds (Warm-up)
Chain 3:                58137.2 seconds (Sampling)
Chain 3:                127166 seconds (Total)
Chain 3: 
Chain 1: Iteration: 18000 / 20000 [ 90%]  (Sampling)
Chain 1: Iteration: 20000 / 20000 [100%]  (Sampling)
Chain 1: 
Chain 1:  Elapsed Time: 93223.2 seconds (Warm-up)
Chain 1:                42961.6 seconds (Sampling)
Chain 1:                136185 seconds (Total)
Chain 1: 
Chain 2: Iteration: 16000 / 20000 [ 80%]  (Sampling)
Chain 2: Iteration: 18000 / 20000 [ 90%]  (Sampling)
Chain 2: Iteration: 20000 / 20000 [100%]  (Sampling)
Chain 2: 
Chain 2:  Elapsed Time: 87611.8 seconds (Warm-up)
Chain 2:                76715.9 seconds (Sampling)
Chain 2:                164328 seconds (Total)
Chain 2: 
