[1] "2"
 # of (max) trials per subject =  144 

[1] 0.250 0.750 0.375 0.500 0.675 0.125

SAMPLING FOR MODEL 'NonCentered_GenBeta_Linear_Social_RiskSafe_multi' NOW (CHAIN 
SAMPLING2 FOR MODEL 'NonCentered_GenBeta_Linear_Social_RiskSafe_multi).
' NOW (CHAIN 1).

SAMPLING FOR MODEL 'NonCentered_GenBeta_Linear_Social_RiskSafe_multi' NOW (CHAIN 3).
Chain 2: 
Chain 2: Gradient evaluation took 0.159332 seconds
Chain 2: 1000 transitions using 10 leapfrog steps per transition would take 1593.32 seconds.
Chain 2: Adjust your expectations accordingly!
Chain 2: 
Chain 2: 
Chain 3: 
Chain 3: Gradient evaluation took 0.204313 seconds
Chain 3: 1000 transitions using 10 leapfrog steps per transition would take 2043.13 seconds.
Chain 3: Adjust your expectations accordingly!
Chain 3: 
Chain 3: 
Chain 1: 
Chain 1: Gradient evaluation took 0.204631 seconds
Chain 1: 1000 transitions using 10 leapfrog steps per transition would take 2046.31 seconds.
Chain 1: Adjust your expectations accordingly!
Chain 1: 
Chain 1: 
Chain 2: Iteration:     1 / 20000 [  0%]  (Warmup)
Chain 3: Iteration:     1 / 20000 [  0%]  (Warmup)
Chain 1: Iteration:     1 / 20000 [  0%]  (Warmup)
Chain 2: Iteration:  2000 / 20000 [ 10%]  (Warmup)
Chain 1: Iteration:  2000 / 20000 [ 10%]  (Warmup)
Chain 3: Iteration:  2000 / 20000 [ 10%]  (Warmup)
Chain 2: Iteration:  4000 / 20000 [ 20%]  (Warmup)
Chain 1: Iteration:  4000 / 20000 [ 20%]  (Warmup)
Chain 3: Iteration:  4000 / 20000 [ 20%]  (Warmup)
