[1] "1"
 # of (max) trials per subject =  144 

[1] 0.250 0.125 0.375 0.750 0.675 0.500

SAMPLING FOR MODEL 'NonCentered_GenBeta_Linear_Social' NOW (CHAIN 3).

SAMPLING FOR MODEL '
NonCentered_GenBeta_Linear_SocialSAMPLING' NOW (CHAIN  FOR MODEL 'NonCentered_GenBeta_Linear_Social1' NOW (CHAIN ).
2).
Chain 3: 
Chain 3: Gradient evaluation took 0.025429 seconds
Chain 3: 1000 transitions using 10 leapfrog steps per transition would take 254.29 seconds.
Chain 3: Adjust your expectations accordingly!
Chain 3: 
Chain 3: 
Chain 3: Iteration:     1 / 20000 [  0%]  (Warmup)
Chain 1: 
Chain 1: Gradient evaluation took 0.033529 seconds
Chain 1: 1000 transitions using 10 leapfrog steps per transition would take 335.29 seconds.
Chain 1: Adjust your expectations accordingly!
Chain 1: 
Chain 1: 
Chain 2: 
Chain 2: Gradient evaluation took 0.029897 seconds
Chain 2: 1000 transitions using 10 leapfrog steps per transition would take 298.97 seconds.
Chain 2: Adjust your expectations accordingly!
Chain 2: 
Chain 2: 
Chain 1: Iteration:     1 / 20000 [  0%]  (Warmup)
Chain 2: Iteration:     1 / 20000 [  0%]  (Warmup)
Chain 3: Iteration:  2000 / 20000 [ 10%]  (Warmup)
Chain 2: Iteration:  2000 / 20000 [ 10%]  (Warmup)
Chain 1: Iteration:  2000 / 20000 [ 10%]  (Warmup)
Chain 3: Iteration:  4000 / 20000 [ 20%]  (Warmup)
Chain 1: Iteration:  4000 / 20000 [ 20%]  (Warmup)
Chain 2: Iteration:  4000 / 20000 [ 20%]  (Warmup)
Chain 3: Iteration:  6000 / 20000 [ 30%]  (Warmup)
Chain 1: Iteration:  6000 / 20000 [ 30%]  (Warmup)
Chain 3: Iteration:  8000 / 20000 [ 40%]  (Warmup)
Chain 2: Iteration:  6000 / 20000 [ 30%]  (Warmup)
Chain 3: Iteration: 10000 / 20000 [ 50%]  (Warmup)
Chain 3: Iteration: 10001 / 20000 [ 50%]  (Sampling)
Chain 1: Iteration:  8000 / 20000 [ 40%]  (Warmup)
Chain 3: Iteration: 12000 / 20000 [ 60%]  (Sampling)
Chain 2: Iteration:  8000 / 20000 [ 40%]  (Warmup)
Chain 3: Iteration: 14000 / 20000 [ 70%]  (Sampling)
Chain 1: Iteration: 10000 / 20000 [ 50%]  (Warmup)
Chain 1: Iteration: 10001 / 20000 [ 50%]  (Sampling)
Chain 3: Iteration: 16000 / 20000 [ 80%]  (Sampling)
Chain 3: Iteration: 18000 / 20000 [ 90%]  (Sampling)
Chain 1: Iteration: 12000 / 20000 [ 60%]  (Sampling)
Chain 2: Iteration: 10000 / 20000 [ 50%]  (Warmup)
Chain 2: Iteration: 10001 / 20000 [ 50%]  (Sampling)
Chain 3: Iteration: 20000 / 20000 [100%]  (Sampling)
Chain 3: 
Chain 3:  Elapsed Time: 65382.5 seconds (Warm-up)
Chain 3:                57074.9 seconds (Sampling)
Chain 3:                122457 seconds (Total)
Chain 3: 
Chain 1: Iteration: 14000 / 20000 [ 70%]  (Sampling)
Chain 2: Iteration: 12000 / 20000 [ 60%]  (Sampling)
Chain 1: Iteration: 16000 / 20000 [ 80%]  (Sampling)
Chain 2: Iteration: 14000 / 20000 [ 70%]  (Sampling)
Chain 1: Iteration: 18000 / 20000 [ 90%]  (Sampling)
Chain 2: Iteration: 16000 / 20000 [ 80%]  (Sampling)
Chain 1: Iteration: 20000 / 20000 [100%]  (Sampling)
Chain 1: 
Chain 1:  Elapsed Time: 97879.5 seconds (Warm-up)
Chain 1:                62734 seconds (Sampling)
Chain 1:                160614 seconds (Total)
Chain 1: 
Chain 2: Iteration: 18000 / 20000 [ 90%]  (Sampling)
Chain 2: Iteration: 20000 / 20000 [100%]  (Sampling)
Chain 2: 
Chain 2:  Elapsed Time: 115288 seconds (Warm-up)
Chain 2:                58223.5 seconds (Sampling)
Chain 2:                173511 seconds (Total)
Chain 2: 
