[1] "2"
 # of (max) trials per subject =  144 

[1] 0.250 0.750 0.375 0.500 0.675 0.125

SAMPLING FOR MODEL 'NonCentered_GenBeta_Linear_Social_RewSens_multi' NOW (CHAIN 1).

SAMPLING FOR MODEL 'NonCentered_GenBeta_Linear_Social_RewSens_multi' NOW (CHAIN 2).

SAMPLING FOR MODEL 'NonCentered_GenBeta_Linear_Social_RewSens_multi' NOW (CHAIN 3).
Chain 2: 
Chain 2: Gradient evaluation took 0.159936 seconds
Chain 2: 1000 transitions using 10 leapfrog steps per transition would take 1599.36 seconds.
Chain 2: Adjust your expectations accordingly!
Chain 2: 
Chain 2: 
Chain 3: Chain 
1Chain : 3
: Chain Gradient evaluation took 0.221731 seconds1
: Chain Gradient evaluation took 0.221448 seconds3
: Chain 1000 transitions using 10 leapfrog steps per transition would take 2217.31 seconds.1
: Chain 1000 transitions using 10 leapfrog steps per transition would take 2214.48 seconds.3
: Chain Adjust your expectations accordingly!1
: Chain Adjust your expectations accordingly!3
: Chain 
1Chain : 3
: Chain 
1: 
Chain 2: Iteration:     1 / 20000 [  0%]  (Warmup)
Chain 3: Iteration:     1 / 20000 [  0%]  (Warmup)
Chain 1: Iteration:     1 / 20000 [  0%]  (Warmup)
Chain 1: Iteration:  2000 / 20000 [ 10%]  (Warmup)
Chain 3: Iteration:  2000 / 20000 [ 10%]  (Warmup)
Chain 2: Iteration:  2000 / 20000 [ 10%]  (Warmup)
Chain 1: Iteration:  4000 / 20000 [ 20%]  (Warmup)
Chain 3: Iteration:  4000 / 20000 [ 20%]  (Warmup)
Chain 1: Iteration:  6000 / 20000 [ 30%]  (Warmup)
Chain 2: Iteration:  4000 / 20000 [ 20%]  (Warmup)
Chain 3: Iteration:  6000 / 20000 [ 30%]  (Warmup)
Chain 1: Iteration:  8000 / 20000 [ 40%]  (Warmup)
Chain 2: Iteration:  6000 / 20000 [ 30%]  (Warmup)
Chain 1: Iteration: 10000 / 20000 [ 50%]  (Warmup)
Chain 1: Iteration: 10001 / 20000 [ 50%]  (Sampling)
Chain 3: Iteration:  8000 / 20000 [ 40%]  (Warmup)
Chain 1: Iteration: 12000 / 20000 [ 60%]  (Sampling)
